[ERROR] 2025-12-11 16:36:08,998 log: Internal Server Error: /register/
Traceback (most recent call last):
  File "C:\Users\Andrei\Desktop\DJANGO\venv\Lib\site-packages\django\core\handlers\exception.py", line 55, in inner
    response = get_response(request)
  File "C:\Users\Andrei\Desktop\DJANGO\venv\Lib\site-packages\django\core\handlers\base.py", line 197, in _get_response
    response = wrapped_callback(request, *callback_args, **callback_kwargs)
  File "C:\Users\Andrei\Desktop\DJANGO\ProiectDjango\aplicatie\views.py", line 787, in register_view
    logger.info(f"INFO: Cont nou creat pentru utilizatorul {user.username}.")
                                                            ^^^^
UnboundLocalError: cannot access local variable 'user' where it is not associated with a value
[ERROR] 2025-12-11 16:36:09,004 basehttp: "GET /register/ HTTP/1.1" 500 71293
[ERROR] 2025-12-11 16:36:16,159 log: Internal Server Error: /register/
Traceback (most recent call last):
  File "C:\Users\Andrei\Desktop\DJANGO\venv\Lib\site-packages\django\core\handlers\exception.py", line 55, in inner
    response = get_response(request)
  File "C:\Users\Andrei\Desktop\DJANGO\venv\Lib\site-packages\django\core\handlers\base.py", line 197, in _get_response
    response = wrapped_callback(request, *callback_args, **callback_kwargs)
  File "C:\Users\Andrei\Desktop\DJANGO\ProiectDjango\aplicatie\views.py", line 787, in register_view
    logger.info(f"INFO: Cont nou creat pentru utilizatorul {user.username}.")
                                                            ^^^^
UnboundLocalError: cannot access local variable 'user' where it is not associated with a value
[ERROR] 2025-12-11 16:36:16,162 basehttp: "GET /register/ HTTP/1.1" 500 71399
[ERROR] 2025-12-11 16:36:25,043 log: Internal Server Error: /register/
Traceback (most recent call last):
  File "C:\Users\Andrei\Desktop\DJANGO\venv\Lib\site-packages\django\core\handlers\exception.py", line 55, in inner
    response = get_response(request)
  File "C:\Users\Andrei\Desktop\DJANGO\venv\Lib\site-packages\django\core\handlers\base.py", line 197, in _get_response
    response = wrapped_callback(request, *callback_args, **callback_kwargs)
  File "C:\Users\Andrei\Desktop\DJANGO\ProiectDjango\aplicatie\views.py", line 787, in register_view
    logger.info(f"INFO: Cont nou creat pentru utilizatorul {user.username}.")
                                                            ^^^^
UnboundLocalError: cannot access local variable 'user' where it is not associated with a value
[ERROR] 2025-12-11 16:36:25,047 basehttp: "GET /register/ HTTP/1.1" 500 71399
[ERROR] 2025-12-11 16:38:52,954 log: Internal Server Error: /register/
Traceback (most recent call last):
  File "C:\Users\Andrei\Desktop\DJANGO\venv\Lib\site-packages\django\core\handlers\exception.py", line 55, in inner
    response = get_response(request)
  File "C:\Users\Andrei\Desktop\DJANGO\venv\Lib\site-packages\django\core\handlers\base.py", line 197, in _get_response
    response = wrapped_callback(request, *callback_args, **callback_kwargs)
  File "C:\Users\Andrei\Desktop\DJANGO\ProiectDjango\aplicatie\views.py", line 787, in register_view
    logger.info(f"INFO: Cont nou creat pentru utilizatorul {user.username}.")
                                                            ^^^^
UnboundLocalError: cannot access local variable 'user' where it is not associated with a value
[ERROR] 2025-12-11 16:38:52,957 basehttp: "GET /register/ HTTP/1.1" 500 71290
[ERROR] 2025-12-11 17:13:23,129 log: Internal Server Error: /login/
Traceback (most recent call last):
  File "C:\Users\Andrei\Desktop\DJANGO\venv\Lib\site-packages\django\core\handlers\exception.py", line 55, in inner
    response = get_response(request)
  File "C:\Users\Andrei\Desktop\DJANGO\venv\Lib\site-packages\django\core\handlers\base.py", line 197, in _get_response
    response = wrapped_callback(request, *callback_args, **callback_kwargs)
  File "C:\Users\Andrei\Desktop\DJANGO\ProiectDjango\aplicatie\views.py", line 655, in login_view
    logger.info(f"INFO: Utilizatorul {user.username} s-a autentificat cu succes.")
                                      ^^^^
UnboundLocalError: cannot access local variable 'user' where it is not associated with a value
[ERROR] 2025-12-11 17:13:23,133 basehttp: "GET /login/ HTTP/1.1" 500 71533
[ERROR] 2025-12-16 11:43:52,666 log: Internal Server Error: /interzis/
Traceback (most recent call last):
  File "C:\Users\Andrei\Desktop\DJANGO\venv\Lib\site-packages\django\core\handlers\exception.py", line 55, in inner
    response = get_response(request)
  File "C:\Users\Andrei\Desktop\DJANGO\venv\Lib\site-packages\django\core\handlers\base.py", line 197, in _get_response
    response = wrapped_callback(request, *callback_args, **callback_kwargs)
  File "C:\Users\Andrei\Desktop\DJANGO\ProiectDjango\aplicatie\views.py", line 966, in pagina_interzisa
    render(request, '403.html', context)
    ~~~~~~^^^^^^^^^^^^^^^^^^^^^^^^^^^^^^
  File "C:\Users\Andrei\Desktop\DJANGO\venv\Lib\site-packages\django\shortcuts.py", line 25, in render
    content = loader.render_to_string(template_name, context, request, using=using)
  File "C:\Users\Andrei\Desktop\DJANGO\venv\Lib\site-packages\django\template\loader.py", line 61, in render_to_string
    template = get_template(template_name, using=using)
  File "C:\Users\Andrei\Desktop\DJANGO\venv\Lib\site-packages\django\template\loader.py", line 19, in get_template
    raise TemplateDoesNotExist(template_name, chain=chain)
django.template.exceptions.TemplateDoesNotExist: 403.html
[ERROR] 2025-12-16 11:43:52,681 basehttp: "GET /interzis/ HTTP/1.1" 500 86290
[ERROR] 2025-12-16 12:15:18,882 log: Internal Server Error: /
Traceback (most recent call last):
  File "C:\Users\Andrei\Desktop\DJANGO\venv\Lib\site-packages\django\template\smartif.py", line 180, in translate_token
    op = OPERATORS[token]
         ~~~~~~~~~^^^^^^^
KeyError: 'user.groups.filter(name="Administratori_site").exists'

During handling of the above exception, another exception occurred:

Traceback (most recent call last):
  File "C:\Users\Andrei\Desktop\DJANGO\venv\Lib\site-packages\django\core\handlers\exception.py", line 55, in inner
    response = get_response(request)
  File "C:\Users\Andrei\Desktop\DJANGO\venv\Lib\site-packages\django\core\handlers\base.py", line 197, in _get_response
    response = wrapped_callback(request, *callback_args, **callback_kwargs)
  File "C:\Users\Andrei\Desktop\DJANGO\ProiectDjango\aplicatie\views.py", line 85, in index
    return render(request, 'aplicatie/index.html', {'ip_utilizator': ip})
  File "C:\Users\Andrei\Desktop\DJANGO\venv\Lib\site-packages\django\shortcuts.py", line 25, in render
    content = loader.render_to_string(template_name, context, request, using=using)
  File "C:\Users\Andrei\Desktop\DJANGO\venv\Lib\site-packages\django\template\loader.py", line 62, in render_to_string
    return template.render(context, request)
           ~~~~~~~~~~~~~~~^^^^^^^^^^^^^^^^^^
  File "C:\Users\Andrei\Desktop\DJANGO\venv\Lib\site-packages\django\template\backends\django.py", line 107, in render
    return self.template.render(context)
           ~~~~~~~~~~~~~~~~~~~~^^^^^^^^^
  File "C:\Users\Andrei\Desktop\DJANGO\venv\Lib\site-packages\django\template\base.py", line 171, in render
    return self._render(context)
           ~~~~~~~~~~~~^^^^^^^^^
  File "C:\Users\Andrei\Desktop\DJANGO\venv\Lib\site-packages\django\template\base.py", line 163, in _render
    return self.nodelist.render(context)
           ~~~~~~~~~~~~~~~~~~~~^^^^^^^^^
  File "C:\Users\Andrei\Desktop\DJANGO\venv\Lib\site-packages\django\template\base.py", line 1016, in render
    return SafeString("".join([node.render_annotated(context) for node in self]))
                               ~~~~~~~~~~~~~~~~~~~~~^^^^^^^^^
  File "C:\Users\Andrei\Desktop\DJANGO\venv\Lib\site-packages\django\template\base.py", line 977, in render_annotated
    return self.render(context)
           ~~~~~~~~~~~^^^^^^^^^
  File "C:\Users\Andrei\Desktop\DJANGO\venv\Lib\site-packages\django\template\loader_tags.py", line 134, in render
    compiled_parent = self.get_parent(context)
  File "C:\Users\Andrei\Desktop\DJANGO\venv\Lib\site-packages\django\template\loader_tags.py", line 131, in get_parent
    return self.find_template(parent, context)
           ~~~~~~~~~~~~~~~~~~^^^^^^^^^^^^^^^^^
  File "C:\Users\Andrei\Desktop\DJANGO\venv\Lib\site-packages\django\template\loader_tags.py", line 109, in find_template
    template, origin = context.template.engine.find_template(
                       ~~~~~~~~~~~~~~~~~~~~~~~~~~~~~~~~~~~~~^
        template_name,
        ^^^^^^^^^^^^^^
        skip=history,
        ^^^^^^^^^^^^^
    )
    ^
  File "C:\Users\Andrei\Desktop\DJANGO\venv\Lib\site-packages\django\template\engine.py", line 159, in find_template
    template = loader.get_template(name, skip=skip)
  File "C:\Users\Andrei\Desktop\DJANGO\venv\Lib\site-packages\django\template\loaders\cached.py", line 57, in get_template
    template = super().get_template(template_name, skip)
  File "C:\Users\Andrei\Desktop\DJANGO\venv\Lib\site-packages\django\template\loaders\base.py", line 28, in get_template
    return Template(
        contents,
    ...<2 lines>...
        self.engine,
    )
  File "C:\Users\Andrei\Desktop\DJANGO\venv\Lib\site-packages\django\template\base.py", line 154, in __init__
    self.nodelist = self.compile_nodelist()
                    ~~~~~~~~~~~~~~~~~~~~~^^
  File "C:\Users\Andrei\Desktop\DJANGO\venv\Lib\site-packages\django\template\base.py", line 196, in compile_nodelist
    nodelist = parser.parse()
  File "C:\Users\Andrei\Desktop\DJANGO\venv\Lib\site-packages\django\template\base.py", line 518, in parse
    raise self.error(token, e)
  File "C:\Users\Andrei\Desktop\DJANGO\venv\Lib\site-packages\django\template\base.py", line 516, in parse
    compiled_result = compile_func(self, token)
  File "C:\Users\Andrei\Desktop\DJANGO\venv\Lib\site-packages\django\template\defaulttags.py", line 962, in do_if
    nodelist = parser.parse(("elif", "else", "endif"))
  File "C:\Users\Andrei\Desktop\DJANGO\venv\Lib\site-packages\django\template\base.py", line 518, in parse
    raise self.error(token, e)
  File "C:\Users\Andrei\Desktop\DJANGO\venv\Lib\site-packages\django\template\base.py", line 516, in parse
    compiled_result = compile_func(self, token)
  File "C:\Users\Andrei\Desktop\DJANGO\venv\Lib\site-packages\django\template\defaulttags.py", line 961, in do_if
    condition = TemplateIfParser(parser, bits).parse()
                ~~~~~~~~~~~~~~~~^^^^^^^^^^^^^^
  File "C:\Users\Andrei\Desktop\DJANGO\venv\Lib\site-packages\django\template\defaulttags.py", line 894, in __init__
    super().__init__(*args, **kwargs)
    ~~~~~~~~~~~~~~~~^^^^^^^^^^^^^^^^^
  File "C:\Users\Andrei\Desktop\DJANGO\venv\Lib\site-packages\django\template\smartif.py", line 171, in __init__
    mapped_tokens.append(self.translate_token(token))
                         ~~~~~~~~~~~~~~~~~~~~^^^^^^^
  File "C:\Users\Andrei\Desktop\DJANGO\venv\Lib\site-packages\django\template\smartif.py", line 182, in translate_token
    return self.create_var(token)
           ~~~~~~~~~~~~~~~^^^^^^^
  File "C:\Users\Andrei\Desktop\DJANGO\venv\Lib\site-packages\django\template\defaulttags.py", line 897, in create_var
    return TemplateLiteral(self.template_parser.compile_filter(value), value)
                           ~~~~~~~~~~~~~~~~~~~~~~~~~~~~~~~~~~~^^^^^^^
  File "C:\Users\Andrei\Desktop\DJANGO\venv\Lib\site-packages\django\template\base.py", line 609, in compile_filter
    return FilterExpression(token, self)
  File "C:\Users\Andrei\Desktop\DJANGO\venv\Lib\site-packages\django\template\base.py", line 710, in __init__
    raise TemplateSyntaxError(
    ...<2 lines>...
    )
django.template.exceptions.TemplateSyntaxError: Could not parse the remainder: '(name="Administratori_site").exists' from 'user.groups.filter(name="Administratori_site").exists'
[ERROR] 2025-12-16 12:15:18,896 basehttp: "GET / HTTP/1.1" 500 250959
[ERROR] 2025-12-27 12:08:54,238 log: Internal Server Error: /oferta/
Traceback (most recent call last):
  File "C:\Users\Andrei\Desktop\DJANGO\venv\Lib\site-packages\django\core\handlers\exception.py", line 55, in inner
    response = get_response(request)
  File "C:\Users\Andrei\Desktop\DJANGO\venv\Lib\site-packages\django\core\handlers\base.py", line 197, in _get_response
    response = wrapped_callback(request, *callback_args, **callback_kwargs)
  File "C:\Users\Andrei\Desktop\DJANGO\venv\Lib\site-packages\django\contrib\auth\decorators.py", line 59, in _view_wrapper
    return view_func(request, *args, **kwargs)
  File "C:\Users\Andrei\Desktop\DJANGO\ProiectDjango\aplicatie\views.py", line 1003, in oferta
    render(
    ~~~~~~^
        request,
        ^^^^^^^^
    ...<4 lines>...
        },
        ^^
    )
    ^
  File "C:\Users\Andrei\Desktop\DJANGO\venv\Lib\site-packages\django\shortcuts.py", line 25, in render
    content = loader.render_to_string(template_name, context, request, using=using)
  File "C:\Users\Andrei\Desktop\DJANGO\venv\Lib\site-packages\django\template\loader.py", line 61, in render_to_string
    template = get_template(template_name, using=using)
  File "C:\Users\Andrei\Desktop\DJANGO\venv\Lib\site-packages\django\template\loader.py", line 19, in get_template
    raise TemplateDoesNotExist(template_name, chain=chain)
django.template.exceptions.TemplateDoesNotExist: 403.html
[ERROR] 2025-12-27 12:08:54,254 basehttp: "GET /oferta/ HTTP/1.1" 500 91338
[ERROR] 2025-12-27 12:48:55,204 log: Internal Server Error: /logout/
Traceback (most recent call last):
  File "C:\Users\Andrei\Desktop\DJANGO\venv\Lib\site-packages\django\core\handlers\exception.py", line 55, in inner
    response = get_response(request)
  File "C:\Users\Andrei\Desktop\DJANGO\venv\Lib\site-packages\django\core\handlers\base.py", line 197, in _get_response
    response = wrapped_callback(request, *callback_args, **callback_kwargs)
  File "C:\Users\Andrei\Desktop\DJANGO\venv\Lib\site-packages\django\contrib\auth\decorators.py", line 59, in _view_wrapper
    return view_func(request, *args, **kwargs)
  File "C:\Users\Andrei\Desktop\DJANGO\ProiectDjango\aplicatie\views.py", line 1021, in logout_view
    perm = Permission.objects.get(codename="vizualizeaza_oferta")
  File "C:\Users\Andrei\Desktop\DJANGO\venv\Lib\site-packages\django\db\models\manager.py", line 87, in manager_method
    return getattr(self.get_queryset(), name)(*args, **kwargs)
           ~~~~~~~~~~~~~~~~~~~~~~~~~~~~~~~~~~^^^^^^^^^^^^^^^^^
  File "C:\Users\Andrei\Desktop\DJANGO\venv\Lib\site-packages\django\db\models\query.py", line 636, in get
    raise self.model.MultipleObjectsReturned(
    ...<5 lines>...
    )
django.contrib.auth.models.Permission.MultipleObjectsReturned: get() returned more than one Permission -- it returned 2!
[ERROR] 2025-12-27 12:48:55,209 basehttp: "GET /logout/ HTTP/1.1" 500 86230
[ERROR] 2025-12-27 12:49:04,711 log: Internal Server Error: /logout/
Traceback (most recent call last):
  File "C:\Users\Andrei\Desktop\DJANGO\venv\Lib\site-packages\django\core\handlers\exception.py", line 55, in inner
    response = get_response(request)
  File "C:\Users\Andrei\Desktop\DJANGO\venv\Lib\site-packages\django\core\handlers\base.py", line 197, in _get_response
    response = wrapped_callback(request, *callback_args, **callback_kwargs)
  File "C:\Users\Andrei\Desktop\DJANGO\venv\Lib\site-packages\django\contrib\auth\decorators.py", line 59, in _view_wrapper
    return view_func(request, *args, **kwargs)
  File "C:\Users\Andrei\Desktop\DJANGO\ProiectDjango\aplicatie\views.py", line 1021, in logout_view
    perm = Permission.objects.get(codename="vizualizeaza_oferta")
  File "C:\Users\Andrei\Desktop\DJANGO\venv\Lib\site-packages\django\db\models\manager.py", line 87, in manager_method
    return getattr(self.get_queryset(), name)(*args, **kwargs)
           ~~~~~~~~~~~~~~~~~~~~~~~~~~~~~~~~~~^^^^^^^^^^^^^^^^^
  File "C:\Users\Andrei\Desktop\DJANGO\venv\Lib\site-packages\django\db\models\query.py", line 636, in get
    raise self.model.MultipleObjectsReturned(
    ...<5 lines>...
    )
django.contrib.auth.models.Permission.MultipleObjectsReturned: get() returned more than one Permission -- it returned 2!
[ERROR] 2025-12-27 12:49:04,717 basehttp: "GET /logout/ HTTP/1.1" 500 86367
[ERROR] 2025-12-27 12:49:17,339 log: Internal Server Error: /logout/
Traceback (most recent call last):
  File "C:\Users\Andrei\Desktop\DJANGO\venv\Lib\site-packages\django\core\handlers\exception.py", line 55, in inner
    response = get_response(request)
  File "C:\Users\Andrei\Desktop\DJANGO\venv\Lib\site-packages\django\core\handlers\base.py", line 197, in _get_response
    response = wrapped_callback(request, *callback_args, **callback_kwargs)
  File "C:\Users\Andrei\Desktop\DJANGO\venv\Lib\site-packages\django\contrib\auth\decorators.py", line 59, in _view_wrapper
    return view_func(request, *args, **kwargs)
  File "C:\Users\Andrei\Desktop\DJANGO\ProiectDjango\aplicatie\views.py", line 1021, in logout_view
    perm = Permission.objects.get(codename="vizualizeaza_oferta")
  File "C:\Users\Andrei\Desktop\DJANGO\venv\Lib\site-packages\django\db\models\manager.py", line 87, in manager_method
    return getattr(self.get_queryset(), name)(*args, **kwargs)
           ~~~~~~~~~~~~~~~~~~~~~~~~~~~~~~~~~~^^^^^^^^^^^^^^^^^
  File "C:\Users\Andrei\Desktop\DJANGO\venv\Lib\site-packages\django\db\models\query.py", line 636, in get
    raise self.model.MultipleObjectsReturned(
    ...<5 lines>...
    )
django.contrib.auth.models.Permission.MultipleObjectsReturned: get() returned more than one Permission -- it returned 2!
[ERROR] 2025-12-27 12:49:17,343 basehttp: "GET /logout/ HTTP/1.1" 500 86230
[ERROR] 2025-12-27 12:52:26,568 log: Internal Server Error: /logout/
Traceback (most recent call last):
  File "C:\Users\Andrei\Desktop\DJANGO\venv\Lib\site-packages\django\core\handlers\exception.py", line 55, in inner
    response = get_response(request)
  File "C:\Users\Andrei\Desktop\DJANGO\venv\Lib\site-packages\django\core\handlers\base.py", line 197, in _get_response
    response = wrapped_callback(request, *callback_args, **callback_kwargs)
  File "C:\Users\Andrei\Desktop\DJANGO\venv\Lib\site-packages\django\contrib\auth\decorators.py", line 59, in _view_wrapper
    return view_func(request, *args, **kwargs)
  File "C:\Users\Andrei\Desktop\DJANGO\ProiectDjango\aplicatie\views.py", line 1021, in logout_view
    perm = Permission.objects.get(codename="vizualizeaza_oferta")
  File "C:\Users\Andrei\Desktop\DJANGO\venv\Lib\site-packages\django\db\models\manager.py", line 87, in manager_method
    return getattr(self.get_queryset(), name)(*args, **kwargs)
           ~~~~~~~~~~~~~~~~~~~~~~~~~~~~~~~~~~^^^^^^^^^^^^^^^^^
  File "C:\Users\Andrei\Desktop\DJANGO\venv\Lib\site-packages\django\db\models\query.py", line 636, in get
    raise self.model.MultipleObjectsReturned(
    ...<5 lines>...
    )
django.contrib.auth.models.Permission.MultipleObjectsReturned: get() returned more than one Permission -- it returned 2!
[ERROR] 2025-12-27 12:52:26,575 basehttp: "GET /logout/ HTTP/1.1" 500 86230
[ERROR] 2025-12-27 14:01:38,470 log: Internal Server Error: /sitemap.xml
Traceback (most recent call last):
  File "C:\Users\Andrei\Desktop\DJANGO\venv\Lib\site-packages\django\db\backends\utils.py", line 105, in _execute
    return self.cursor.execute(sql, params)
           ~~~~~~~~~~~~~~~~~~~^^^^^^^^^^^^^
  File "C:\Users\Andrei\Desktop\DJANGO\venv\Lib\site-packages\psycopg\cursor.py", line 97, in execute
    raise ex.with_traceback(None)
psycopg.errors.UndefinedTable: relation "django_site" does not exist
LINE 1: ..."django_site"."domain", "django_site"."name" FROM "django_si...
                                                             ^

The above exception was the direct cause of the following exception:

Traceback (most recent call last):
  File "C:\Users\Andrei\Desktop\DJANGO\venv\Lib\site-packages\django\core\handlers\exception.py", line 55, in inner
    response = get_response(request)
  File "C:\Users\Andrei\Desktop\DJANGO\venv\Lib\site-packages\django\core\handlers\base.py", line 197, in _get_response
    response = wrapped_callback(request, *callback_args, **callback_kwargs)
  File "C:\Users\Andrei\Desktop\DJANGO\venv\Lib\site-packages\django\contrib\sitemaps\views.py", line 23, in inner
    response = func(request, *args, **kwargs)
  File "C:\Users\Andrei\Desktop\DJANGO\venv\Lib\site-packages\django\contrib\sitemaps\views.py", line 100, in sitemap
    req_site = get_current_site(request)
  File "C:\Users\Andrei\Desktop\DJANGO\venv\Lib\site-packages\django\contrib\sites\shortcuts.py", line 16, in get_current_site
    return Site.objects.get_current(request)
           ~~~~~~~~~~~~~~~~~~~~~~~~^^^^^^^^^
  File "C:\Users\Andrei\Desktop\DJANGO\venv\Lib\site-packages\django\contrib\sites\models.py", line 59, in get_current
    return self._get_site_by_id(site_id)
           ~~~~~~~~~~~~~~~~~~~~^^^^^^^^^
  File "C:\Users\Andrei\Desktop\DJANGO\venv\Lib\site-packages\django\contrib\sites\models.py", line 30, in _get_site_by_id
    site = self.get(pk=site_id)
  File "C:\Users\Andrei\Desktop\DJANGO\venv\Lib\site-packages\django\db\models\manager.py", line 87, in manager_method
    return getattr(self.get_queryset(), name)(*args, **kwargs)
           ~~~~~~~~~~~~~~~~~~~~~~~~~~~~~~~~~~^^^^^^^^^^^^^^^^^
  File "C:\Users\Andrei\Desktop\DJANGO\venv\Lib\site-packages\django\db\models\query.py", line 629, in get
    num = len(clone)
  File "C:\Users\Andrei\Desktop\DJANGO\venv\Lib\site-packages\django\db\models\query.py", line 366, in __len__
    self._fetch_all()
    ~~~~~~~~~~~~~~~^^
  File "C:\Users\Andrei\Desktop\DJANGO\venv\Lib\site-packages\django\db\models\query.py", line 1949, in _fetch_all
    self._result_cache = list(self._iterable_class(self))
                         ~~~~^^^^^^^^^^^^^^^^^^^^^^^^^^^^
  File "C:\Users\Andrei\Desktop\DJANGO\venv\Lib\site-packages\django\db\models\query.py", line 91, in __iter__
    results = compiler.execute_sql(
        chunked_fetch=self.chunked_fetch, chunk_size=self.chunk_size
    )
  File "C:\Users\Andrei\Desktop\DJANGO\venv\Lib\site-packages\django\db\models\sql\compiler.py", line 1623, in execute_sql
    cursor.execute(sql, params)
    ~~~~~~~~~~~~~~^^^^^^^^^^^^^
  File "C:\Users\Andrei\Desktop\DJANGO\venv\Lib\site-packages\django\db\backends\utils.py", line 122, in execute
    return super().execute(sql, params)
           ~~~~~~~~~~~~~~~^^^^^^^^^^^^^
  File "C:\Users\Andrei\Desktop\DJANGO\venv\Lib\site-packages\django\db\backends\utils.py", line 79, in execute
    return self._execute_with_wrappers(
           ~~~~~~~~~~~~~~~~~~~~~~~~~~~^
        sql, params, many=False, executor=self._execute
        ^^^^^^^^^^^^^^^^^^^^^^^^^^^^^^^^^^^^^^^^^^^^^^^
    )
    ^
  File "C:\Users\Andrei\Desktop\DJANGO\venv\Lib\site-packages\django\db\backends\utils.py", line 92, in _execute_with_wrappers
    return executor(sql, params, many, context)
  File "C:\Users\Andrei\Desktop\DJANGO\venv\Lib\site-packages\django\db\backends\utils.py", line 100, in _execute
    with self.db.wrap_database_errors:
         ^^^^^^^^^^^^^^^^^^^^^^^^^^^^
  File "C:\Users\Andrei\Desktop\DJANGO\venv\Lib\site-packages\django\db\utils.py", line 91, in __exit__
    raise dj_exc_value.with_traceback(traceback) from exc_value
  File "C:\Users\Andrei\Desktop\DJANGO\venv\Lib\site-packages\django\db\backends\utils.py", line 105, in _execute
    return self.cursor.execute(sql, params)
           ~~~~~~~~~~~~~~~~~~~^^^^^^^^^^^^^
  File "C:\Users\Andrei\Desktop\DJANGO\venv\Lib\site-packages\psycopg\cursor.py", line 97, in execute
    raise ex.with_traceback(None)
django.db.utils.ProgrammingError: relation "django_site" does not exist
LINE 1: ..."django_site"."domain", "django_site"."name" FROM "django_si...
                                                             ^
[ERROR] 2025-12-27 14:01:38,482 basehttp: "GET /sitemap.xml HTTP/1.1" 500 160235
[ERROR] 2025-12-27 14:02:51,133 log: Internal Server Error: /sitemap.xml
Traceback (most recent call last):
  File "C:\Users\Andrei\Desktop\DJANGO\venv\Lib\site-packages\django\db\backends\utils.py", line 105, in _execute
    return self.cursor.execute(sql, params)
           ~~~~~~~~~~~~~~~~~~~^^^^^^^^^^^^^
  File "C:\Users\Andrei\Desktop\DJANGO\venv\Lib\site-packages\psycopg\cursor.py", line 97, in execute
    raise ex.with_traceback(None)
psycopg.errors.UndefinedTable: relation "django_site" does not exist
LINE 1: ..."django_site"."domain", "django_site"."name" FROM "django_si...
                                                             ^

The above exception was the direct cause of the following exception:

Traceback (most recent call last):
  File "C:\Users\Andrei\Desktop\DJANGO\venv\Lib\site-packages\django\core\handlers\exception.py", line 55, in inner
    response = get_response(request)
  File "C:\Users\Andrei\Desktop\DJANGO\venv\Lib\site-packages\django\core\handlers\base.py", line 197, in _get_response
    response = wrapped_callback(request, *callback_args, **callback_kwargs)
  File "C:\Users\Andrei\Desktop\DJANGO\venv\Lib\site-packages\django\contrib\sitemaps\views.py", line 23, in inner
    response = func(request, *args, **kwargs)
  File "C:\Users\Andrei\Desktop\DJANGO\venv\Lib\site-packages\django\contrib\sitemaps\views.py", line 100, in sitemap
    req_site = get_current_site(request)
  File "C:\Users\Andrei\Desktop\DJANGO\venv\Lib\site-packages\django\contrib\sites\shortcuts.py", line 16, in get_current_site
    return Site.objects.get_current(request)
           ~~~~~~~~~~~~~~~~~~~~~~~~^^^^^^^^^
  File "C:\Users\Andrei\Desktop\DJANGO\venv\Lib\site-packages\django\contrib\sites\models.py", line 59, in get_current
    return self._get_site_by_id(site_id)
           ~~~~~~~~~~~~~~~~~~~~^^^^^^^^^
  File "C:\Users\Andrei\Desktop\DJANGO\venv\Lib\site-packages\django\contrib\sites\models.py", line 30, in _get_site_by_id
    site = self.get(pk=site_id)
  File "C:\Users\Andrei\Desktop\DJANGO\venv\Lib\site-packages\django\db\models\manager.py", line 87, in manager_method
    return getattr(self.get_queryset(), name)(*args, **kwargs)
           ~~~~~~~~~~~~~~~~~~~~~~~~~~~~~~~~~~^^^^^^^^^^^^^^^^^
  File "C:\Users\Andrei\Desktop\DJANGO\venv\Lib\site-packages\django\db\models\query.py", line 629, in get
    num = len(clone)
  File "C:\Users\Andrei\Desktop\DJANGO\venv\Lib\site-packages\django\db\models\query.py", line 366, in __len__
    self._fetch_all()
    ~~~~~~~~~~~~~~~^^
  File "C:\Users\Andrei\Desktop\DJANGO\venv\Lib\site-packages\django\db\models\query.py", line 1949, in _fetch_all
    self._result_cache = list(self._iterable_class(self))
                         ~~~~^^^^^^^^^^^^^^^^^^^^^^^^^^^^
  File "C:\Users\Andrei\Desktop\DJANGO\venv\Lib\site-packages\django\db\models\query.py", line 91, in __iter__
    results = compiler.execute_sql(
        chunked_fetch=self.chunked_fetch, chunk_size=self.chunk_size
    )
  File "C:\Users\Andrei\Desktop\DJANGO\venv\Lib\site-packages\django\db\models\sql\compiler.py", line 1623, in execute_sql
    cursor.execute(sql, params)
    ~~~~~~~~~~~~~~^^^^^^^^^^^^^
  File "C:\Users\Andrei\Desktop\DJANGO\venv\Lib\site-packages\django\db\backends\utils.py", line 122, in execute
    return super().execute(sql, params)
           ~~~~~~~~~~~~~~~^^^^^^^^^^^^^
  File "C:\Users\Andrei\Desktop\DJANGO\venv\Lib\site-packages\django\db\backends\utils.py", line 79, in execute
    return self._execute_with_wrappers(
           ~~~~~~~~~~~~~~~~~~~~~~~~~~~^
        sql, params, many=False, executor=self._execute
        ^^^^^^^^^^^^^^^^^^^^^^^^^^^^^^^^^^^^^^^^^^^^^^^
    )
    ^
  File "C:\Users\Andrei\Desktop\DJANGO\venv\Lib\site-packages\django\db\backends\utils.py", line 92, in _execute_with_wrappers
    return executor(sql, params, many, context)
  File "C:\Users\Andrei\Desktop\DJANGO\venv\Lib\site-packages\django\db\backends\utils.py", line 100, in _execute
    with self.db.wrap_database_errors:
         ^^^^^^^^^^^^^^^^^^^^^^^^^^^^
  File "C:\Users\Andrei\Desktop\DJANGO\venv\Lib\site-packages\django\db\utils.py", line 91, in __exit__
    raise dj_exc_value.with_traceback(traceback) from exc_value
  File "C:\Users\Andrei\Desktop\DJANGO\venv\Lib\site-packages\django\db\backends\utils.py", line 105, in _execute
    return self.cursor.execute(sql, params)
           ~~~~~~~~~~~~~~~~~~~^^^^^^^^^^^^^
  File "C:\Users\Andrei\Desktop\DJANGO\venv\Lib\site-packages\psycopg\cursor.py", line 97, in execute
    raise ex.with_traceback(None)
django.db.utils.ProgrammingError: relation "django_site" does not exist
LINE 1: ..."django_site"."domain", "django_site"."name" FROM "django_si...
                                                             ^
[ERROR] 2025-12-27 14:02:51,145 basehttp: "GET /sitemap.xml HTTP/1.1" 500 160235
[ERROR] 2025-12-27 14:06:40,168 log: Internal Server Error: /sitemap.xml
Traceback (most recent call last):
  File "C:\Users\Andrei\Desktop\DJANGO\venv\Lib\site-packages\django\core\handlers\exception.py", line 55, in inner
    response = get_response(request)
  File "C:\Users\Andrei\Desktop\DJANGO\venv\Lib\site-packages\django\core\handlers\base.py", line 197, in _get_response
    response = wrapped_callback(request, *callback_args, **callback_kwargs)
  File "C:\Users\Andrei\Desktop\DJANGO\venv\Lib\site-packages\django\contrib\sitemaps\views.py", line 23, in inner
    response = func(request, *args, **kwargs)
  File "C:\Users\Andrei\Desktop\DJANGO\venv\Lib\site-packages\django\contrib\sitemaps\views.py", line 117, in sitemap
    urls.extend(site.get_urls(page=page, site=req_site, protocol=req_protocol))
                ~~~~~~~~~~~~~^^^^^^^^^^^^^^^^^^^^^^^^^^^^^^^^^^^^^^^^^^^^^^^^^
  File "C:\Users\Andrei\Desktop\DJANGO\venv\Lib\site-packages\django\contrib\sitemaps\__init__.py", line 104, in get_urls
    return self._urls(page, protocol, domain)
           ~~~~~~~~~~^^^^^^^^^^^^^^^^^^^^^^^^
  File "C:\Users\Andrei\Desktop\DJANGO\venv\Lib\site-packages\django\contrib\sitemaps\__init__.py", line 124, in _urls
    loc = f"{protocol}://{domain}{self._location(item)}"
                                  ~~~~~~~~~~~~~~^^^^^^
  File "C:\Users\Andrei\Desktop\DJANGO\venv\Lib\site-packages\django\contrib\sitemaps\__init__.py", line 69, in _location
    return self._get("location", item)
           ~~~~~~~~~^^^^^^^^^^^^^^^^^^
  File "C:\Users\Andrei\Desktop\DJANGO\venv\Lib\site-packages\django\contrib\sitemaps\__init__.py", line 39, in _get
    return attr(item)
  File "C:\Users\Andrei\Desktop\DJANGO\ProiectDjango\aplicatie\sitemaps.py", line 23, in location
    return reverse(item)
  File "C:\Users\Andrei\Desktop\DJANGO\venv\Lib\site-packages\django\urls\base.py", line 98, in reverse
    resolved_url = resolver._reverse_with_prefix(view, prefix, *args, **kwargs)
  File "C:\Users\Andrei\Desktop\DJANGO\venv\Lib\site-packages\django\urls\resolvers.py", line 831, in _reverse_with_prefix
    raise NoReverseMatch(msg)
django.urls.exceptions.NoReverseMatch: Reverse for 'home' not found. 'home' is not a valid view function or pattern name.
[ERROR] 2025-12-27 14:06:40,174 basehttp: "GET /sitemap.xml HTTP/1.1" 500 116594
[ERROR] 2025-12-27 14:08:00,678 log: Internal Server Error: /sitemap.xml
Traceback (most recent call last):
  File "C:\Users\Andrei\Desktop\DJANGO\venv\Lib\site-packages\django\core\handlers\exception.py", line 55, in inner
    response = get_response(request)
  File "C:\Users\Andrei\Desktop\DJANGO\venv\Lib\site-packages\django\core\handlers\base.py", line 197, in _get_response
    response = wrapped_callback(request, *callback_args, **callback_kwargs)
  File "C:\Users\Andrei\Desktop\DJANGO\venv\Lib\site-packages\django\contrib\sitemaps\views.py", line 23, in inner
    response = func(request, *args, **kwargs)
  File "C:\Users\Andrei\Desktop\DJANGO\venv\Lib\site-packages\django\contrib\sitemaps\views.py", line 117, in sitemap
    urls.extend(site.get_urls(page=page, site=req_site, protocol=req_protocol))
                ~~~~~~~~~~~~~^^^^^^^^^^^^^^^^^^^^^^^^^^^^^^^^^^^^^^^^^^^^^^^^^
  File "C:\Users\Andrei\Desktop\DJANGO\venv\Lib\site-packages\django\contrib\sitemaps\__init__.py", line 104, in get_urls
    return self._urls(page, protocol, domain)
           ~~~~~~~~~~^^^^^^^^^^^^^^^^^^^^^^^^
  File "C:\Users\Andrei\Desktop\DJANGO\venv\Lib\site-packages\django\contrib\sitemaps\__init__.py", line 124, in _urls
    loc = f"{protocol}://{domain}{self._location(item)}"
                                  ~~~~~~~~~~~~~~^^^^^^
  File "C:\Users\Andrei\Desktop\DJANGO\venv\Lib\site-packages\django\contrib\sitemaps\__init__.py", line 69, in _location
    return self._get("location", item)
           ~~~~~~~~~^^^^^^^^^^^^^^^^^^
  File "C:\Users\Andrei\Desktop\DJANGO\venv\Lib\site-packages\django\contrib\sitemaps\__init__.py", line 39, in _get
    return attr(item)
  File "C:\Users\Andrei\Desktop\DJANGO\ProiectDjango\aplicatie\sitemaps.py", line 23, in location
    return reverse(item)
  File "C:\Users\Andrei\Desktop\DJANGO\venv\Lib\site-packages\django\urls\base.py", line 98, in reverse
    resolved_url = resolver._reverse_with_prefix(view, prefix, *args, **kwargs)
  File "C:\Users\Andrei\Desktop\DJANGO\venv\Lib\site-packages\django\urls\resolvers.py", line 831, in _reverse_with_prefix
    raise NoReverseMatch(msg)
django.urls.exceptions.NoReverseMatch: Reverse for 'home' not found. 'home' is not a valid view function or pattern name.
[ERROR] 2025-12-27 14:08:00,685 basehttp: "GET /sitemap.xml HTTP/1.1" 500 116592
[ERROR] 2025-12-28 14:41:43,083 log: Internal Server Error: /admin/aplicatie/produs/2/change/
Traceback (most recent call last):
  File "C:\Users\Andrei\Desktop\DJANGO\venv\Lib\site-packages\django\db\backends\base\base.py", line 303, in _commit
    return self.connection.commit()
           ~~~~~~~~~~~~~~~~~~~~~~^^
  File "C:\Users\Andrei\Desktop\DJANGO\venv\Lib\site-packages\psycopg\connection.py", line 274, in commit
    self.wait(self._commit_gen())
    ~~~~~~~~~^^^^^^^^^^^^^^^^^^^^
  File "C:\Users\Andrei\Desktop\DJANGO\venv\Lib\site-packages\psycopg\connection.py", line 453, in wait
    return waiting.wait(gen, self.pgconn.socket, interval=interval)
           ~~~~~~~~~~~~^^^^^^^^^^^^^^^^^^^^^^^^^^^^^^^^^^^^^^^^^^^^
  File "C:\Users\Andrei\Desktop\DJANGO\venv\Lib\site-packages\psycopg\waiting.py", line 254, in wait_select
    s = gen.send(ready)
  File "C:\Users\Andrei\Desktop\DJANGO\venv\Lib\site-packages\psycopg\_connection_base.py", line 581, in _commit_gen
    yield from self._exec_command(b"COMMIT")
  File "C:\Users\Andrei\Desktop\DJANGO\venv\Lib\site-packages\psycopg\_connection_base.py", line 479, in _exec_command
    raise e.error_from_result(result, encoding=self.pgconn._encoding)
psycopg.errors.ForeignKeyViolation: insert or update on table "django_admin_log" violates foreign key constraint "django_admin_log_user_id_c564eba6_fk_auth_user_id"
DETAIL:  Key (user_id)=(6) is not present in table "auth_user".

The above exception was the direct cause of the following exception:

Traceback (most recent call last):
  File "C:\Users\Andrei\Desktop\DJANGO\venv\Lib\site-packages\django\core\handlers\exception.py", line 55, in inner
    response = get_response(request)
  File "C:\Users\Andrei\Desktop\DJANGO\venv\Lib\site-packages\django\core\handlers\base.py", line 197, in _get_response
    response = wrapped_callback(request, *callback_args, **callback_kwargs)
  File "C:\Users\Andrei\Desktop\DJANGO\venv\Lib\site-packages\django\contrib\admin\options.py", line 719, in wrapper
    return self.admin_site.admin_view(view)(*args, **kwargs)
           ~~~~~~~~~~~~~~~~~~~~~~~~~~~~~~~~^^^^^^^^^^^^^^^^^
  File "C:\Users\Andrei\Desktop\DJANGO\venv\Lib\site-packages\django\utils\decorators.py", line 192, in _view_wrapper
    result = _process_exception(request, e)
  File "C:\Users\Andrei\Desktop\DJANGO\venv\Lib\site-packages\django\utils\decorators.py", line 190, in _view_wrapper
    response = view_func(request, *args, **kwargs)
  File "C:\Users\Andrei\Desktop\DJANGO\venv\Lib\site-packages\django\views\decorators\cache.py", line 80, in _view_wrapper
    response = view_func(request, *args, **kwargs)
  File "C:\Users\Andrei\Desktop\DJANGO\venv\Lib\site-packages\django\contrib\admin\sites.py", line 246, in inner
    return view(request, *args, **kwargs)
  File "C:\Users\Andrei\Desktop\DJANGO\venv\Lib\site-packages\django\contrib\admin\options.py", line 1987, in change_view
    return self.changeform_view(request, object_id, form_url, extra_context)
           ~~~~~~~~~~~~~~~~~~~~^^^^^^^^^^^^^^^^^^^^^^^^^^^^^^^^^^^^^^^^^^^^^
  File "C:\Users\Andrei\Desktop\DJANGO\venv\Lib\site-packages\django\utils\decorators.py", line 48, in _wrapper
    return bound_method(*args, **kwargs)
  File "C:\Users\Andrei\Desktop\DJANGO\venv\Lib\site-packages\django\utils\decorators.py", line 192, in _view_wrapper
    result = _process_exception(request, e)
  File "C:\Users\Andrei\Desktop\DJANGO\venv\Lib\site-packages\django\utils\decorators.py", line 190, in _view_wrapper
    response = view_func(request, *args, **kwargs)
  File "C:\Users\Andrei\Desktop\DJANGO\venv\Lib\site-packages\django\contrib\admin\options.py", line 1842, in changeform_view
    with transaction.atomic(using=router.db_for_write(self.model)):
         ~~~~~~~~~~~~~~~~~~^^^^^^^^^^^^^^^^^^^^^^^^^^^^^^^^^^^^^^^
  File "C:\Users\Andrei\Desktop\DJANGO\venv\Lib\site-packages\django\db\transaction.py", line 263, in __exit__
    connection.commit()
    ~~~~~~~~~~~~~~~~~^^
  File "C:\Users\Andrei\Desktop\DJANGO\venv\Lib\site-packages\django\utils\asyncio.py", line 26, in inner
    return func(*args, **kwargs)
  File "C:\Users\Andrei\Desktop\DJANGO\venv\Lib\site-packages\django\db\backends\base\base.py", line 327, in commit
    self._commit()
    ~~~~~~~~~~~~^^
  File "C:\Users\Andrei\Desktop\DJANGO\venv\Lib\site-packages\django\db\backends\base\base.py", line 302, in _commit
    with debug_transaction(self, "COMMIT"), self.wrap_database_errors:
                                            ^^^^^^^^^^^^^^^^^^^^^^^^^
  File "C:\Users\Andrei\Desktop\DJANGO\venv\Lib\site-packages\django\db\utils.py", line 91, in __exit__
    raise dj_exc_value.with_traceback(traceback) from exc_value
  File "C:\Users\Andrei\Desktop\DJANGO\venv\Lib\site-packages\django\db\backends\base\base.py", line 303, in _commit
    return self.connection.commit()
           ~~~~~~~~~~~~~~~~~~~~~~^^
  File "C:\Users\Andrei\Desktop\DJANGO\venv\Lib\site-packages\psycopg\connection.py", line 274, in commit
    self.wait(self._commit_gen())
    ~~~~~~~~~^^^^^^^^^^^^^^^^^^^^
  File "C:\Users\Andrei\Desktop\DJANGO\venv\Lib\site-packages\psycopg\connection.py", line 453, in wait
    return waiting.wait(gen, self.pgconn.socket, interval=interval)
           ~~~~~~~~~~~~^^^^^^^^^^^^^^^^^^^^^^^^^^^^^^^^^^^^^^^^^^^^
  File "C:\Users\Andrei\Desktop\DJANGO\venv\Lib\site-packages\psycopg\waiting.py", line 254, in wait_select
    s = gen.send(ready)
  File "C:\Users\Andrei\Desktop\DJANGO\venv\Lib\site-packages\psycopg\_connection_base.py", line 581, in _commit_gen
    yield from self._exec_command(b"COMMIT")
  File "C:\Users\Andrei\Desktop\DJANGO\venv\Lib\site-packages\psycopg\_connection_base.py", line 479, in _exec_command
    raise e.error_from_result(result, encoding=self.pgconn._encoding)
django.db.utils.IntegrityError: insert or update on table "django_admin_log" violates foreign key constraint "django_admin_log_user_id_c564eba6_fk_auth_user_id"
DETAIL:  Key (user_id)=(6) is not present in table "auth_user".
[ERROR] 2025-12-28 14:41:43,095 basehttp: "POST /admin/aplicatie/produs/2/change/ HTTP/1.1" 500 195657
[ERROR] 2025-12-28 14:46:32,738 log: Internal Server Error: /admin/aplicatie/produs/2/change/
Traceback (most recent call last):
  File "C:\Users\Andrei\Desktop\DJANGO\venv\Lib\site-packages\django\db\backends\base\base.py", line 303, in _commit
    return self.connection.commit()
           ~~~~~~~~~~~~~~~~~~~~~~^^
  File "C:\Users\Andrei\Desktop\DJANGO\venv\Lib\site-packages\psycopg\connection.py", line 274, in commit
    self.wait(self._commit_gen())
    ~~~~~~~~~^^^^^^^^^^^^^^^^^^^^
  File "C:\Users\Andrei\Desktop\DJANGO\venv\Lib\site-packages\psycopg\connection.py", line 453, in wait
    return waiting.wait(gen, self.pgconn.socket, interval=interval)
           ~~~~~~~~~~~~^^^^^^^^^^^^^^^^^^^^^^^^^^^^^^^^^^^^^^^^^^^^
  File "C:\Users\Andrei\Desktop\DJANGO\venv\Lib\site-packages\psycopg\waiting.py", line 254, in wait_select
    s = gen.send(ready)
  File "C:\Users\Andrei\Desktop\DJANGO\venv\Lib\site-packages\psycopg\_connection_base.py", line 581, in _commit_gen
    yield from self._exec_command(b"COMMIT")
  File "C:\Users\Andrei\Desktop\DJANGO\venv\Lib\site-packages\psycopg\_connection_base.py", line 479, in _exec_command
    raise e.error_from_result(result, encoding=self.pgconn._encoding)
psycopg.errors.ForeignKeyViolation: insert or update on table "django_admin_log" violates foreign key constraint "django_admin_log_user_id_c564eba6_fk_auth_user_id"
DETAIL:  Key (user_id)=(6) is not present in table "auth_user".

The above exception was the direct cause of the following exception:

Traceback (most recent call last):
  File "C:\Users\Andrei\Desktop\DJANGO\venv\Lib\site-packages\django\core\handlers\exception.py", line 55, in inner
    response = get_response(request)
  File "C:\Users\Andrei\Desktop\DJANGO\venv\Lib\site-packages\django\core\handlers\base.py", line 197, in _get_response
    response = wrapped_callback(request, *callback_args, **callback_kwargs)
  File "C:\Users\Andrei\Desktop\DJANGO\venv\Lib\site-packages\django\contrib\admin\options.py", line 719, in wrapper
    return self.admin_site.admin_view(view)(*args, **kwargs)
           ~~~~~~~~~~~~~~~~~~~~~~~~~~~~~~~~^^^^^^^^^^^^^^^^^
  File "C:\Users\Andrei\Desktop\DJANGO\venv\Lib\site-packages\django\utils\decorators.py", line 192, in _view_wrapper
    result = _process_exception(request, e)
  File "C:\Users\Andrei\Desktop\DJANGO\venv\Lib\site-packages\django\utils\decorators.py", line 190, in _view_wrapper
    response = view_func(request, *args, **kwargs)
  File "C:\Users\Andrei\Desktop\DJANGO\venv\Lib\site-packages\django\views\decorators\cache.py", line 80, in _view_wrapper
    response = view_func(request, *args, **kwargs)
  File "C:\Users\Andrei\Desktop\DJANGO\venv\Lib\site-packages\django\contrib\admin\sites.py", line 246, in inner
    return view(request, *args, **kwargs)
  File "C:\Users\Andrei\Desktop\DJANGO\venv\Lib\site-packages\django\contrib\admin\options.py", line 1987, in change_view
    return self.changeform_view(request, object_id, form_url, extra_context)
           ~~~~~~~~~~~~~~~~~~~~^^^^^^^^^^^^^^^^^^^^^^^^^^^^^^^^^^^^^^^^^^^^^
  File "C:\Users\Andrei\Desktop\DJANGO\venv\Lib\site-packages\django\utils\decorators.py", line 48, in _wrapper
    return bound_method(*args, **kwargs)
  File "C:\Users\Andrei\Desktop\DJANGO\venv\Lib\site-packages\django\utils\decorators.py", line 192, in _view_wrapper
    result = _process_exception(request, e)
  File "C:\Users\Andrei\Desktop\DJANGO\venv\Lib\site-packages\django\utils\decorators.py", line 190, in _view_wrapper
    response = view_func(request, *args, **kwargs)
  File "C:\Users\Andrei\Desktop\DJANGO\venv\Lib\site-packages\django\contrib\admin\options.py", line 1842, in changeform_view
    with transaction.atomic(using=router.db_for_write(self.model)):
         ~~~~~~~~~~~~~~~~~~^^^^^^^^^^^^^^^^^^^^^^^^^^^^^^^^^^^^^^^
  File "C:\Users\Andrei\Desktop\DJANGO\venv\Lib\site-packages\django\db\transaction.py", line 263, in __exit__
    connection.commit()
    ~~~~~~~~~~~~~~~~~^^
  File "C:\Users\Andrei\Desktop\DJANGO\venv\Lib\site-packages\django\utils\asyncio.py", line 26, in inner
    return func(*args, **kwargs)
  File "C:\Users\Andrei\Desktop\DJANGO\venv\Lib\site-packages\django\db\backends\base\base.py", line 327, in commit
    self._commit()
    ~~~~~~~~~~~~^^
  File "C:\Users\Andrei\Desktop\DJANGO\venv\Lib\site-packages\django\db\backends\base\base.py", line 302, in _commit
    with debug_transaction(self, "COMMIT"), self.wrap_database_errors:
                                            ^^^^^^^^^^^^^^^^^^^^^^^^^
  File "C:\Users\Andrei\Desktop\DJANGO\venv\Lib\site-packages\django\db\utils.py", line 91, in __exit__
    raise dj_exc_value.with_traceback(traceback) from exc_value
  File "C:\Users\Andrei\Desktop\DJANGO\venv\Lib\site-packages\django\db\backends\base\base.py", line 303, in _commit
    return self.connection.commit()
           ~~~~~~~~~~~~~~~~~~~~~~^^
  File "C:\Users\Andrei\Desktop\DJANGO\venv\Lib\site-packages\psycopg\connection.py", line 274, in commit
    self.wait(self._commit_gen())
    ~~~~~~~~~^^^^^^^^^^^^^^^^^^^^
  File "C:\Users\Andrei\Desktop\DJANGO\venv\Lib\site-packages\psycopg\connection.py", line 453, in wait
    return waiting.wait(gen, self.pgconn.socket, interval=interval)
           ~~~~~~~~~~~~^^^^^^^^^^^^^^^^^^^^^^^^^^^^^^^^^^^^^^^^^^^^
  File "C:\Users\Andrei\Desktop\DJANGO\venv\Lib\site-packages\psycopg\waiting.py", line 254, in wait_select
    s = gen.send(ready)
  File "C:\Users\Andrei\Desktop\DJANGO\venv\Lib\site-packages\psycopg\_connection_base.py", line 581, in _commit_gen
    yield from self._exec_command(b"COMMIT")
  File "C:\Users\Andrei\Desktop\DJANGO\venv\Lib\site-packages\psycopg\_connection_base.py", line 479, in _exec_command
    raise e.error_from_result(result, encoding=self.pgconn._encoding)
django.db.utils.IntegrityError: insert or update on table "django_admin_log" violates foreign key constraint "django_admin_log_user_id_c564eba6_fk_auth_user_id"
DETAIL:  Key (user_id)=(6) is not present in table "auth_user".
[ERROR] 2025-12-28 14:46:32,749 basehttp: "POST /admin/aplicatie/produs/2/change/ HTTP/1.1" 500 195663
[ERROR] 2025-12-28 14:50:04,476 log: Internal Server Error: /admin/aplicatie/produs/2/change/
Traceback (most recent call last):
  File "C:\Users\Andrei\Desktop\DJANGO\venv\Lib\site-packages\django\db\backends\base\base.py", line 303, in _commit
    return self.connection.commit()
           ~~~~~~~~~~~~~~~~~~~~~~^^
  File "C:\Users\Andrei\Desktop\DJANGO\venv\Lib\site-packages\psycopg\connection.py", line 274, in commit
    self.wait(self._commit_gen())
    ~~~~~~~~~^^^^^^^^^^^^^^^^^^^^
  File "C:\Users\Andrei\Desktop\DJANGO\venv\Lib\site-packages\psycopg\connection.py", line 453, in wait
    return waiting.wait(gen, self.pgconn.socket, interval=interval)
           ~~~~~~~~~~~~^^^^^^^^^^^^^^^^^^^^^^^^^^^^^^^^^^^^^^^^^^^^
  File "C:\Users\Andrei\Desktop\DJANGO\venv\Lib\site-packages\psycopg\waiting.py", line 254, in wait_select
    s = gen.send(ready)
  File "C:\Users\Andrei\Desktop\DJANGO\venv\Lib\site-packages\psycopg\_connection_base.py", line 581, in _commit_gen
    yield from self._exec_command(b"COMMIT")
  File "C:\Users\Andrei\Desktop\DJANGO\venv\Lib\site-packages\psycopg\_connection_base.py", line 479, in _exec_command
    raise e.error_from_result(result, encoding=self.pgconn._encoding)
psycopg.errors.ForeignKeyViolation: insert or update on table "django_admin_log" violates foreign key constraint "django_admin_log_user_id_c564eba6_fk_auth_user_id"
DETAIL:  Key (user_id)=(6) is not present in table "auth_user".

The above exception was the direct cause of the following exception:

Traceback (most recent call last):
  File "C:\Users\Andrei\Desktop\DJANGO\venv\Lib\site-packages\django\core\handlers\exception.py", line 55, in inner
    response = get_response(request)
  File "C:\Users\Andrei\Desktop\DJANGO\venv\Lib\site-packages\django\core\handlers\base.py", line 197, in _get_response
    response = wrapped_callback(request, *callback_args, **callback_kwargs)
  File "C:\Users\Andrei\Desktop\DJANGO\venv\Lib\site-packages\django\contrib\admin\options.py", line 719, in wrapper
    return self.admin_site.admin_view(view)(*args, **kwargs)
           ~~~~~~~~~~~~~~~~~~~~~~~~~~~~~~~~^^^^^^^^^^^^^^^^^
  File "C:\Users\Andrei\Desktop\DJANGO\venv\Lib\site-packages\django\utils\decorators.py", line 192, in _view_wrapper
    result = _process_exception(request, e)
  File "C:\Users\Andrei\Desktop\DJANGO\venv\Lib\site-packages\django\utils\decorators.py", line 190, in _view_wrapper
    response = view_func(request, *args, **kwargs)
  File "C:\Users\Andrei\Desktop\DJANGO\venv\Lib\site-packages\django\views\decorators\cache.py", line 80, in _view_wrapper
    response = view_func(request, *args, **kwargs)
  File "C:\Users\Andrei\Desktop\DJANGO\venv\Lib\site-packages\django\contrib\admin\sites.py", line 246, in inner
    return view(request, *args, **kwargs)
  File "C:\Users\Andrei\Desktop\DJANGO\venv\Lib\site-packages\django\contrib\admin\options.py", line 1987, in change_view
    return self.changeform_view(request, object_id, form_url, extra_context)
           ~~~~~~~~~~~~~~~~~~~~^^^^^^^^^^^^^^^^^^^^^^^^^^^^^^^^^^^^^^^^^^^^^
  File "C:\Users\Andrei\Desktop\DJANGO\venv\Lib\site-packages\django\utils\decorators.py", line 48, in _wrapper
    return bound_method(*args, **kwargs)
  File "C:\Users\Andrei\Desktop\DJANGO\venv\Lib\site-packages\django\utils\decorators.py", line 192, in _view_wrapper
    result = _process_exception(request, e)
  File "C:\Users\Andrei\Desktop\DJANGO\venv\Lib\site-packages\django\utils\decorators.py", line 190, in _view_wrapper
    response = view_func(request, *args, **kwargs)
  File "C:\Users\Andrei\Desktop\DJANGO\venv\Lib\site-packages\django\contrib\admin\options.py", line 1842, in changeform_view
    with transaction.atomic(using=router.db_for_write(self.model)):
         ~~~~~~~~~~~~~~~~~~^^^^^^^^^^^^^^^^^^^^^^^^^^^^^^^^^^^^^^^
  File "C:\Users\Andrei\Desktop\DJANGO\venv\Lib\site-packages\django\db\transaction.py", line 263, in __exit__
    connection.commit()
    ~~~~~~~~~~~~~~~~~^^
  File "C:\Users\Andrei\Desktop\DJANGO\venv\Lib\site-packages\django\utils\asyncio.py", line 26, in inner
    return func(*args, **kwargs)
  File "C:\Users\Andrei\Desktop\DJANGO\venv\Lib\site-packages\django\db\backends\base\base.py", line 327, in commit
    self._commit()
    ~~~~~~~~~~~~^^
  File "C:\Users\Andrei\Desktop\DJANGO\venv\Lib\site-packages\django\db\backends\base\base.py", line 302, in _commit
    with debug_transaction(self, "COMMIT"), self.wrap_database_errors:
                                            ^^^^^^^^^^^^^^^^^^^^^^^^^
  File "C:\Users\Andrei\Desktop\DJANGO\venv\Lib\site-packages\django\db\utils.py", line 91, in __exit__
    raise dj_exc_value.with_traceback(traceback) from exc_value
  File "C:\Users\Andrei\Desktop\DJANGO\venv\Lib\site-packages\django\db\backends\base\base.py", line 303, in _commit
    return self.connection.commit()
           ~~~~~~~~~~~~~~~~~~~~~~^^
  File "C:\Users\Andrei\Desktop\DJANGO\venv\Lib\site-packages\psycopg\connection.py", line 274, in commit
    self.wait(self._commit_gen())
    ~~~~~~~~~^^^^^^^^^^^^^^^^^^^^
  File "C:\Users\Andrei\Desktop\DJANGO\venv\Lib\site-packages\psycopg\connection.py", line 453, in wait
    return waiting.wait(gen, self.pgconn.socket, interval=interval)
           ~~~~~~~~~~~~^^^^^^^^^^^^^^^^^^^^^^^^^^^^^^^^^^^^^^^^^^^^
  File "C:\Users\Andrei\Desktop\DJANGO\venv\Lib\site-packages\psycopg\waiting.py", line 254, in wait_select
    s = gen.send(ready)
  File "C:\Users\Andrei\Desktop\DJANGO\venv\Lib\site-packages\psycopg\_connection_base.py", line 581, in _commit_gen
    yield from self._exec_command(b"COMMIT")
  File "C:\Users\Andrei\Desktop\DJANGO\venv\Lib\site-packages\psycopg\_connection_base.py", line 479, in _exec_command
    raise e.error_from_result(result, encoding=self.pgconn._encoding)
django.db.utils.IntegrityError: insert or update on table "django_admin_log" violates foreign key constraint "django_admin_log_user_id_c564eba6_fk_auth_user_id"
DETAIL:  Key (user_id)=(6) is not present in table "auth_user".
[ERROR] 2025-12-28 14:50:04,492 basehttp: "POST /admin/aplicatie/produs/2/change/ HTTP/1.1" 500 195657
[ERROR] 2025-12-28 14:56:15,033 log: Internal Server Error: /admin/aplicatie/produs/2/change/
Traceback (most recent call last):
  File "C:\Users\Andrei\Desktop\DJANGO\venv\Lib\site-packages\django\db\backends\base\base.py", line 303, in _commit
    return self.connection.commit()
           ~~~~~~~~~~~~~~~~~~~~~~^^
  File "C:\Users\Andrei\Desktop\DJANGO\venv\Lib\site-packages\psycopg\connection.py", line 274, in commit
    self.wait(self._commit_gen())
    ~~~~~~~~~^^^^^^^^^^^^^^^^^^^^
  File "C:\Users\Andrei\Desktop\DJANGO\venv\Lib\site-packages\psycopg\connection.py", line 453, in wait
    return waiting.wait(gen, self.pgconn.socket, interval=interval)
           ~~~~~~~~~~~~^^^^^^^^^^^^^^^^^^^^^^^^^^^^^^^^^^^^^^^^^^^^
  File "C:\Users\Andrei\Desktop\DJANGO\venv\Lib\site-packages\psycopg\waiting.py", line 254, in wait_select
    s = gen.send(ready)
  File "C:\Users\Andrei\Desktop\DJANGO\venv\Lib\site-packages\psycopg\_connection_base.py", line 581, in _commit_gen
    yield from self._exec_command(b"COMMIT")
  File "C:\Users\Andrei\Desktop\DJANGO\venv\Lib\site-packages\psycopg\_connection_base.py", line 479, in _exec_command
    raise e.error_from_result(result, encoding=self.pgconn._encoding)
psycopg.errors.ForeignKeyViolation: insert or update on table "django_admin_log" violates foreign key constraint "django_admin_log_user_id_c564eba6_fk_auth_user_id"
DETAIL:  Key (user_id)=(6) is not present in table "auth_user".

The above exception was the direct cause of the following exception:

Traceback (most recent call last):
  File "C:\Users\Andrei\Desktop\DJANGO\venv\Lib\site-packages\django\core\handlers\exception.py", line 55, in inner
    response = get_response(request)
  File "C:\Users\Andrei\Desktop\DJANGO\venv\Lib\site-packages\django\core\handlers\base.py", line 197, in _get_response
    response = wrapped_callback(request, *callback_args, **callback_kwargs)
  File "C:\Users\Andrei\Desktop\DJANGO\venv\Lib\site-packages\django\contrib\admin\options.py", line 719, in wrapper
    return self.admin_site.admin_view(view)(*args, **kwargs)
           ~~~~~~~~~~~~~~~~~~~~~~~~~~~~~~~~^^^^^^^^^^^^^^^^^
  File "C:\Users\Andrei\Desktop\DJANGO\venv\Lib\site-packages\django\utils\decorators.py", line 192, in _view_wrapper
    result = _process_exception(request, e)
  File "C:\Users\Andrei\Desktop\DJANGO\venv\Lib\site-packages\django\utils\decorators.py", line 190, in _view_wrapper
    response = view_func(request, *args, **kwargs)
  File "C:\Users\Andrei\Desktop\DJANGO\venv\Lib\site-packages\django\views\decorators\cache.py", line 80, in _view_wrapper
    response = view_func(request, *args, **kwargs)
  File "C:\Users\Andrei\Desktop\DJANGO\venv\Lib\site-packages\django\contrib\admin\sites.py", line 246, in inner
    return view(request, *args, **kwargs)
  File "C:\Users\Andrei\Desktop\DJANGO\venv\Lib\site-packages\django\contrib\admin\options.py", line 1987, in change_view
    return self.changeform_view(request, object_id, form_url, extra_context)
           ~~~~~~~~~~~~~~~~~~~~^^^^^^^^^^^^^^^^^^^^^^^^^^^^^^^^^^^^^^^^^^^^^
  File "C:\Users\Andrei\Desktop\DJANGO\venv\Lib\site-packages\django\utils\decorators.py", line 48, in _wrapper
    return bound_method(*args, **kwargs)
  File "C:\Users\Andrei\Desktop\DJANGO\venv\Lib\site-packages\django\utils\decorators.py", line 192, in _view_wrapper
    result = _process_exception(request, e)
  File "C:\Users\Andrei\Desktop\DJANGO\venv\Lib\site-packages\django\utils\decorators.py", line 190, in _view_wrapper
    response = view_func(request, *args, **kwargs)
  File "C:\Users\Andrei\Desktop\DJANGO\venv\Lib\site-packages\django\contrib\admin\options.py", line 1842, in changeform_view
    with transaction.atomic(using=router.db_for_write(self.model)):
         ~~~~~~~~~~~~~~~~~~^^^^^^^^^^^^^^^^^^^^^^^^^^^^^^^^^^^^^^^
  File "C:\Users\Andrei\Desktop\DJANGO\venv\Lib\site-packages\django\db\transaction.py", line 263, in __exit__
    connection.commit()
    ~~~~~~~~~~~~~~~~~^^
  File "C:\Users\Andrei\Desktop\DJANGO\venv\Lib\site-packages\django\utils\asyncio.py", line 26, in inner
    return func(*args, **kwargs)
  File "C:\Users\Andrei\Desktop\DJANGO\venv\Lib\site-packages\django\db\backends\base\base.py", line 327, in commit
    self._commit()
    ~~~~~~~~~~~~^^
  File "C:\Users\Andrei\Desktop\DJANGO\venv\Lib\site-packages\django\db\backends\base\base.py", line 302, in _commit
    with debug_transaction(self, "COMMIT"), self.wrap_database_errors:
                                            ^^^^^^^^^^^^^^^^^^^^^^^^^
  File "C:\Users\Andrei\Desktop\DJANGO\venv\Lib\site-packages\django\db\utils.py", line 91, in __exit__
    raise dj_exc_value.with_traceback(traceback) from exc_value
  File "C:\Users\Andrei\Desktop\DJANGO\venv\Lib\site-packages\django\db\backends\base\base.py", line 303, in _commit
    return self.connection.commit()
           ~~~~~~~~~~~~~~~~~~~~~~^^
  File "C:\Users\Andrei\Desktop\DJANGO\venv\Lib\site-packages\psycopg\connection.py", line 274, in commit
    self.wait(self._commit_gen())
    ~~~~~~~~~^^^^^^^^^^^^^^^^^^^^
  File "C:\Users\Andrei\Desktop\DJANGO\venv\Lib\site-packages\psycopg\connection.py", line 453, in wait
    return waiting.wait(gen, self.pgconn.socket, interval=interval)
           ~~~~~~~~~~~~^^^^^^^^^^^^^^^^^^^^^^^^^^^^^^^^^^^^^^^^^^^^
  File "C:\Users\Andrei\Desktop\DJANGO\venv\Lib\site-packages\psycopg\waiting.py", line 254, in wait_select
    s = gen.send(ready)
  File "C:\Users\Andrei\Desktop\DJANGO\venv\Lib\site-packages\psycopg\_connection_base.py", line 581, in _commit_gen
    yield from self._exec_command(b"COMMIT")
  File "C:\Users\Andrei\Desktop\DJANGO\venv\Lib\site-packages\psycopg\_connection_base.py", line 479, in _exec_command
    raise e.error_from_result(result, encoding=self.pgconn._encoding)
django.db.utils.IntegrityError: insert or update on table "django_admin_log" violates foreign key constraint "django_admin_log_user_id_c564eba6_fk_auth_user_id"
DETAIL:  Key (user_id)=(6) is not present in table "auth_user".
[ERROR] 2025-12-28 14:56:15,048 basehttp: "POST /admin/aplicatie/produs/2/change/ HTTP/1.1" 500 195657
[ERROR] 2025-12-28 14:57:11,779 log: Internal Server Error: /admin/aplicatie/produs/2/change/
Traceback (most recent call last):
  File "C:\Users\Andrei\Desktop\DJANGO\venv\Lib\site-packages\django\db\backends\base\base.py", line 303, in _commit
    return self.connection.commit()
           ~~~~~~~~~~~~~~~~~~~~~~^^
  File "C:\Users\Andrei\Desktop\DJANGO\venv\Lib\site-packages\psycopg\connection.py", line 274, in commit
    self.wait(self._commit_gen())
    ~~~~~~~~~^^^^^^^^^^^^^^^^^^^^
  File "C:\Users\Andrei\Desktop\DJANGO\venv\Lib\site-packages\psycopg\connection.py", line 453, in wait
    return waiting.wait(gen, self.pgconn.socket, interval=interval)
           ~~~~~~~~~~~~^^^^^^^^^^^^^^^^^^^^^^^^^^^^^^^^^^^^^^^^^^^^
  File "C:\Users\Andrei\Desktop\DJANGO\venv\Lib\site-packages\psycopg\waiting.py", line 254, in wait_select
    s = gen.send(ready)
  File "C:\Users\Andrei\Desktop\DJANGO\venv\Lib\site-packages\psycopg\_connection_base.py", line 581, in _commit_gen
    yield from self._exec_command(b"COMMIT")
  File "C:\Users\Andrei\Desktop\DJANGO\venv\Lib\site-packages\psycopg\_connection_base.py", line 479, in _exec_command
    raise e.error_from_result(result, encoding=self.pgconn._encoding)
psycopg.errors.ForeignKeyViolation: insert or update on table "django_admin_log" violates foreign key constraint "django_admin_log_user_id_c564eba6_fk_auth_user_id"
DETAIL:  Key (user_id)=(6) is not present in table "auth_user".

The above exception was the direct cause of the following exception:

Traceback (most recent call last):
  File "C:\Users\Andrei\Desktop\DJANGO\venv\Lib\site-packages\django\core\handlers\exception.py", line 55, in inner
    response = get_response(request)
  File "C:\Users\Andrei\Desktop\DJANGO\venv\Lib\site-packages\django\core\handlers\base.py", line 197, in _get_response
    response = wrapped_callback(request, *callback_args, **callback_kwargs)
  File "C:\Users\Andrei\Desktop\DJANGO\venv\Lib\site-packages\django\contrib\admin\options.py", line 719, in wrapper
    return self.admin_site.admin_view(view)(*args, **kwargs)
           ~~~~~~~~~~~~~~~~~~~~~~~~~~~~~~~~^^^^^^^^^^^^^^^^^
  File "C:\Users\Andrei\Desktop\DJANGO\venv\Lib\site-packages\django\utils\decorators.py", line 192, in _view_wrapper
    result = _process_exception(request, e)
  File "C:\Users\Andrei\Desktop\DJANGO\venv\Lib\site-packages\django\utils\decorators.py", line 190, in _view_wrapper
    response = view_func(request, *args, **kwargs)
  File "C:\Users\Andrei\Desktop\DJANGO\venv\Lib\site-packages\django\views\decorators\cache.py", line 80, in _view_wrapper
    response = view_func(request, *args, **kwargs)
  File "C:\Users\Andrei\Desktop\DJANGO\venv\Lib\site-packages\django\contrib\admin\sites.py", line 246, in inner
    return view(request, *args, **kwargs)
  File "C:\Users\Andrei\Desktop\DJANGO\venv\Lib\site-packages\django\contrib\admin\options.py", line 1987, in change_view
    return self.changeform_view(request, object_id, form_url, extra_context)
           ~~~~~~~~~~~~~~~~~~~~^^^^^^^^^^^^^^^^^^^^^^^^^^^^^^^^^^^^^^^^^^^^^
  File "C:\Users\Andrei\Desktop\DJANGO\venv\Lib\site-packages\django\utils\decorators.py", line 48, in _wrapper
    return bound_method(*args, **kwargs)
  File "C:\Users\Andrei\Desktop\DJANGO\venv\Lib\site-packages\django\utils\decorators.py", line 192, in _view_wrapper
    result = _process_exception(request, e)
  File "C:\Users\Andrei\Desktop\DJANGO\venv\Lib\site-packages\django\utils\decorators.py", line 190, in _view_wrapper
    response = view_func(request, *args, **kwargs)
  File "C:\Users\Andrei\Desktop\DJANGO\venv\Lib\site-packages\django\contrib\admin\options.py", line 1842, in changeform_view
    with transaction.atomic(using=router.db_for_write(self.model)):
         ~~~~~~~~~~~~~~~~~~^^^^^^^^^^^^^^^^^^^^^^^^^^^^^^^^^^^^^^^
  File "C:\Users\Andrei\Desktop\DJANGO\venv\Lib\site-packages\django\db\transaction.py", line 263, in __exit__
    connection.commit()
    ~~~~~~~~~~~~~~~~~^^
  File "C:\Users\Andrei\Desktop\DJANGO\venv\Lib\site-packages\django\utils\asyncio.py", line 26, in inner
    return func(*args, **kwargs)
  File "C:\Users\Andrei\Desktop\DJANGO\venv\Lib\site-packages\django\db\backends\base\base.py", line 327, in commit
    self._commit()
    ~~~~~~~~~~~~^^
  File "C:\Users\Andrei\Desktop\DJANGO\venv\Lib\site-packages\django\db\backends\base\base.py", line 302, in _commit
    with debug_transaction(self, "COMMIT"), self.wrap_database_errors:
                                            ^^^^^^^^^^^^^^^^^^^^^^^^^
  File "C:\Users\Andrei\Desktop\DJANGO\venv\Lib\site-packages\django\db\utils.py", line 91, in __exit__
    raise dj_exc_value.with_traceback(traceback) from exc_value
  File "C:\Users\Andrei\Desktop\DJANGO\venv\Lib\site-packages\django\db\backends\base\base.py", line 303, in _commit
    return self.connection.commit()
           ~~~~~~~~~~~~~~~~~~~~~~^^
  File "C:\Users\Andrei\Desktop\DJANGO\venv\Lib\site-packages\psycopg\connection.py", line 274, in commit
    self.wait(self._commit_gen())
    ~~~~~~~~~^^^^^^^^^^^^^^^^^^^^
  File "C:\Users\Andrei\Desktop\DJANGO\venv\Lib\site-packages\psycopg\connection.py", line 453, in wait
    return waiting.wait(gen, self.pgconn.socket, interval=interval)
           ~~~~~~~~~~~~^^^^^^^^^^^^^^^^^^^^^^^^^^^^^^^^^^^^^^^^^^^^
  File "C:\Users\Andrei\Desktop\DJANGO\venv\Lib\site-packages\psycopg\waiting.py", line 254, in wait_select
    s = gen.send(ready)
  File "C:\Users\Andrei\Desktop\DJANGO\venv\Lib\site-packages\psycopg\_connection_base.py", line 581, in _commit_gen
    yield from self._exec_command(b"COMMIT")
  File "C:\Users\Andrei\Desktop\DJANGO\venv\Lib\site-packages\psycopg\_connection_base.py", line 479, in _exec_command
    raise e.error_from_result(result, encoding=self.pgconn._encoding)
django.db.utils.IntegrityError: insert or update on table "django_admin_log" violates foreign key constraint "django_admin_log_user_id_c564eba6_fk_auth_user_id"
DETAIL:  Key (user_id)=(6) is not present in table "auth_user".
[ERROR] 2025-12-28 14:57:11,791 basehttp: "POST /admin/aplicatie/produs/2/change/ HTTP/1.1" 500 195657
[ERROR] 2025-12-28 14:59:28,767 log: Internal Server Error: /admin/aplicatie/produs/2/change/
Traceback (most recent call last):
  File "C:\Users\Andrei\Desktop\DJANGO\venv\Lib\site-packages\django\db\backends\base\base.py", line 303, in _commit
    return self.connection.commit()
           ~~~~~~~~~~~~~~~~~~~~~~^^
  File "C:\Users\Andrei\Desktop\DJANGO\venv\Lib\site-packages\psycopg\connection.py", line 274, in commit
    self.wait(self._commit_gen())
    ~~~~~~~~~^^^^^^^^^^^^^^^^^^^^
  File "C:\Users\Andrei\Desktop\DJANGO\venv\Lib\site-packages\psycopg\connection.py", line 453, in wait
    return waiting.wait(gen, self.pgconn.socket, interval=interval)
           ~~~~~~~~~~~~^^^^^^^^^^^^^^^^^^^^^^^^^^^^^^^^^^^^^^^^^^^^
  File "C:\Users\Andrei\Desktop\DJANGO\venv\Lib\site-packages\psycopg\waiting.py", line 254, in wait_select
    s = gen.send(ready)
  File "C:\Users\Andrei\Desktop\DJANGO\venv\Lib\site-packages\psycopg\_connection_base.py", line 581, in _commit_gen
    yield from self._exec_command(b"COMMIT")
  File "C:\Users\Andrei\Desktop\DJANGO\venv\Lib\site-packages\psycopg\_connection_base.py", line 479, in _exec_command
    raise e.error_from_result(result, encoding=self.pgconn._encoding)
psycopg.errors.ForeignKeyViolation: insert or update on table "django_admin_log" violates foreign key constraint "django_admin_log_user_id_c564eba6_fk_auth_user_id"
DETAIL:  Key (user_id)=(6) is not present in table "auth_user".

The above exception was the direct cause of the following exception:

Traceback (most recent call last):
  File "C:\Users\Andrei\Desktop\DJANGO\venv\Lib\site-packages\django\core\handlers\exception.py", line 55, in inner
    response = get_response(request)
  File "C:\Users\Andrei\Desktop\DJANGO\venv\Lib\site-packages\django\core\handlers\base.py", line 197, in _get_response
    response = wrapped_callback(request, *callback_args, **callback_kwargs)
  File "C:\Users\Andrei\Desktop\DJANGO\venv\Lib\site-packages\django\contrib\admin\options.py", line 719, in wrapper
    return self.admin_site.admin_view(view)(*args, **kwargs)
           ~~~~~~~~~~~~~~~~~~~~~~~~~~~~~~~~^^^^^^^^^^^^^^^^^
  File "C:\Users\Andrei\Desktop\DJANGO\venv\Lib\site-packages\django\utils\decorators.py", line 192, in _view_wrapper
    result = _process_exception(request, e)
  File "C:\Users\Andrei\Desktop\DJANGO\venv\Lib\site-packages\django\utils\decorators.py", line 190, in _view_wrapper
    response = view_func(request, *args, **kwargs)
  File "C:\Users\Andrei\Desktop\DJANGO\venv\Lib\site-packages\django\views\decorators\cache.py", line 80, in _view_wrapper
    response = view_func(request, *args, **kwargs)
  File "C:\Users\Andrei\Desktop\DJANGO\venv\Lib\site-packages\django\contrib\admin\sites.py", line 246, in inner
    return view(request, *args, **kwargs)
  File "C:\Users\Andrei\Desktop\DJANGO\venv\Lib\site-packages\django\contrib\admin\options.py", line 1987, in change_view
    return self.changeform_view(request, object_id, form_url, extra_context)
           ~~~~~~~~~~~~~~~~~~~~^^^^^^^^^^^^^^^^^^^^^^^^^^^^^^^^^^^^^^^^^^^^^
  File "C:\Users\Andrei\Desktop\DJANGO\venv\Lib\site-packages\django\utils\decorators.py", line 48, in _wrapper
    return bound_method(*args, **kwargs)
  File "C:\Users\Andrei\Desktop\DJANGO\venv\Lib\site-packages\django\utils\decorators.py", line 192, in _view_wrapper
    result = _process_exception(request, e)
  File "C:\Users\Andrei\Desktop\DJANGO\venv\Lib\site-packages\django\utils\decorators.py", line 190, in _view_wrapper
    response = view_func(request, *args, **kwargs)
  File "C:\Users\Andrei\Desktop\DJANGO\venv\Lib\site-packages\django\contrib\admin\options.py", line 1842, in changeform_view
    with transaction.atomic(using=router.db_for_write(self.model)):
         ~~~~~~~~~~~~~~~~~~^^^^^^^^^^^^^^^^^^^^^^^^^^^^^^^^^^^^^^^
  File "C:\Users\Andrei\Desktop\DJANGO\venv\Lib\site-packages\django\db\transaction.py", line 263, in __exit__
    connection.commit()
    ~~~~~~~~~~~~~~~~~^^
  File "C:\Users\Andrei\Desktop\DJANGO\venv\Lib\site-packages\django\utils\asyncio.py", line 26, in inner
    return func(*args, **kwargs)
  File "C:\Users\Andrei\Desktop\DJANGO\venv\Lib\site-packages\django\db\backends\base\base.py", line 327, in commit
    self._commit()
    ~~~~~~~~~~~~^^
  File "C:\Users\Andrei\Desktop\DJANGO\venv\Lib\site-packages\django\db\backends\base\base.py", line 302, in _commit
    with debug_transaction(self, "COMMIT"), self.wrap_database_errors:
                                            ^^^^^^^^^^^^^^^^^^^^^^^^^
  File "C:\Users\Andrei\Desktop\DJANGO\venv\Lib\site-packages\django\db\utils.py", line 91, in __exit__
    raise dj_exc_value.with_traceback(traceback) from exc_value
  File "C:\Users\Andrei\Desktop\DJANGO\venv\Lib\site-packages\django\db\backends\base\base.py", line 303, in _commit
    return self.connection.commit()
           ~~~~~~~~~~~~~~~~~~~~~~^^
  File "C:\Users\Andrei\Desktop\DJANGO\venv\Lib\site-packages\psycopg\connection.py", line 274, in commit
    self.wait(self._commit_gen())
    ~~~~~~~~~^^^^^^^^^^^^^^^^^^^^
  File "C:\Users\Andrei\Desktop\DJANGO\venv\Lib\site-packages\psycopg\connection.py", line 453, in wait
    return waiting.wait(gen, self.pgconn.socket, interval=interval)
           ~~~~~~~~~~~~^^^^^^^^^^^^^^^^^^^^^^^^^^^^^^^^^^^^^^^^^^^^
  File "C:\Users\Andrei\Desktop\DJANGO\venv\Lib\site-packages\psycopg\waiting.py", line 254, in wait_select
    s = gen.send(ready)
  File "C:\Users\Andrei\Desktop\DJANGO\venv\Lib\site-packages\psycopg\_connection_base.py", line 581, in _commit_gen
    yield from self._exec_command(b"COMMIT")
  File "C:\Users\Andrei\Desktop\DJANGO\venv\Lib\site-packages\psycopg\_connection_base.py", line 479, in _exec_command
    raise e.error_from_result(result, encoding=self.pgconn._encoding)
django.db.utils.IntegrityError: insert or update on table "django_admin_log" violates foreign key constraint "django_admin_log_user_id_c564eba6_fk_auth_user_id"
DETAIL:  Key (user_id)=(6) is not present in table "auth_user".
[ERROR] 2025-12-28 14:59:28,778 basehttp: "POST /admin/aplicatie/produs/2/change/ HTTP/1.1" 500 195657
[ERROR] 2025-12-28 15:01:53,981 log: Internal Server Error: /admin/aplicatie/produs/2/change/
Traceback (most recent call last):
  File "C:\Users\Andrei\Desktop\DJANGO\venv\Lib\site-packages\django\db\backends\base\base.py", line 303, in _commit
    return self.connection.commit()
           ~~~~~~~~~~~~~~~~~~~~~~^^
  File "C:\Users\Andrei\Desktop\DJANGO\venv\Lib\site-packages\psycopg\connection.py", line 274, in commit
    self.wait(self._commit_gen())
    ~~~~~~~~~^^^^^^^^^^^^^^^^^^^^
  File "C:\Users\Andrei\Desktop\DJANGO\venv\Lib\site-packages\psycopg\connection.py", line 453, in wait
    return waiting.wait(gen, self.pgconn.socket, interval=interval)
           ~~~~~~~~~~~~^^^^^^^^^^^^^^^^^^^^^^^^^^^^^^^^^^^^^^^^^^^^
  File "C:\Users\Andrei\Desktop\DJANGO\venv\Lib\site-packages\psycopg\waiting.py", line 254, in wait_select
    s = gen.send(ready)
  File "C:\Users\Andrei\Desktop\DJANGO\venv\Lib\site-packages\psycopg\_connection_base.py", line 581, in _commit_gen
    yield from self._exec_command(b"COMMIT")
  File "C:\Users\Andrei\Desktop\DJANGO\venv\Lib\site-packages\psycopg\_connection_base.py", line 479, in _exec_command
    raise e.error_from_result(result, encoding=self.pgconn._encoding)
psycopg.errors.ForeignKeyViolation: insert or update on table "django_admin_log" violates foreign key constraint "django_admin_log_user_id_c564eba6_fk_auth_user_id"
DETAIL:  Key (user_id)=(6) is not present in table "auth_user".

The above exception was the direct cause of the following exception:

Traceback (most recent call last):
  File "C:\Users\Andrei\Desktop\DJANGO\venv\Lib\site-packages\django\core\handlers\exception.py", line 55, in inner
    response = get_response(request)
  File "C:\Users\Andrei\Desktop\DJANGO\venv\Lib\site-packages\django\core\handlers\base.py", line 197, in _get_response
    response = wrapped_callback(request, *callback_args, **callback_kwargs)
  File "C:\Users\Andrei\Desktop\DJANGO\venv\Lib\site-packages\django\contrib\admin\options.py", line 719, in wrapper
    return self.admin_site.admin_view(view)(*args, **kwargs)
           ~~~~~~~~~~~~~~~~~~~~~~~~~~~~~~~~^^^^^^^^^^^^^^^^^
  File "C:\Users\Andrei\Desktop\DJANGO\venv\Lib\site-packages\django\utils\decorators.py", line 192, in _view_wrapper
    result = _process_exception(request, e)
  File "C:\Users\Andrei\Desktop\DJANGO\venv\Lib\site-packages\django\utils\decorators.py", line 190, in _view_wrapper
    response = view_func(request, *args, **kwargs)
  File "C:\Users\Andrei\Desktop\DJANGO\venv\Lib\site-packages\django\views\decorators\cache.py", line 80, in _view_wrapper
    response = view_func(request, *args, **kwargs)
  File "C:\Users\Andrei\Desktop\DJANGO\venv\Lib\site-packages\django\contrib\admin\sites.py", line 246, in inner
    return view(request, *args, **kwargs)
  File "C:\Users\Andrei\Desktop\DJANGO\venv\Lib\site-packages\django\contrib\admin\options.py", line 1987, in change_view
    return self.changeform_view(request, object_id, form_url, extra_context)
           ~~~~~~~~~~~~~~~~~~~~^^^^^^^^^^^^^^^^^^^^^^^^^^^^^^^^^^^^^^^^^^^^^
  File "C:\Users\Andrei\Desktop\DJANGO\venv\Lib\site-packages\django\utils\decorators.py", line 48, in _wrapper
    return bound_method(*args, **kwargs)
  File "C:\Users\Andrei\Desktop\DJANGO\venv\Lib\site-packages\django\utils\decorators.py", line 192, in _view_wrapper
    result = _process_exception(request, e)
  File "C:\Users\Andrei\Desktop\DJANGO\venv\Lib\site-packages\django\utils\decorators.py", line 190, in _view_wrapper
    response = view_func(request, *args, **kwargs)
  File "C:\Users\Andrei\Desktop\DJANGO\venv\Lib\site-packages\django\contrib\admin\options.py", line 1842, in changeform_view
    with transaction.atomic(using=router.db_for_write(self.model)):
         ~~~~~~~~~~~~~~~~~~^^^^^^^^^^^^^^^^^^^^^^^^^^^^^^^^^^^^^^^
  File "C:\Users\Andrei\Desktop\DJANGO\venv\Lib\site-packages\django\db\transaction.py", line 263, in __exit__
    connection.commit()
    ~~~~~~~~~~~~~~~~~^^
  File "C:\Users\Andrei\Desktop\DJANGO\venv\Lib\site-packages\django\utils\asyncio.py", line 26, in inner
    return func(*args, **kwargs)
  File "C:\Users\Andrei\Desktop\DJANGO\venv\Lib\site-packages\django\db\backends\base\base.py", line 327, in commit
    self._commit()
    ~~~~~~~~~~~~^^
  File "C:\Users\Andrei\Desktop\DJANGO\venv\Lib\site-packages\django\db\backends\base\base.py", line 302, in _commit
    with debug_transaction(self, "COMMIT"), self.wrap_database_errors:
                                            ^^^^^^^^^^^^^^^^^^^^^^^^^
  File "C:\Users\Andrei\Desktop\DJANGO\venv\Lib\site-packages\django\db\utils.py", line 91, in __exit__
    raise dj_exc_value.with_traceback(traceback) from exc_value
  File "C:\Users\Andrei\Desktop\DJANGO\venv\Lib\site-packages\django\db\backends\base\base.py", line 303, in _commit
    return self.connection.commit()
           ~~~~~~~~~~~~~~~~~~~~~~^^
  File "C:\Users\Andrei\Desktop\DJANGO\venv\Lib\site-packages\psycopg\connection.py", line 274, in commit
    self.wait(self._commit_gen())
    ~~~~~~~~~^^^^^^^^^^^^^^^^^^^^
  File "C:\Users\Andrei\Desktop\DJANGO\venv\Lib\site-packages\psycopg\connection.py", line 453, in wait
    return waiting.wait(gen, self.pgconn.socket, interval=interval)
           ~~~~~~~~~~~~^^^^^^^^^^^^^^^^^^^^^^^^^^^^^^^^^^^^^^^^^^^^
  File "C:\Users\Andrei\Desktop\DJANGO\venv\Lib\site-packages\psycopg\waiting.py", line 254, in wait_select
    s = gen.send(ready)
  File "C:\Users\Andrei\Desktop\DJANGO\venv\Lib\site-packages\psycopg\_connection_base.py", line 581, in _commit_gen
    yield from self._exec_command(b"COMMIT")
  File "C:\Users\Andrei\Desktop\DJANGO\venv\Lib\site-packages\psycopg\_connection_base.py", line 479, in _exec_command
    raise e.error_from_result(result, encoding=self.pgconn._encoding)
django.db.utils.IntegrityError: insert or update on table "django_admin_log" violates foreign key constraint "django_admin_log_user_id_c564eba6_fk_auth_user_id"
DETAIL:  Key (user_id)=(6) is not present in table "auth_user".
[ERROR] 2025-12-28 15:01:53,997 basehttp: "POST /admin/aplicatie/produs/2/change/ HTTP/1.1" 500 195663
[ERROR] 2025-12-28 15:13:31,228 log: Internal Server Error: /admin/aplicatie/produs/2/change/
Traceback (most recent call last):
  File "C:\Users\Andrei\Desktop\DJANGO\venv\Lib\site-packages\django\db\backends\base\base.py", line 303, in _commit
    return self.connection.commit()
           ~~~~~~~~~~~~~~~~~~~~~~^^
  File "C:\Users\Andrei\Desktop\DJANGO\venv\Lib\site-packages\psycopg\connection.py", line 274, in commit
    self.wait(self._commit_gen())
    ~~~~~~~~~^^^^^^^^^^^^^^^^^^^^
  File "C:\Users\Andrei\Desktop\DJANGO\venv\Lib\site-packages\psycopg\connection.py", line 453, in wait
    return waiting.wait(gen, self.pgconn.socket, interval=interval)
           ~~~~~~~~~~~~^^^^^^^^^^^^^^^^^^^^^^^^^^^^^^^^^^^^^^^^^^^^
  File "C:\Users\Andrei\Desktop\DJANGO\venv\Lib\site-packages\psycopg\waiting.py", line 254, in wait_select
    s = gen.send(ready)
  File "C:\Users\Andrei\Desktop\DJANGO\venv\Lib\site-packages\psycopg\_connection_base.py", line 581, in _commit_gen
    yield from self._exec_command(b"COMMIT")
  File "C:\Users\Andrei\Desktop\DJANGO\venv\Lib\site-packages\psycopg\_connection_base.py", line 479, in _exec_command
    raise e.error_from_result(result, encoding=self.pgconn._encoding)
psycopg.errors.ForeignKeyViolation: insert or update on table "django_admin_log" violates foreign key constraint "django_admin_log_user_id_c564eba6_fk_auth_user_id"
DETAIL:  Key (user_id)=(6) is not present in table "auth_user".

The above exception was the direct cause of the following exception:

Traceback (most recent call last):
  File "C:\Users\Andrei\Desktop\DJANGO\venv\Lib\site-packages\django\core\handlers\exception.py", line 55, in inner
    response = get_response(request)
  File "C:\Users\Andrei\Desktop\DJANGO\venv\Lib\site-packages\django\core\handlers\base.py", line 197, in _get_response
    response = wrapped_callback(request, *callback_args, **callback_kwargs)
  File "C:\Users\Andrei\Desktop\DJANGO\venv\Lib\site-packages\django\contrib\admin\options.py", line 719, in wrapper
    return self.admin_site.admin_view(view)(*args, **kwargs)
           ~~~~~~~~~~~~~~~~~~~~~~~~~~~~~~~~^^^^^^^^^^^^^^^^^
  File "C:\Users\Andrei\Desktop\DJANGO\venv\Lib\site-packages\django\utils\decorators.py", line 192, in _view_wrapper
    result = _process_exception(request, e)
  File "C:\Users\Andrei\Desktop\DJANGO\venv\Lib\site-packages\django\utils\decorators.py", line 190, in _view_wrapper
    response = view_func(request, *args, **kwargs)
  File "C:\Users\Andrei\Desktop\DJANGO\venv\Lib\site-packages\django\views\decorators\cache.py", line 80, in _view_wrapper
    response = view_func(request, *args, **kwargs)
  File "C:\Users\Andrei\Desktop\DJANGO\venv\Lib\site-packages\django\contrib\admin\sites.py", line 246, in inner
    return view(request, *args, **kwargs)
  File "C:\Users\Andrei\Desktop\DJANGO\venv\Lib\site-packages\django\contrib\admin\options.py", line 1987, in change_view
    return self.changeform_view(request, object_id, form_url, extra_context)
           ~~~~~~~~~~~~~~~~~~~~^^^^^^^^^^^^^^^^^^^^^^^^^^^^^^^^^^^^^^^^^^^^^
  File "C:\Users\Andrei\Desktop\DJANGO\venv\Lib\site-packages\django\utils\decorators.py", line 48, in _wrapper
    return bound_method(*args, **kwargs)
  File "C:\Users\Andrei\Desktop\DJANGO\venv\Lib\site-packages\django\utils\decorators.py", line 192, in _view_wrapper
    result = _process_exception(request, e)
  File "C:\Users\Andrei\Desktop\DJANGO\venv\Lib\site-packages\django\utils\decorators.py", line 190, in _view_wrapper
    response = view_func(request, *args, **kwargs)
  File "C:\Users\Andrei\Desktop\DJANGO\venv\Lib\site-packages\django\contrib\admin\options.py", line 1842, in changeform_view
    with transaction.atomic(using=router.db_for_write(self.model)):
         ~~~~~~~~~~~~~~~~~~^^^^^^^^^^^^^^^^^^^^^^^^^^^^^^^^^^^^^^^
  File "C:\Users\Andrei\Desktop\DJANGO\venv\Lib\site-packages\django\db\transaction.py", line 263, in __exit__
    connection.commit()
    ~~~~~~~~~~~~~~~~~^^
  File "C:\Users\Andrei\Desktop\DJANGO\venv\Lib\site-packages\django\utils\asyncio.py", line 26, in inner
    return func(*args, **kwargs)
  File "C:\Users\Andrei\Desktop\DJANGO\venv\Lib\site-packages\django\db\backends\base\base.py", line 327, in commit
    self._commit()
    ~~~~~~~~~~~~^^
  File "C:\Users\Andrei\Desktop\DJANGO\venv\Lib\site-packages\django\db\backends\base\base.py", line 302, in _commit
    with debug_transaction(self, "COMMIT"), self.wrap_database_errors:
                                            ^^^^^^^^^^^^^^^^^^^^^^^^^
  File "C:\Users\Andrei\Desktop\DJANGO\venv\Lib\site-packages\django\db\utils.py", line 91, in __exit__
    raise dj_exc_value.with_traceback(traceback) from exc_value
  File "C:\Users\Andrei\Desktop\DJANGO\venv\Lib\site-packages\django\db\backends\base\base.py", line 303, in _commit
    return self.connection.commit()
           ~~~~~~~~~~~~~~~~~~~~~~^^
  File "C:\Users\Andrei\Desktop\DJANGO\venv\Lib\site-packages\psycopg\connection.py", line 274, in commit
    self.wait(self._commit_gen())
    ~~~~~~~~~^^^^^^^^^^^^^^^^^^^^
  File "C:\Users\Andrei\Desktop\DJANGO\venv\Lib\site-packages\psycopg\connection.py", line 453, in wait
    return waiting.wait(gen, self.pgconn.socket, interval=interval)
           ~~~~~~~~~~~~^^^^^^^^^^^^^^^^^^^^^^^^^^^^^^^^^^^^^^^^^^^^
  File "C:\Users\Andrei\Desktop\DJANGO\venv\Lib\site-packages\psycopg\waiting.py", line 254, in wait_select
    s = gen.send(ready)
  File "C:\Users\Andrei\Desktop\DJANGO\venv\Lib\site-packages\psycopg\_connection_base.py", line 581, in _commit_gen
    yield from self._exec_command(b"COMMIT")
  File "C:\Users\Andrei\Desktop\DJANGO\venv\Lib\site-packages\psycopg\_connection_base.py", line 479, in _exec_command
    raise e.error_from_result(result, encoding=self.pgconn._encoding)
django.db.utils.IntegrityError: insert or update on table "django_admin_log" violates foreign key constraint "django_admin_log_user_id_c564eba6_fk_auth_user_id"
DETAIL:  Key (user_id)=(6) is not present in table "auth_user".
[ERROR] 2025-12-28 15:13:31,238 basehttp: "POST /admin/aplicatie/produs/2/change/ HTTP/1.1" 500 195657
[ERROR] 2025-12-28 15:14:09,182 log: Internal Server Error: /admin/aplicatie/produs/2/change/
Traceback (most recent call last):
  File "C:\Users\Andrei\Desktop\DJANGO\venv\Lib\site-packages\django\db\backends\base\base.py", line 303, in _commit
    return self.connection.commit()
           ~~~~~~~~~~~~~~~~~~~~~~^^
  File "C:\Users\Andrei\Desktop\DJANGO\venv\Lib\site-packages\psycopg\connection.py", line 274, in commit
    self.wait(self._commit_gen())
    ~~~~~~~~~^^^^^^^^^^^^^^^^^^^^
  File "C:\Users\Andrei\Desktop\DJANGO\venv\Lib\site-packages\psycopg\connection.py", line 453, in wait
    return waiting.wait(gen, self.pgconn.socket, interval=interval)
           ~~~~~~~~~~~~^^^^^^^^^^^^^^^^^^^^^^^^^^^^^^^^^^^^^^^^^^^^
  File "C:\Users\Andrei\Desktop\DJANGO\venv\Lib\site-packages\psycopg\waiting.py", line 254, in wait_select
    s = gen.send(ready)
  File "C:\Users\Andrei\Desktop\DJANGO\venv\Lib\site-packages\psycopg\_connection_base.py", line 581, in _commit_gen
    yield from self._exec_command(b"COMMIT")
  File "C:\Users\Andrei\Desktop\DJANGO\venv\Lib\site-packages\psycopg\_connection_base.py", line 479, in _exec_command
    raise e.error_from_result(result, encoding=self.pgconn._encoding)
psycopg.errors.ForeignKeyViolation: insert or update on table "django_admin_log" violates foreign key constraint "django_admin_log_user_id_c564eba6_fk_auth_user_id"
DETAIL:  Key (user_id)=(6) is not present in table "auth_user".

The above exception was the direct cause of the following exception:

Traceback (most recent call last):
  File "C:\Users\Andrei\Desktop\DJANGO\venv\Lib\site-packages\django\core\handlers\exception.py", line 55, in inner
    response = get_response(request)
  File "C:\Users\Andrei\Desktop\DJANGO\venv\Lib\site-packages\django\core\handlers\base.py", line 197, in _get_response
    response = wrapped_callback(request, *callback_args, **callback_kwargs)
  File "C:\Users\Andrei\Desktop\DJANGO\venv\Lib\site-packages\django\contrib\admin\options.py", line 719, in wrapper
    return self.admin_site.admin_view(view)(*args, **kwargs)
           ~~~~~~~~~~~~~~~~~~~~~~~~~~~~~~~~^^^^^^^^^^^^^^^^^
  File "C:\Users\Andrei\Desktop\DJANGO\venv\Lib\site-packages\django\utils\decorators.py", line 192, in _view_wrapper
    result = _process_exception(request, e)
  File "C:\Users\Andrei\Desktop\DJANGO\venv\Lib\site-packages\django\utils\decorators.py", line 190, in _view_wrapper
    response = view_func(request, *args, **kwargs)
  File "C:\Users\Andrei\Desktop\DJANGO\venv\Lib\site-packages\django\views\decorators\cache.py", line 80, in _view_wrapper
    response = view_func(request, *args, **kwargs)
  File "C:\Users\Andrei\Desktop\DJANGO\venv\Lib\site-packages\django\contrib\admin\sites.py", line 246, in inner
    return view(request, *args, **kwargs)
  File "C:\Users\Andrei\Desktop\DJANGO\venv\Lib\site-packages\django\contrib\admin\options.py", line 1987, in change_view
    return self.changeform_view(request, object_id, form_url, extra_context)
           ~~~~~~~~~~~~~~~~~~~~^^^^^^^^^^^^^^^^^^^^^^^^^^^^^^^^^^^^^^^^^^^^^
  File "C:\Users\Andrei\Desktop\DJANGO\venv\Lib\site-packages\django\utils\decorators.py", line 48, in _wrapper
    return bound_method(*args, **kwargs)
  File "C:\Users\Andrei\Desktop\DJANGO\venv\Lib\site-packages\django\utils\decorators.py", line 192, in _view_wrapper
    result = _process_exception(request, e)
  File "C:\Users\Andrei\Desktop\DJANGO\venv\Lib\site-packages\django\utils\decorators.py", line 190, in _view_wrapper
    response = view_func(request, *args, **kwargs)
  File "C:\Users\Andrei\Desktop\DJANGO\venv\Lib\site-packages\django\contrib\admin\options.py", line 1842, in changeform_view
    with transaction.atomic(using=router.db_for_write(self.model)):
         ~~~~~~~~~~~~~~~~~~^^^^^^^^^^^^^^^^^^^^^^^^^^^^^^^^^^^^^^^
  File "C:\Users\Andrei\Desktop\DJANGO\venv\Lib\site-packages\django\db\transaction.py", line 263, in __exit__
    connection.commit()
    ~~~~~~~~~~~~~~~~~^^
  File "C:\Users\Andrei\Desktop\DJANGO\venv\Lib\site-packages\django\utils\asyncio.py", line 26, in inner
    return func(*args, **kwargs)
  File "C:\Users\Andrei\Desktop\DJANGO\venv\Lib\site-packages\django\db\backends\base\base.py", line 327, in commit
    self._commit()
    ~~~~~~~~~~~~^^
  File "C:\Users\Andrei\Desktop\DJANGO\venv\Lib\site-packages\django\db\backends\base\base.py", line 302, in _commit
    with debug_transaction(self, "COMMIT"), self.wrap_database_errors:
                                            ^^^^^^^^^^^^^^^^^^^^^^^^^
  File "C:\Users\Andrei\Desktop\DJANGO\venv\Lib\site-packages\django\db\utils.py", line 91, in __exit__
    raise dj_exc_value.with_traceback(traceback) from exc_value
  File "C:\Users\Andrei\Desktop\DJANGO\venv\Lib\site-packages\django\db\backends\base\base.py", line 303, in _commit
    return self.connection.commit()
           ~~~~~~~~~~~~~~~~~~~~~~^^
  File "C:\Users\Andrei\Desktop\DJANGO\venv\Lib\site-packages\psycopg\connection.py", line 274, in commit
    self.wait(self._commit_gen())
    ~~~~~~~~~^^^^^^^^^^^^^^^^^^^^
  File "C:\Users\Andrei\Desktop\DJANGO\venv\Lib\site-packages\psycopg\connection.py", line 453, in wait
    return waiting.wait(gen, self.pgconn.socket, interval=interval)
           ~~~~~~~~~~~~^^^^^^^^^^^^^^^^^^^^^^^^^^^^^^^^^^^^^^^^^^^^
  File "C:\Users\Andrei\Desktop\DJANGO\venv\Lib\site-packages\psycopg\waiting.py", line 254, in wait_select
    s = gen.send(ready)
  File "C:\Users\Andrei\Desktop\DJANGO\venv\Lib\site-packages\psycopg\_connection_base.py", line 581, in _commit_gen
    yield from self._exec_command(b"COMMIT")
  File "C:\Users\Andrei\Desktop\DJANGO\venv\Lib\site-packages\psycopg\_connection_base.py", line 479, in _exec_command
    raise e.error_from_result(result, encoding=self.pgconn._encoding)
django.db.utils.IntegrityError: insert or update on table "django_admin_log" violates foreign key constraint "django_admin_log_user_id_c564eba6_fk_auth_user_id"
DETAIL:  Key (user_id)=(6) is not present in table "auth_user".
[ERROR] 2025-12-28 15:14:09,195 basehttp: "POST /admin/aplicatie/produs/2/change/ HTTP/1.1" 500 195657
[ERROR] 2025-12-28 15:21:29,479 log: Internal Server Error: /admin/aplicatie/produs/2/change/
Traceback (most recent call last):
  File "C:\Users\Andrei\Desktop\DJANGO\venv\Lib\site-packages\django\db\backends\base\base.py", line 303, in _commit
    return self.connection.commit()
           ~~~~~~~~~~~~~~~~~~~~~~^^
  File "C:\Users\Andrei\Desktop\DJANGO\venv\Lib\site-packages\psycopg\connection.py", line 274, in commit
    self.wait(self._commit_gen())
    ~~~~~~~~~^^^^^^^^^^^^^^^^^^^^
  File "C:\Users\Andrei\Desktop\DJANGO\venv\Lib\site-packages\psycopg\connection.py", line 453, in wait
    return waiting.wait(gen, self.pgconn.socket, interval=interval)
           ~~~~~~~~~~~~^^^^^^^^^^^^^^^^^^^^^^^^^^^^^^^^^^^^^^^^^^^^
  File "C:\Users\Andrei\Desktop\DJANGO\venv\Lib\site-packages\psycopg\waiting.py", line 254, in wait_select
    s = gen.send(ready)
  File "C:\Users\Andrei\Desktop\DJANGO\venv\Lib\site-packages\psycopg\_connection_base.py", line 581, in _commit_gen
    yield from self._exec_command(b"COMMIT")
  File "C:\Users\Andrei\Desktop\DJANGO\venv\Lib\site-packages\psycopg\_connection_base.py", line 479, in _exec_command
    raise e.error_from_result(result, encoding=self.pgconn._encoding)
psycopg.errors.ForeignKeyViolation: insert or update on table "django_admin_log" violates foreign key constraint "django_admin_log_user_id_c564eba6_fk_auth_user_id"
DETAIL:  Key (user_id)=(7) is not present in table "auth_user".

The above exception was the direct cause of the following exception:

Traceback (most recent call last):
  File "C:\Users\Andrei\Desktop\DJANGO\venv\Lib\site-packages\django\core\handlers\exception.py", line 55, in inner
    response = get_response(request)
  File "C:\Users\Andrei\Desktop\DJANGO\venv\Lib\site-packages\django\core\handlers\base.py", line 197, in _get_response
    response = wrapped_callback(request, *callback_args, **callback_kwargs)
  File "C:\Users\Andrei\Desktop\DJANGO\venv\Lib\site-packages\django\contrib\admin\options.py", line 719, in wrapper
    return self.admin_site.admin_view(view)(*args, **kwargs)
           ~~~~~~~~~~~~~~~~~~~~~~~~~~~~~~~~^^^^^^^^^^^^^^^^^
  File "C:\Users\Andrei\Desktop\DJANGO\venv\Lib\site-packages\django\utils\decorators.py", line 192, in _view_wrapper
    result = _process_exception(request, e)
  File "C:\Users\Andrei\Desktop\DJANGO\venv\Lib\site-packages\django\utils\decorators.py", line 190, in _view_wrapper
    response = view_func(request, *args, **kwargs)
  File "C:\Users\Andrei\Desktop\DJANGO\venv\Lib\site-packages\django\views\decorators\cache.py", line 80, in _view_wrapper
    response = view_func(request, *args, **kwargs)
  File "C:\Users\Andrei\Desktop\DJANGO\venv\Lib\site-packages\django\contrib\admin\sites.py", line 246, in inner
    return view(request, *args, **kwargs)
  File "C:\Users\Andrei\Desktop\DJANGO\venv\Lib\site-packages\django\contrib\admin\options.py", line 1987, in change_view
    return self.changeform_view(request, object_id, form_url, extra_context)
           ~~~~~~~~~~~~~~~~~~~~^^^^^^^^^^^^^^^^^^^^^^^^^^^^^^^^^^^^^^^^^^^^^
  File "C:\Users\Andrei\Desktop\DJANGO\venv\Lib\site-packages\django\utils\decorators.py", line 48, in _wrapper
    return bound_method(*args, **kwargs)
  File "C:\Users\Andrei\Desktop\DJANGO\venv\Lib\site-packages\django\utils\decorators.py", line 192, in _view_wrapper
    result = _process_exception(request, e)
  File "C:\Users\Andrei\Desktop\DJANGO\venv\Lib\site-packages\django\utils\decorators.py", line 190, in _view_wrapper
    response = view_func(request, *args, **kwargs)
  File "C:\Users\Andrei\Desktop\DJANGO\venv\Lib\site-packages\django\contrib\admin\options.py", line 1842, in changeform_view
    with transaction.atomic(using=router.db_for_write(self.model)):
         ~~~~~~~~~~~~~~~~~~^^^^^^^^^^^^^^^^^^^^^^^^^^^^^^^^^^^^^^^
  File "C:\Users\Andrei\Desktop\DJANGO\venv\Lib\site-packages\django\db\transaction.py", line 263, in __exit__
    connection.commit()
    ~~~~~~~~~~~~~~~~~^^
  File "C:\Users\Andrei\Desktop\DJANGO\venv\Lib\site-packages\django\utils\asyncio.py", line 26, in inner
    return func(*args, **kwargs)
  File "C:\Users\Andrei\Desktop\DJANGO\venv\Lib\site-packages\django\db\backends\base\base.py", line 327, in commit
    self._commit()
    ~~~~~~~~~~~~^^
  File "C:\Users\Andrei\Desktop\DJANGO\venv\Lib\site-packages\django\db\backends\base\base.py", line 302, in _commit
    with debug_transaction(self, "COMMIT"), self.wrap_database_errors:
                                            ^^^^^^^^^^^^^^^^^^^^^^^^^
  File "C:\Users\Andrei\Desktop\DJANGO\venv\Lib\site-packages\django\db\utils.py", line 91, in __exit__
    raise dj_exc_value.with_traceback(traceback) from exc_value
  File "C:\Users\Andrei\Desktop\DJANGO\venv\Lib\site-packages\django\db\backends\base\base.py", line 303, in _commit
    return self.connection.commit()
           ~~~~~~~~~~~~~~~~~~~~~~^^
  File "C:\Users\Andrei\Desktop\DJANGO\venv\Lib\site-packages\psycopg\connection.py", line 274, in commit
    self.wait(self._commit_gen())
    ~~~~~~~~~^^^^^^^^^^^^^^^^^^^^
  File "C:\Users\Andrei\Desktop\DJANGO\venv\Lib\site-packages\psycopg\connection.py", line 453, in wait
    return waiting.wait(gen, self.pgconn.socket, interval=interval)
           ~~~~~~~~~~~~^^^^^^^^^^^^^^^^^^^^^^^^^^^^^^^^^^^^^^^^^^^^
  File "C:\Users\Andrei\Desktop\DJANGO\venv\Lib\site-packages\psycopg\waiting.py", line 254, in wait_select
    s = gen.send(ready)
  File "C:\Users\Andrei\Desktop\DJANGO\venv\Lib\site-packages\psycopg\_connection_base.py", line 581, in _commit_gen
    yield from self._exec_command(b"COMMIT")
  File "C:\Users\Andrei\Desktop\DJANGO\venv\Lib\site-packages\psycopg\_connection_base.py", line 479, in _exec_command
    raise e.error_from_result(result, encoding=self.pgconn._encoding)
django.db.utils.IntegrityError: insert or update on table "django_admin_log" violates foreign key constraint "django_admin_log_user_id_c564eba6_fk_auth_user_id"
DETAIL:  Key (user_id)=(7) is not present in table "auth_user".
[ERROR] 2025-12-28 15:21:29,492 basehttp: "POST /admin/aplicatie/produs/2/change/ HTTP/1.1" 500 195658
[ERROR] 2025-12-28 16:01:59,463 log: Internal Server Error: /admin/aplicatie/produs/2/change/
Traceback (most recent call last):
  File "C:\Users\Andrei\Desktop\DJANGO\venv\Lib\site-packages\django\db\backends\base\base.py", line 303, in _commit
    return self.connection.commit()
           ~~~~~~~~~~~~~~~~~~~~~~^^
  File "C:\Users\Andrei\Desktop\DJANGO\venv\Lib\site-packages\psycopg\connection.py", line 274, in commit
    self.wait(self._commit_gen())
    ~~~~~~~~~^^^^^^^^^^^^^^^^^^^^
  File "C:\Users\Andrei\Desktop\DJANGO\venv\Lib\site-packages\psycopg\connection.py", line 453, in wait
    return waiting.wait(gen, self.pgconn.socket, interval=interval)
           ~~~~~~~~~~~~^^^^^^^^^^^^^^^^^^^^^^^^^^^^^^^^^^^^^^^^^^^^
  File "C:\Users\Andrei\Desktop\DJANGO\venv\Lib\site-packages\psycopg\waiting.py", line 254, in wait_select
    s = gen.send(ready)
  File "C:\Users\Andrei\Desktop\DJANGO\venv\Lib\site-packages\psycopg\_connection_base.py", line 581, in _commit_gen
    yield from self._exec_command(b"COMMIT")
  File "C:\Users\Andrei\Desktop\DJANGO\venv\Lib\site-packages\psycopg\_connection_base.py", line 479, in _exec_command
    raise e.error_from_result(result, encoding=self.pgconn._encoding)
psycopg.errors.ForeignKeyViolation: insert or update on table "django_admin_log" violates foreign key constraint "django_admin_log_user_id_c564eba6_fk_auth_user_id"
DETAIL:  Key (user_id)=(7) is not present in table "auth_user".

The above exception was the direct cause of the following exception:

Traceback (most recent call last):
  File "C:\Users\Andrei\Desktop\DJANGO\venv\Lib\site-packages\django\core\handlers\exception.py", line 55, in inner
    response = get_response(request)
  File "C:\Users\Andrei\Desktop\DJANGO\venv\Lib\site-packages\django\core\handlers\base.py", line 197, in _get_response
    response = wrapped_callback(request, *callback_args, **callback_kwargs)
  File "C:\Users\Andrei\Desktop\DJANGO\venv\Lib\site-packages\django\contrib\admin\options.py", line 719, in wrapper
    return self.admin_site.admin_view(view)(*args, **kwargs)
           ~~~~~~~~~~~~~~~~~~~~~~~~~~~~~~~~^^^^^^^^^^^^^^^^^
  File "C:\Users\Andrei\Desktop\DJANGO\venv\Lib\site-packages\django\utils\decorators.py", line 192, in _view_wrapper
    result = _process_exception(request, e)
  File "C:\Users\Andrei\Desktop\DJANGO\venv\Lib\site-packages\django\utils\decorators.py", line 190, in _view_wrapper
    response = view_func(request, *args, **kwargs)
  File "C:\Users\Andrei\Desktop\DJANGO\venv\Lib\site-packages\django\views\decorators\cache.py", line 80, in _view_wrapper
    response = view_func(request, *args, **kwargs)
  File "C:\Users\Andrei\Desktop\DJANGO\venv\Lib\site-packages\django\contrib\admin\sites.py", line 246, in inner
    return view(request, *args, **kwargs)
  File "C:\Users\Andrei\Desktop\DJANGO\venv\Lib\site-packages\django\contrib\admin\options.py", line 1987, in change_view
    return self.changeform_view(request, object_id, form_url, extra_context)
           ~~~~~~~~~~~~~~~~~~~~^^^^^^^^^^^^^^^^^^^^^^^^^^^^^^^^^^^^^^^^^^^^^
  File "C:\Users\Andrei\Desktop\DJANGO\venv\Lib\site-packages\django\utils\decorators.py", line 48, in _wrapper
    return bound_method(*args, **kwargs)
  File "C:\Users\Andrei\Desktop\DJANGO\venv\Lib\site-packages\django\utils\decorators.py", line 192, in _view_wrapper
    result = _process_exception(request, e)
  File "C:\Users\Andrei\Desktop\DJANGO\venv\Lib\site-packages\django\utils\decorators.py", line 190, in _view_wrapper
    response = view_func(request, *args, **kwargs)
  File "C:\Users\Andrei\Desktop\DJANGO\venv\Lib\site-packages\django\contrib\admin\options.py", line 1842, in changeform_view
    with transaction.atomic(using=router.db_for_write(self.model)):
         ~~~~~~~~~~~~~~~~~~^^^^^^^^^^^^^^^^^^^^^^^^^^^^^^^^^^^^^^^
  File "C:\Users\Andrei\Desktop\DJANGO\venv\Lib\site-packages\django\db\transaction.py", line 263, in __exit__
    connection.commit()
    ~~~~~~~~~~~~~~~~~^^
  File "C:\Users\Andrei\Desktop\DJANGO\venv\Lib\site-packages\django\utils\asyncio.py", line 26, in inner
    return func(*args, **kwargs)
  File "C:\Users\Andrei\Desktop\DJANGO\venv\Lib\site-packages\django\db\backends\base\base.py", line 327, in commit
    self._commit()
    ~~~~~~~~~~~~^^
  File "C:\Users\Andrei\Desktop\DJANGO\venv\Lib\site-packages\django\db\backends\base\base.py", line 302, in _commit
    with debug_transaction(self, "COMMIT"), self.wrap_database_errors:
                                            ^^^^^^^^^^^^^^^^^^^^^^^^^
  File "C:\Users\Andrei\Desktop\DJANGO\venv\Lib\site-packages\django\db\utils.py", line 91, in __exit__
    raise dj_exc_value.with_traceback(traceback) from exc_value
  File "C:\Users\Andrei\Desktop\DJANGO\venv\Lib\site-packages\django\db\backends\base\base.py", line 303, in _commit
    return self.connection.commit()
           ~~~~~~~~~~~~~~~~~~~~~~^^
  File "C:\Users\Andrei\Desktop\DJANGO\venv\Lib\site-packages\psycopg\connection.py", line 274, in commit
    self.wait(self._commit_gen())
    ~~~~~~~~~^^^^^^^^^^^^^^^^^^^^
  File "C:\Users\Andrei\Desktop\DJANGO\venv\Lib\site-packages\psycopg\connection.py", line 453, in wait
    return waiting.wait(gen, self.pgconn.socket, interval=interval)
           ~~~~~~~~~~~~^^^^^^^^^^^^^^^^^^^^^^^^^^^^^^^^^^^^^^^^^^^^
  File "C:\Users\Andrei\Desktop\DJANGO\venv\Lib\site-packages\psycopg\waiting.py", line 254, in wait_select
    s = gen.send(ready)
  File "C:\Users\Andrei\Desktop\DJANGO\venv\Lib\site-packages\psycopg\_connection_base.py", line 581, in _commit_gen
    yield from self._exec_command(b"COMMIT")
  File "C:\Users\Andrei\Desktop\DJANGO\venv\Lib\site-packages\psycopg\_connection_base.py", line 479, in _exec_command
    raise e.error_from_result(result, encoding=self.pgconn._encoding)
django.db.utils.IntegrityError: insert or update on table "django_admin_log" violates foreign key constraint "django_admin_log_user_id_c564eba6_fk_auth_user_id"
DETAIL:  Key (user_id)=(7) is not present in table "auth_user".
[ERROR] 2025-12-28 16:01:59,469 basehttp: "POST /admin/aplicatie/produs/2/change/ HTTP/1.1" 500 195659
[ERROR] 2025-12-29 16:01:11,150 log: Internal Server Error: /produse/
Traceback (most recent call last):
  File "C:\Users\Andrei\Desktop\DJANGO\venv\Lib\site-packages\django\core\handlers\exception.py", line 55, in inner
    response = get_response(request)
  File "C:\Users\Andrei\Desktop\DJANGO\venv\Lib\site-packages\django\core\handlers\base.py", line 197, in _get_response
    response = wrapped_callback(request, *callback_args, **callback_kwargs)
  File "C:\Users\Andrei\Desktop\DJANGO\ProiectDjango\aplicatie\views.py", line 470, in afis_produse
    return render(request, 'aplicatie/produse.html', {
        'form': form,
    ...<5 lines>...
        'querystring': querystring,
    })
  File "C:\Users\Andrei\Desktop\DJANGO\venv\Lib\site-packages\django\shortcuts.py", line 25, in render
    content = loader.render_to_string(template_name, context, request, using=using)
  File "C:\Users\Andrei\Desktop\DJANGO\venv\Lib\site-packages\django\template\loader.py", line 62, in render_to_string
    return template.render(context, request)
           ~~~~~~~~~~~~~~~^^^^^^^^^^^^^^^^^^
  File "C:\Users\Andrei\Desktop\DJANGO\venv\Lib\site-packages\django\template\backends\django.py", line 107, in render
    return self.template.render(context)
           ~~~~~~~~~~~~~~~~~~~~^^^^^^^^^
  File "C:\Users\Andrei\Desktop\DJANGO\venv\Lib\site-packages\django\template\base.py", line 171, in render
    return self._render(context)
           ~~~~~~~~~~~~^^^^^^^^^
  File "C:\Users\Andrei\Desktop\DJANGO\venv\Lib\site-packages\django\template\base.py", line 163, in _render
    return self.nodelist.render(context)
           ~~~~~~~~~~~~~~~~~~~~^^^^^^^^^
  File "C:\Users\Andrei\Desktop\DJANGO\venv\Lib\site-packages\django\template\base.py", line 1016, in render
    return SafeString("".join([node.render_annotated(context) for node in self]))
                               ~~~~~~~~~~~~~~~~~~~~~^^^^^^^^^
  File "C:\Users\Andrei\Desktop\DJANGO\venv\Lib\site-packages\django\template\base.py", line 977, in render_annotated
    return self.render(context)
           ~~~~~~~~~~~^^^^^^^^^
  File "C:\Users\Andrei\Desktop\DJANGO\venv\Lib\site-packages\django\template\loader_tags.py", line 159, in render
    return compiled_parent._render(context)
           ~~~~~~~~~~~~~~~~~~~~~~~^^^^^^^^^
  File "C:\Users\Andrei\Desktop\DJANGO\venv\Lib\site-packages\django\template\base.py", line 163, in _render
    return self.nodelist.render(context)
           ~~~~~~~~~~~~~~~~~~~~^^^^^^^^^
  File "C:\Users\Andrei\Desktop\DJANGO\venv\Lib\site-packages\django\template\base.py", line 1016, in render
    return SafeString("".join([node.render_annotated(context) for node in self]))
                               ~~~~~~~~~~~~~~~~~~~~~^^^^^^^^^
  File "C:\Users\Andrei\Desktop\DJANGO\venv\Lib\site-packages\django\template\base.py", line 977, in render_annotated
    return self.render(context)
           ~~~~~~~~~~~^^^^^^^^^
  File "C:\Users\Andrei\Desktop\DJANGO\venv\Lib\site-packages\django\template\loader_tags.py", line 65, in render
    result = block.nodelist.render(context)
  File "C:\Users\Andrei\Desktop\DJANGO\venv\Lib\site-packages\django\template\base.py", line 1016, in render
    return SafeString("".join([node.render_annotated(context) for node in self]))
                               ~~~~~~~~~~~~~~~~~~~~~^^^^^^^^^
  File "C:\Users\Andrei\Desktop\DJANGO\venv\Lib\site-packages\django\template\base.py", line 977, in render_annotated
    return self.render(context)
           ~~~~~~~~~~~^^^^^^^^^
  File "C:\Users\Andrei\Desktop\DJANGO\venv\Lib\site-packages\django\template\defaulttags.py", line 243, in render
    nodelist.append(node.render_annotated(context))
                    ~~~~~~~~~~~~~~~~~~~~~^^^^^^^^^
  File "C:\Users\Andrei\Desktop\DJANGO\venv\Lib\site-packages\django\template\base.py", line 977, in render_annotated
    return self.render(context)
           ~~~~~~~~~~~^^^^^^^^^
  File "C:\Users\Andrei\Desktop\DJANGO\venv\Lib\site-packages\django\template\defaulttags.py", line 480, in render
    url = reverse(view_name, args=args, kwargs=kwargs, current_app=current_app)
  File "C:\Users\Andrei\Desktop\DJANGO\venv\Lib\site-packages\django\urls\base.py", line 98, in reverse
    resolved_url = resolver._reverse_with_prefix(view, prefix, *args, **kwargs)
  File "C:\Users\Andrei\Desktop\DJANGO\venv\Lib\site-packages\django\urls\resolvers.py", line 831, in _reverse_with_prefix
    raise NoReverseMatch(msg)
django.urls.exceptions.NoReverseMatch: Reverse for 'produs_detail' with arguments '('',)' not found. 1 pattern(s) tried: ['produse/(?P<pk>[0-9]+)/\\Z']
[ERROR] 2025-12-29 16:01:11,169 basehttp: "GET /produse/ HTTP/1.1" 500 196116
[ERROR] 2025-12-29 16:01:21,931 log: Internal Server Error: /produse/
Traceback (most recent call last):
  File "C:\Users\Andrei\Desktop\DJANGO\venv\Lib\site-packages\django\core\handlers\exception.py", line 55, in inner
    response = get_response(request)
  File "C:\Users\Andrei\Desktop\DJANGO\venv\Lib\site-packages\django\core\handlers\base.py", line 197, in _get_response
    response = wrapped_callback(request, *callback_args, **callback_kwargs)
  File "C:\Users\Andrei\Desktop\DJANGO\ProiectDjango\aplicatie\views.py", line 470, in afis_produse
    return render(request, 'aplicatie/produse.html', {
        'form': form,
    ...<5 lines>...
        'querystring': querystring,
    })
  File "C:\Users\Andrei\Desktop\DJANGO\venv\Lib\site-packages\django\shortcuts.py", line 25, in render
    content = loader.render_to_string(template_name, context, request, using=using)
  File "C:\Users\Andrei\Desktop\DJANGO\venv\Lib\site-packages\django\template\loader.py", line 62, in render_to_string
    return template.render(context, request)
           ~~~~~~~~~~~~~~~^^^^^^^^^^^^^^^^^^
  File "C:\Users\Andrei\Desktop\DJANGO\venv\Lib\site-packages\django\template\backends\django.py", line 107, in render
    return self.template.render(context)
           ~~~~~~~~~~~~~~~~~~~~^^^^^^^^^
  File "C:\Users\Andrei\Desktop\DJANGO\venv\Lib\site-packages\django\template\base.py", line 171, in render
    return self._render(context)
           ~~~~~~~~~~~~^^^^^^^^^
  File "C:\Users\Andrei\Desktop\DJANGO\venv\Lib\site-packages\django\template\base.py", line 163, in _render
    return self.nodelist.render(context)
           ~~~~~~~~~~~~~~~~~~~~^^^^^^^^^
  File "C:\Users\Andrei\Desktop\DJANGO\venv\Lib\site-packages\django\template\base.py", line 1016, in render
    return SafeString("".join([node.render_annotated(context) for node in self]))
                               ~~~~~~~~~~~~~~~~~~~~~^^^^^^^^^
  File "C:\Users\Andrei\Desktop\DJANGO\venv\Lib\site-packages\django\template\base.py", line 977, in render_annotated
    return self.render(context)
           ~~~~~~~~~~~^^^^^^^^^
  File "C:\Users\Andrei\Desktop\DJANGO\venv\Lib\site-packages\django\template\loader_tags.py", line 159, in render
    return compiled_parent._render(context)
           ~~~~~~~~~~~~~~~~~~~~~~~^^^^^^^^^
  File "C:\Users\Andrei\Desktop\DJANGO\venv\Lib\site-packages\django\template\base.py", line 163, in _render
    return self.nodelist.render(context)
           ~~~~~~~~~~~~~~~~~~~~^^^^^^^^^
  File "C:\Users\Andrei\Desktop\DJANGO\venv\Lib\site-packages\django\template\base.py", line 1016, in render
    return SafeString("".join([node.render_annotated(context) for node in self]))
                               ~~~~~~~~~~~~~~~~~~~~~^^^^^^^^^
  File "C:\Users\Andrei\Desktop\DJANGO\venv\Lib\site-packages\django\template\base.py", line 977, in render_annotated
    return self.render(context)
           ~~~~~~~~~~~^^^^^^^^^
  File "C:\Users\Andrei\Desktop\DJANGO\venv\Lib\site-packages\django\template\loader_tags.py", line 65, in render
    result = block.nodelist.render(context)
  File "C:\Users\Andrei\Desktop\DJANGO\venv\Lib\site-packages\django\template\base.py", line 1016, in render
    return SafeString("".join([node.render_annotated(context) for node in self]))
                               ~~~~~~~~~~~~~~~~~~~~~^^^^^^^^^
  File "C:\Users\Andrei\Desktop\DJANGO\venv\Lib\site-packages\django\template\base.py", line 977, in render_annotated
    return self.render(context)
           ~~~~~~~~~~~^^^^^^^^^
  File "C:\Users\Andrei\Desktop\DJANGO\venv\Lib\site-packages\django\template\defaulttags.py", line 243, in render
    nodelist.append(node.render_annotated(context))
                    ~~~~~~~~~~~~~~~~~~~~~^^^^^^^^^
  File "C:\Users\Andrei\Desktop\DJANGO\venv\Lib\site-packages\django\template\base.py", line 977, in render_annotated
    return self.render(context)
           ~~~~~~~~~~~^^^^^^^^^
  File "C:\Users\Andrei\Desktop\DJANGO\venv\Lib\site-packages\django\template\defaulttags.py", line 480, in render
    url = reverse(view_name, args=args, kwargs=kwargs, current_app=current_app)
  File "C:\Users\Andrei\Desktop\DJANGO\venv\Lib\site-packages\django\urls\base.py", line 98, in reverse
    resolved_url = resolver._reverse_with_prefix(view, prefix, *args, **kwargs)
  File "C:\Users\Andrei\Desktop\DJANGO\venv\Lib\site-packages\django\urls\resolvers.py", line 831, in _reverse_with_prefix
    raise NoReverseMatch(msg)
django.urls.exceptions.NoReverseMatch: Reverse for 'produs_detail' with arguments '('',)' not found. 1 pattern(s) tried: ['produse/(?P<pk>[0-9]+)/\\Z']
[ERROR] 2025-12-29 16:01:21,943 basehttp: "GET /produse/ HTTP/1.1" 500 195831
[ERROR] 2025-12-29 17:53:00,410 log: Internal Server Error: /cumpara/
Traceback (most recent call last):
  File "C:\Users\Andrei\Desktop\DJANGO\venv\Lib\site-packages\django\core\handlers\exception.py", line 55, in inner
    response = get_response(request)
  File "C:\Users\Andrei\Desktop\DJANGO\venv\Lib\site-packages\django\core\handlers\base.py", line 197, in _get_response
    response = wrapped_callback(request, *callback_args, **callback_kwargs)
  File "C:\Users\Andrei\Desktop\DJANGO\venv\Lib\site-packages\django\contrib\auth\decorators.py", line 59, in _view_wrapper
    return view_func(request, *args, **kwargs)
  File "C:\Users\Andrei\Desktop\DJANGO\ProiectDjango\aplicatie\views.py", line 1060, in cumpara_view
    produs = Produs.objects.get(id=produs_id)
  File "C:\Users\Andrei\Desktop\DJANGO\venv\Lib\site-packages\django\db\models\manager.py", line 87, in manager_method
    return getattr(self.get_queryset(), name)(*args, **kwargs)
           ~~~~~~~~~~~~~~~~~~~~~~~~~~~~~~~~~~^^^^^^^^^^^^^^^^^
  File "C:\Users\Andrei\Desktop\DJANGO\venv\Lib\site-packages\django\db\models\query.py", line 619, in get
    clone = self._chain() if self.query.combinator else self.filter(*args, **kwargs)
                                                        ~~~~~~~~~~~^^^^^^^^^^^^^^^^^
  File "C:\Users\Andrei\Desktop\DJANGO\venv\Lib\site-packages\django\db\models\query.py", line 1493, in filter
    return self._filter_or_exclude(False, args, kwargs)
           ~~~~~~~~~~~~~~~~~~~~~~~^^^^^^^^^^^^^^^^^^^^^
  File "C:\Users\Andrei\Desktop\DJANGO\venv\Lib\site-packages\django\db\models\query.py", line 1511, in _filter_or_exclude
    clone._filter_or_exclude_inplace(negate, args, kwargs)
    ~~~~~~~~~~~~~~~~~~~~~~~~~~~~~~~~^^^^^^^^^^^^^^^^^^^^^^
  File "C:\Users\Andrei\Desktop\DJANGO\venv\Lib\site-packages\django\db\models\query.py", line 1518, in _filter_or_exclude_inplace
    self._query.add_q(Q(*args, **kwargs))
    ~~~~~~~~~~~~~~~~~^^^^^^^^^^^^^^^^^^^^
  File "C:\Users\Andrei\Desktop\DJANGO\venv\Lib\site-packages\django\db\models\sql\query.py", line 1646, in add_q
    clause, _ = self._add_q(q_object, can_reuse)
                ~~~~~~~~~~~^^^^^^^^^^^^^^^^^^^^^
  File "C:\Users\Andrei\Desktop\DJANGO\venv\Lib\site-packages\django\db\models\sql\query.py", line 1678, in _add_q
    child_clause, needed_inner = self.build_filter(
                                 ~~~~~~~~~~~~~~~~~^
        child,
        ^^^^^^
    ...<7 lines>...
        update_join_types=update_join_types,
        ^^^^^^^^^^^^^^^^^^^^^^^^^^^^^^^^^^^^
    )
    ^
  File "C:\Users\Andrei\Desktop\DJANGO\venv\Lib\site-packages\django\db\models\sql\query.py", line 1526, in build_filter
    lookups, parts, reffed_expression = self.solve_lookup_type(arg, summarize)
                                        ~~~~~~~~~~~~~~~~~~~~~~^^^^^^^^^^^^^^^^
  File "C:\Users\Andrei\Desktop\DJANGO\venv\Lib\site-packages\django\db\models\sql\query.py", line 1333, in solve_lookup_type
    _, field, _, lookup_parts = self.names_to_path(lookup_splitted, self.get_meta())
                                ~~~~~~~~~~~~~~~~~~^^^^^^^^^^^^^^^^^^^^^^^^^^^^^^^^^^
  File "C:\Users\Andrei\Desktop\DJANGO\venv\Lib\site-packages\django\db\models\sql\query.py", line 1806, in names_to_path
    raise FieldError(
    ...<2 lines>...
    )
django.core.exceptions.FieldError: Cannot resolve keyword 'id' into field. Choices are: brand, brand_id, categorie, categorie_id, culori, data_adaugare, descriere, dimensiuni, furnizor, furnizor_id, id_produs, linii_comanda, nume, pret, reviewuri, stoc, stoc_disponibil, vizualizari
[ERROR] 2025-12-29 17:53:00,420 basehttp: "POST /cumpara/ HTTP/1.1" 500 130886
[ERROR] 2025-12-29 17:53:01,468 log: Internal Server Error: /cumpara/
Traceback (most recent call last):
  File "C:\Users\Andrei\Desktop\DJANGO\venv\Lib\site-packages\django\core\handlers\exception.py", line 55, in inner
    response = get_response(request)
  File "C:\Users\Andrei\Desktop\DJANGO\venv\Lib\site-packages\django\core\handlers\base.py", line 197, in _get_response
    response = wrapped_callback(request, *callback_args, **callback_kwargs)
  File "C:\Users\Andrei\Desktop\DJANGO\venv\Lib\site-packages\django\contrib\auth\decorators.py", line 59, in _view_wrapper
    return view_func(request, *args, **kwargs)
  File "C:\Users\Andrei\Desktop\DJANGO\ProiectDjango\aplicatie\views.py", line 1060, in cumpara_view
    produs = Produs.objects.get(id=produs_id)
  File "C:\Users\Andrei\Desktop\DJANGO\venv\Lib\site-packages\django\db\models\manager.py", line 87, in manager_method
    return getattr(self.get_queryset(), name)(*args, **kwargs)
           ~~~~~~~~~~~~~~~~~~~~~~~~~~~~~~~~~~^^^^^^^^^^^^^^^^^
  File "C:\Users\Andrei\Desktop\DJANGO\venv\Lib\site-packages\django\db\models\query.py", line 619, in get
    clone = self._chain() if self.query.combinator else self.filter(*args, **kwargs)
                                                        ~~~~~~~~~~~^^^^^^^^^^^^^^^^^
  File "C:\Users\Andrei\Desktop\DJANGO\venv\Lib\site-packages\django\db\models\query.py", line 1493, in filter
    return self._filter_or_exclude(False, args, kwargs)
           ~~~~~~~~~~~~~~~~~~~~~~~^^^^^^^^^^^^^^^^^^^^^
  File "C:\Users\Andrei\Desktop\DJANGO\venv\Lib\site-packages\django\db\models\query.py", line 1511, in _filter_or_exclude
    clone._filter_or_exclude_inplace(negate, args, kwargs)
    ~~~~~~~~~~~~~~~~~~~~~~~~~~~~~~~~^^^^^^^^^^^^^^^^^^^^^^
  File "C:\Users\Andrei\Desktop\DJANGO\venv\Lib\site-packages\django\db\models\query.py", line 1518, in _filter_or_exclude_inplace
    self._query.add_q(Q(*args, **kwargs))
    ~~~~~~~~~~~~~~~~~^^^^^^^^^^^^^^^^^^^^
  File "C:\Users\Andrei\Desktop\DJANGO\venv\Lib\site-packages\django\db\models\sql\query.py", line 1646, in add_q
    clause, _ = self._add_q(q_object, can_reuse)
                ~~~~~~~~~~~^^^^^^^^^^^^^^^^^^^^^
  File "C:\Users\Andrei\Desktop\DJANGO\venv\Lib\site-packages\django\db\models\sql\query.py", line 1678, in _add_q
    child_clause, needed_inner = self.build_filter(
                                 ~~~~~~~~~~~~~~~~~^
        child,
        ^^^^^^
    ...<7 lines>...
        update_join_types=update_join_types,
        ^^^^^^^^^^^^^^^^^^^^^^^^^^^^^^^^^^^^
    )
    ^
  File "C:\Users\Andrei\Desktop\DJANGO\venv\Lib\site-packages\django\db\models\sql\query.py", line 1526, in build_filter
    lookups, parts, reffed_expression = self.solve_lookup_type(arg, summarize)
                                        ~~~~~~~~~~~~~~~~~~~~~~^^^^^^^^^^^^^^^^
  File "C:\Users\Andrei\Desktop\DJANGO\venv\Lib\site-packages\django\db\models\sql\query.py", line 1333, in solve_lookup_type
    _, field, _, lookup_parts = self.names_to_path(lookup_splitted, self.get_meta())
                                ~~~~~~~~~~~~~~~~~~^^^^^^^^^^^^^^^^^^^^^^^^^^^^^^^^^^
  File "C:\Users\Andrei\Desktop\DJANGO\venv\Lib\site-packages\django\db\models\sql\query.py", line 1806, in names_to_path
    raise FieldError(
    ...<2 lines>...
    )
django.core.exceptions.FieldError: Cannot resolve keyword 'id' into field. Choices are: brand, brand_id, categorie, categorie_id, culori, data_adaugare, descriere, dimensiuni, furnizor, furnizor_id, id_produs, linii_comanda, nume, pret, reviewuri, stoc, stoc_disponibil, vizualizari
[ERROR] 2025-12-29 17:53:01,478 basehttp: "POST /cumpara/ HTTP/1.1" 500 130886
[ERROR] 2025-12-29 17:53:01,979 log: Internal Server Error: /cumpara/
Traceback (most recent call last):
  File "C:\Users\Andrei\Desktop\DJANGO\venv\Lib\site-packages\django\core\handlers\exception.py", line 55, in inner
    response = get_response(request)
  File "C:\Users\Andrei\Desktop\DJANGO\venv\Lib\site-packages\django\core\handlers\base.py", line 197, in _get_response
    response = wrapped_callback(request, *callback_args, **callback_kwargs)
  File "C:\Users\Andrei\Desktop\DJANGO\venv\Lib\site-packages\django\contrib\auth\decorators.py", line 59, in _view_wrapper
    return view_func(request, *args, **kwargs)
  File "C:\Users\Andrei\Desktop\DJANGO\ProiectDjango\aplicatie\views.py", line 1060, in cumpara_view
    produs = Produs.objects.get(id=produs_id)
  File "C:\Users\Andrei\Desktop\DJANGO\venv\Lib\site-packages\django\db\models\manager.py", line 87, in manager_method
    return getattr(self.get_queryset(), name)(*args, **kwargs)
           ~~~~~~~~~~~~~~~~~~~~~~~~~~~~~~~~~~^^^^^^^^^^^^^^^^^
  File "C:\Users\Andrei\Desktop\DJANGO\venv\Lib\site-packages\django\db\models\query.py", line 619, in get
    clone = self._chain() if self.query.combinator else self.filter(*args, **kwargs)
                                                        ~~~~~~~~~~~^^^^^^^^^^^^^^^^^
  File "C:\Users\Andrei\Desktop\DJANGO\venv\Lib\site-packages\django\db\models\query.py", line 1493, in filter
    return self._filter_or_exclude(False, args, kwargs)
           ~~~~~~~~~~~~~~~~~~~~~~~^^^^^^^^^^^^^^^^^^^^^
  File "C:\Users\Andrei\Desktop\DJANGO\venv\Lib\site-packages\django\db\models\query.py", line 1511, in _filter_or_exclude
    clone._filter_or_exclude_inplace(negate, args, kwargs)
    ~~~~~~~~~~~~~~~~~~~~~~~~~~~~~~~~^^^^^^^^^^^^^^^^^^^^^^
  File "C:\Users\Andrei\Desktop\DJANGO\venv\Lib\site-packages\django\db\models\query.py", line 1518, in _filter_or_exclude_inplace
    self._query.add_q(Q(*args, **kwargs))
    ~~~~~~~~~~~~~~~~~^^^^^^^^^^^^^^^^^^^^
  File "C:\Users\Andrei\Desktop\DJANGO\venv\Lib\site-packages\django\db\models\sql\query.py", line 1646, in add_q
    clause, _ = self._add_q(q_object, can_reuse)
                ~~~~~~~~~~~^^^^^^^^^^^^^^^^^^^^^
  File "C:\Users\Andrei\Desktop\DJANGO\venv\Lib\site-packages\django\db\models\sql\query.py", line 1678, in _add_q
    child_clause, needed_inner = self.build_filter(
                                 ~~~~~~~~~~~~~~~~~^
        child,
        ^^^^^^
    ...<7 lines>...
        update_join_types=update_join_types,
        ^^^^^^^^^^^^^^^^^^^^^^^^^^^^^^^^^^^^
    )
    ^
  File "C:\Users\Andrei\Desktop\DJANGO\venv\Lib\site-packages\django\db\models\sql\query.py", line 1526, in build_filter
    lookups, parts, reffed_expression = self.solve_lookup_type(arg, summarize)
                                        ~~~~~~~~~~~~~~~~~~~~~~^^^^^^^^^^^^^^^^
  File "C:\Users\Andrei\Desktop\DJANGO\venv\Lib\site-packages\django\db\models\sql\query.py", line 1333, in solve_lookup_type
    _, field, _, lookup_parts = self.names_to_path(lookup_splitted, self.get_meta())
                                ~~~~~~~~~~~~~~~~~~^^^^^^^^^^^^^^^^^^^^^^^^^^^^^^^^^^
  File "C:\Users\Andrei\Desktop\DJANGO\venv\Lib\site-packages\django\db\models\sql\query.py", line 1806, in names_to_path
    raise FieldError(
    ...<2 lines>...
    )
django.core.exceptions.FieldError: Cannot resolve keyword 'id' into field. Choices are: brand, brand_id, categorie, categorie_id, culori, data_adaugare, descriere, dimensiuni, furnizor, furnizor_id, id_produs, linii_comanda, nume, pret, reviewuri, stoc, stoc_disponibil, vizualizari
[ERROR] 2025-12-29 17:53:01,997 basehttp: "POST /cumpara/ HTTP/1.1" 500 130886
[ERROR] 2025-12-29 17:53:02,202 log: Internal Server Error: /cumpara/
Traceback (most recent call last):
  File "C:\Users\Andrei\Desktop\DJANGO\venv\Lib\site-packages\django\core\handlers\exception.py", line 55, in inner
    response = get_response(request)
  File "C:\Users\Andrei\Desktop\DJANGO\venv\Lib\site-packages\django\core\handlers\base.py", line 197, in _get_response
    response = wrapped_callback(request, *callback_args, **callback_kwargs)
  File "C:\Users\Andrei\Desktop\DJANGO\venv\Lib\site-packages\django\contrib\auth\decorators.py", line 59, in _view_wrapper
    return view_func(request, *args, **kwargs)
  File "C:\Users\Andrei\Desktop\DJANGO\ProiectDjango\aplicatie\views.py", line 1060, in cumpara_view
    produs = Produs.objects.get(id=produs_id)
  File "C:\Users\Andrei\Desktop\DJANGO\venv\Lib\site-packages\django\db\models\manager.py", line 87, in manager_method
    return getattr(self.get_queryset(), name)(*args, **kwargs)
           ~~~~~~~~~~~~~~~~~~~~~~~~~~~~~~~~~~^^^^^^^^^^^^^^^^^
  File "C:\Users\Andrei\Desktop\DJANGO\venv\Lib\site-packages\django\db\models\query.py", line 619, in get
    clone = self._chain() if self.query.combinator else self.filter(*args, **kwargs)
                                                        ~~~~~~~~~~~^^^^^^^^^^^^^^^^^
  File "C:\Users\Andrei\Desktop\DJANGO\venv\Lib\site-packages\django\db\models\query.py", line 1493, in filter
    return self._filter_or_exclude(False, args, kwargs)
           ~~~~~~~~~~~~~~~~~~~~~~~^^^^^^^^^^^^^^^^^^^^^
  File "C:\Users\Andrei\Desktop\DJANGO\venv\Lib\site-packages\django\db\models\query.py", line 1511, in _filter_or_exclude
    clone._filter_or_exclude_inplace(negate, args, kwargs)
    ~~~~~~~~~~~~~~~~~~~~~~~~~~~~~~~~^^^^^^^^^^^^^^^^^^^^^^
  File "C:\Users\Andrei\Desktop\DJANGO\venv\Lib\site-packages\django\db\models\query.py", line 1518, in _filter_or_exclude_inplace
    self._query.add_q(Q(*args, **kwargs))
    ~~~~~~~~~~~~~~~~~^^^^^^^^^^^^^^^^^^^^
  File "C:\Users\Andrei\Desktop\DJANGO\venv\Lib\site-packages\django\db\models\sql\query.py", line 1646, in add_q
    clause, _ = self._add_q(q_object, can_reuse)
                ~~~~~~~~~~~^^^^^^^^^^^^^^^^^^^^^
  File "C:\Users\Andrei\Desktop\DJANGO\venv\Lib\site-packages\django\db\models\sql\query.py", line 1678, in _add_q
    child_clause, needed_inner = self.build_filter(
                                 ~~~~~~~~~~~~~~~~~^
        child,
        ^^^^^^
    ...<7 lines>...
        update_join_types=update_join_types,
        ^^^^^^^^^^^^^^^^^^^^^^^^^^^^^^^^^^^^
    )
    ^
  File "C:\Users\Andrei\Desktop\DJANGO\venv\Lib\site-packages\django\db\models\sql\query.py", line 1526, in build_filter
    lookups, parts, reffed_expression = self.solve_lookup_type(arg, summarize)
                                        ~~~~~~~~~~~~~~~~~~~~~~^^^^^^^^^^^^^^^^
  File "C:\Users\Andrei\Desktop\DJANGO\venv\Lib\site-packages\django\db\models\sql\query.py", line 1333, in solve_lookup_type
    _, field, _, lookup_parts = self.names_to_path(lookup_splitted, self.get_meta())
                                ~~~~~~~~~~~~~~~~~~^^^^^^^^^^^^^^^^^^^^^^^^^^^^^^^^^^
  File "C:\Users\Andrei\Desktop\DJANGO\venv\Lib\site-packages\django\db\models\sql\query.py", line 1806, in names_to_path
    raise FieldError(
    ...<2 lines>...
    )
django.core.exceptions.FieldError: Cannot resolve keyword 'id' into field. Choices are: brand, brand_id, categorie, categorie_id, culori, data_adaugare, descriere, dimensiuni, furnizor, furnizor_id, id_produs, linii_comanda, nume, pret, reviewuri, stoc, stoc_disponibil, vizualizari
[ERROR] 2025-12-29 17:53:02,212 basehttp: "POST /cumpara/ HTTP/1.1" 500 130886
[ERROR] 2025-12-29 17:54:05,447 log: Internal Server Error: /cumpara/
Traceback (most recent call last):
  File "C:\Users\Andrei\Desktop\DJANGO\venv\Lib\site-packages\django\core\handlers\exception.py", line 55, in inner
    response = get_response(request)
  File "C:\Users\Andrei\Desktop\DJANGO\venv\Lib\site-packages\django\core\handlers\base.py", line 197, in _get_response
    response = wrapped_callback(request, *callback_args, **callback_kwargs)
  File "C:\Users\Andrei\Desktop\DJANGO\venv\Lib\site-packages\django\contrib\auth\decorators.py", line 59, in _view_wrapper
    return view_func(request, *args, **kwargs)
  File "C:\Users\Andrei\Desktop\DJANGO\ProiectDjango\aplicatie\views.py", line 1060, in cumpara_view
    produs = Produs.objects.get(id=produs_id)
  File "C:\Users\Andrei\Desktop\DJANGO\venv\Lib\site-packages\django\db\models\manager.py", line 87, in manager_method
    return getattr(self.get_queryset(), name)(*args, **kwargs)
           ~~~~~~~~~~~~~~~~~~~~~~~~~~~~~~~~~~^^^^^^^^^^^^^^^^^
  File "C:\Users\Andrei\Desktop\DJANGO\venv\Lib\site-packages\django\db\models\query.py", line 619, in get
    clone = self._chain() if self.query.combinator else self.filter(*args, **kwargs)
                                                        ~~~~~~~~~~~^^^^^^^^^^^^^^^^^
  File "C:\Users\Andrei\Desktop\DJANGO\venv\Lib\site-packages\django\db\models\query.py", line 1493, in filter
    return self._filter_or_exclude(False, args, kwargs)
           ~~~~~~~~~~~~~~~~~~~~~~~^^^^^^^^^^^^^^^^^^^^^
  File "C:\Users\Andrei\Desktop\DJANGO\venv\Lib\site-packages\django\db\models\query.py", line 1511, in _filter_or_exclude
    clone._filter_or_exclude_inplace(negate, args, kwargs)
    ~~~~~~~~~~~~~~~~~~~~~~~~~~~~~~~~^^^^^^^^^^^^^^^^^^^^^^
  File "C:\Users\Andrei\Desktop\DJANGO\venv\Lib\site-packages\django\db\models\query.py", line 1518, in _filter_or_exclude_inplace
    self._query.add_q(Q(*args, **kwargs))
    ~~~~~~~~~~~~~~~~~^^^^^^^^^^^^^^^^^^^^
  File "C:\Users\Andrei\Desktop\DJANGO\venv\Lib\site-packages\django\db\models\sql\query.py", line 1646, in add_q
    clause, _ = self._add_q(q_object, can_reuse)
                ~~~~~~~~~~~^^^^^^^^^^^^^^^^^^^^^
  File "C:\Users\Andrei\Desktop\DJANGO\venv\Lib\site-packages\django\db\models\sql\query.py", line 1678, in _add_q
    child_clause, needed_inner = self.build_filter(
                                 ~~~~~~~~~~~~~~~~~^
        child,
        ^^^^^^
    ...<7 lines>...
        update_join_types=update_join_types,
        ^^^^^^^^^^^^^^^^^^^^^^^^^^^^^^^^^^^^
    )
    ^
  File "C:\Users\Andrei\Desktop\DJANGO\venv\Lib\site-packages\django\db\models\sql\query.py", line 1526, in build_filter
    lookups, parts, reffed_expression = self.solve_lookup_type(arg, summarize)
                                        ~~~~~~~~~~~~~~~~~~~~~~^^^^^^^^^^^^^^^^
  File "C:\Users\Andrei\Desktop\DJANGO\venv\Lib\site-packages\django\db\models\sql\query.py", line 1333, in solve_lookup_type
    _, field, _, lookup_parts = self.names_to_path(lookup_splitted, self.get_meta())
                                ~~~~~~~~~~~~~~~~~~^^^^^^^^^^^^^^^^^^^^^^^^^^^^^^^^^^
  File "C:\Users\Andrei\Desktop\DJANGO\venv\Lib\site-packages\django\db\models\sql\query.py", line 1806, in names_to_path
    raise FieldError(
    ...<2 lines>...
    )
django.core.exceptions.FieldError: Cannot resolve keyword 'id' into field. Choices are: brand, brand_id, categorie, categorie_id, culori, data_adaugare, descriere, dimensiuni, furnizor, furnizor_id, id_produs, linii_comanda, nume, pret, reviewuri, stoc, stoc_disponibil, vizualizari
[ERROR] 2025-12-29 17:54:05,458 basehttp: "POST /cumpara/ HTTP/1.1" 500 131171
[ERROR] 2025-12-29 17:55:17,840 log: Internal Server Error: /cumpara/
Traceback (most recent call last):
  File "C:\Users\Andrei\Desktop\DJANGO\venv\Lib\site-packages\django\core\handlers\exception.py", line 55, in inner
    response = get_response(request)
  File "C:\Users\Andrei\Desktop\DJANGO\venv\Lib\site-packages\django\core\handlers\base.py", line 197, in _get_response
    response = wrapped_callback(request, *callback_args, **callback_kwargs)
  File "C:\Users\Andrei\Desktop\DJANGO\venv\Lib\site-packages\django\contrib\auth\decorators.py", line 59, in _view_wrapper
    return view_func(request, *args, **kwargs)
  File "C:\Users\Andrei\Desktop\DJANGO\ProiectDjango\aplicatie\views.py", line 1060, in cumpara_view
    produs = Produs.objects.get(id=produs_id)
  File "C:\Users\Andrei\Desktop\DJANGO\venv\Lib\site-packages\django\db\models\manager.py", line 87, in manager_method
    return getattr(self.get_queryset(), name)(*args, **kwargs)
           ~~~~~~~~~~~~~~~~~~~~~~~~~~~~~~~~~~^^^^^^^^^^^^^^^^^
  File "C:\Users\Andrei\Desktop\DJANGO\venv\Lib\site-packages\django\db\models\query.py", line 619, in get
    clone = self._chain() if self.query.combinator else self.filter(*args, **kwargs)
                                                        ~~~~~~~~~~~^^^^^^^^^^^^^^^^^
  File "C:\Users\Andrei\Desktop\DJANGO\venv\Lib\site-packages\django\db\models\query.py", line 1493, in filter
    return self._filter_or_exclude(False, args, kwargs)
           ~~~~~~~~~~~~~~~~~~~~~~~^^^^^^^^^^^^^^^^^^^^^
  File "C:\Users\Andrei\Desktop\DJANGO\venv\Lib\site-packages\django\db\models\query.py", line 1511, in _filter_or_exclude
    clone._filter_or_exclude_inplace(negate, args, kwargs)
    ~~~~~~~~~~~~~~~~~~~~~~~~~~~~~~~~^^^^^^^^^^^^^^^^^^^^^^
  File "C:\Users\Andrei\Desktop\DJANGO\venv\Lib\site-packages\django\db\models\query.py", line 1518, in _filter_or_exclude_inplace
    self._query.add_q(Q(*args, **kwargs))
    ~~~~~~~~~~~~~~~~~^^^^^^^^^^^^^^^^^^^^
  File "C:\Users\Andrei\Desktop\DJANGO\venv\Lib\site-packages\django\db\models\sql\query.py", line 1646, in add_q
    clause, _ = self._add_q(q_object, can_reuse)
                ~~~~~~~~~~~^^^^^^^^^^^^^^^^^^^^^
  File "C:\Users\Andrei\Desktop\DJANGO\venv\Lib\site-packages\django\db\models\sql\query.py", line 1678, in _add_q
    child_clause, needed_inner = self.build_filter(
                                 ~~~~~~~~~~~~~~~~~^
        child,
        ^^^^^^
    ...<7 lines>...
        update_join_types=update_join_types,
        ^^^^^^^^^^^^^^^^^^^^^^^^^^^^^^^^^^^^
    )
    ^
  File "C:\Users\Andrei\Desktop\DJANGO\venv\Lib\site-packages\django\db\models\sql\query.py", line 1526, in build_filter
    lookups, parts, reffed_expression = self.solve_lookup_type(arg, summarize)
                                        ~~~~~~~~~~~~~~~~~~~~~~^^^^^^^^^^^^^^^^
  File "C:\Users\Andrei\Desktop\DJANGO\venv\Lib\site-packages\django\db\models\sql\query.py", line 1333, in solve_lookup_type
    _, field, _, lookup_parts = self.names_to_path(lookup_splitted, self.get_meta())
                                ~~~~~~~~~~~~~~~~~~^^^^^^^^^^^^^^^^^^^^^^^^^^^^^^^^^^
  File "C:\Users\Andrei\Desktop\DJANGO\venv\Lib\site-packages\django\db\models\sql\query.py", line 1806, in names_to_path
    raise FieldError(
    ...<2 lines>...
    )
django.core.exceptions.FieldError: Cannot resolve keyword 'id' into field. Choices are: brand, brand_id, categorie, categorie_id, culori, data_adaugare, descriere, dimensiuni, furnizor, furnizor_id, id_produs, linii_comanda, nume, pret, reviewuri, stoc, stoc_disponibil, vizualizari
[ERROR] 2025-12-29 17:55:17,850 basehttp: "POST /cumpara/ HTTP/1.1" 500 131171
[ERROR] 2025-12-29 18:00:34,245 log: Internal Server Error: /cumpara/
Traceback (most recent call last):
  File "C:\Users\Andrei\Desktop\DJANGO\venv\Lib\site-packages\django\core\handlers\exception.py", line 55, in inner
    response = get_response(request)
  File "C:\Users\Andrei\Desktop\DJANGO\venv\Lib\site-packages\django\core\handlers\base.py", line 197, in _get_response
    response = wrapped_callback(request, *callback_args, **callback_kwargs)
  File "C:\Users\Andrei\Desktop\DJANGO\venv\Lib\site-packages\django\contrib\auth\decorators.py", line 59, in _view_wrapper
    return view_func(request, *args, **kwargs)
  File "C:\Users\Andrei\Desktop\DJANGO\ProiectDjango\aplicatie\views.py", line 1075, in cumpara_view
    pdf_path = genereaza_factura(request.user, comanda, total, total_produse)
  File "C:\Users\Andrei\Desktop\DJANGO\ProiectDjango\aplicatie\utils.py", line 27, in genereaza_factura
    for item in comanda.items.all():
                ^^^^^^^^^^^^^
AttributeError: 'Comanda' object has no attribute 'items'
[ERROR] 2025-12-29 18:00:34,251 basehttp: "POST /cumpara/ HTTP/1.1" 500 84592
[ERROR] 2025-12-29 18:05:58,695 log: Internal Server Error: /cumpara/
Traceback (most recent call last):
  File "C:\Users\Andrei\Desktop\DJANGO\venv\Lib\site-packages\django\core\handlers\exception.py", line 55, in inner
    response = get_response(request)
  File "C:\Users\Andrei\Desktop\DJANGO\venv\Lib\site-packages\django\core\handlers\base.py", line 197, in _get_response
    response = wrapped_callback(request, *callback_args, **callback_kwargs)
  File "C:\Users\Andrei\Desktop\DJANGO\venv\Lib\site-packages\django\contrib\auth\decorators.py", line 59, in _view_wrapper
    return view_func(request, *args, **kwargs)
  File "C:\Users\Andrei\Desktop\DJANGO\ProiectDjango\aplicatie\views.py", line 1075, in cumpara_view
    pdf_path = genereaza_factura(request.user, comanda, total, total_produse)
  File "C:\Users\Andrei\Desktop\DJANGO\ProiectDjango\aplicatie\utils.py", line 27, in genereaza_factura
    for item in comanda.items.all():
                ^^^^^^^^^^^^^
AttributeError: 'Comanda' object has no attribute 'items'
[ERROR] 2025-12-29 18:05:58,700 basehttp: "POST /cumpara/ HTTP/1.1" 500 84592
[ERROR] 2025-12-29 18:10:18,906 log: Internal Server Error: /cumpara/
Traceback (most recent call last):
  File "C:\Users\Andrei\Desktop\DJANGO\venv\Lib\site-packages\django\core\handlers\exception.py", line 55, in inner
    response = get_response(request)
  File "C:\Users\Andrei\Desktop\DJANGO\venv\Lib\site-packages\django\core\handlers\base.py", line 197, in _get_response
    response = wrapped_callback(request, *callback_args, **callback_kwargs)
  File "C:\Users\Andrei\Desktop\DJANGO\venv\Lib\site-packages\django\contrib\auth\decorators.py", line 59, in _view_wrapper
    return view_func(request, *args, **kwargs)
  File "C:\Users\Andrei\Desktop\DJANGO\ProiectDjango\aplicatie\views.py", line 1075, in cumpara_view
    pdf_path = genereaza_factura(request.user, comanda, total, total_produse)
  File "C:\Users\Andrei\Desktop\DJANGO\ProiectDjango\aplicatie\utils.py", line 27, in genereaza_factura
    for item in comanda.items.all():
                ^^^^^^^^^^^^^
AttributeError: 'Comanda' object has no attribute 'items'
[ERROR] 2025-12-29 18:10:18,911 basehttp: "POST /cumpara/ HTTP/1.1" 500 84322
[ERROR] 2025-12-29 18:10:37,724 log: Internal Server Error: /cumpara/
Traceback (most recent call last):
  File "C:\Users\Andrei\Desktop\DJANGO\venv\Lib\site-packages\django\core\handlers\exception.py", line 55, in inner
    response = get_response(request)
  File "C:\Users\Andrei\Desktop\DJANGO\venv\Lib\site-packages\django\core\handlers\base.py", line 197, in _get_response
    response = wrapped_callback(request, *callback_args, **callback_kwargs)
  File "C:\Users\Andrei\Desktop\DJANGO\venv\Lib\site-packages\django\contrib\auth\decorators.py", line 59, in _view_wrapper
    return view_func(request, *args, **kwargs)
  File "C:\Users\Andrei\Desktop\DJANGO\ProiectDjango\aplicatie\views.py", line 1075, in cumpara_view
    pdf_path = genereaza_factura(request.user, comanda, total, total_produse)
  File "C:\Users\Andrei\Desktop\DJANGO\ProiectDjango\aplicatie\utils.py", line 27, in genereaza_factura
    for item in comanda.items.all():
                ^^^^^^^^^^^^^
AttributeError: 'Comanda' object has no attribute 'items'
[ERROR] 2025-12-29 18:10:37,728 basehttp: "POST /cumpara/ HTTP/1.1" 500 84324
[ERROR] 2025-12-29 18:14:13,078 log: Internal Server Error: /cumpara/
[ERROR] 2025-12-29 18:14:13,080 basehttp: "POST /cumpara/ HTTP/1.1" 500 75
[ERROR] 2025-12-29 18:18:49,752 log: Internal Server Error: /cumpara/
[ERROR] 2025-12-29 18:18:49,754 basehttp: "POST /cumpara/ HTTP/1.1" 500 75
[ERROR] 2025-12-29 18:21:24,104 log: Internal Server Error: /cumpara/
[ERROR] 2025-12-29 18:21:24,106 basehttp: "POST /cumpara/ HTTP/1.1" 500 75
