[WARNING] 2025-12-10 23:38:56,297 log: Not Found: /favicon.ico
[WARNING] 2025-12-10 23:38:56,300 basehttp: "GET /favicon.ico HTTP/1.1" 404 7979
[WARNING] 2025-12-11 16:25:09,772 log: Not Found: /favicon.ico
[WARNING] 2025-12-11 16:25:09,773 basehttp: "GET /favicon.ico HTTP/1.1" 404 7979
[ERROR] 2025-12-11 16:36:08,998 log: Internal Server Error: /register/
Traceback (most recent call last):
  File "C:\Users\Andrei\Desktop\DJANGO\venv\Lib\site-packages\django\core\handlers\exception.py", line 55, in inner
    response = get_response(request)
  File "C:\Users\Andrei\Desktop\DJANGO\venv\Lib\site-packages\django\core\handlers\base.py", line 197, in _get_response
    response = wrapped_callback(request, *callback_args, **callback_kwargs)
  File "C:\Users\Andrei\Desktop\DJANGO\ProiectDjango\aplicatie\views.py", line 787, in register_view
    logger.info(f"INFO: Cont nou creat pentru utilizatorul {user.username}.")
                                                            ^^^^
UnboundLocalError: cannot access local variable 'user' where it is not associated with a value
[ERROR] 2025-12-11 16:36:09,004 basehttp: "GET /register/ HTTP/1.1" 500 71293
[ERROR] 2025-12-11 16:36:16,159 log: Internal Server Error: /register/
Traceback (most recent call last):
  File "C:\Users\Andrei\Desktop\DJANGO\venv\Lib\site-packages\django\core\handlers\exception.py", line 55, in inner
    response = get_response(request)
  File "C:\Users\Andrei\Desktop\DJANGO\venv\Lib\site-packages\django\core\handlers\base.py", line 197, in _get_response
    response = wrapped_callback(request, *callback_args, **callback_kwargs)
  File "C:\Users\Andrei\Desktop\DJANGO\ProiectDjango\aplicatie\views.py", line 787, in register_view
    logger.info(f"INFO: Cont nou creat pentru utilizatorul {user.username}.")
                                                            ^^^^
UnboundLocalError: cannot access local variable 'user' where it is not associated with a value
[ERROR] 2025-12-11 16:36:16,162 basehttp: "GET /register/ HTTP/1.1" 500 71399
[ERROR] 2025-12-11 16:36:25,043 log: Internal Server Error: /register/
Traceback (most recent call last):
  File "C:\Users\Andrei\Desktop\DJANGO\venv\Lib\site-packages\django\core\handlers\exception.py", line 55, in inner
    response = get_response(request)
  File "C:\Users\Andrei\Desktop\DJANGO\venv\Lib\site-packages\django\core\handlers\base.py", line 197, in _get_response
    response = wrapped_callback(request, *callback_args, **callback_kwargs)
  File "C:\Users\Andrei\Desktop\DJANGO\ProiectDjango\aplicatie\views.py", line 787, in register_view
    logger.info(f"INFO: Cont nou creat pentru utilizatorul {user.username}.")
                                                            ^^^^
UnboundLocalError: cannot access local variable 'user' where it is not associated with a value
[ERROR] 2025-12-11 16:36:25,047 basehttp: "GET /register/ HTTP/1.1" 500 71399
[ERROR] 2025-12-11 16:38:52,954 log: Internal Server Error: /register/
Traceback (most recent call last):
  File "C:\Users\Andrei\Desktop\DJANGO\venv\Lib\site-packages\django\core\handlers\exception.py", line 55, in inner
    response = get_response(request)
  File "C:\Users\Andrei\Desktop\DJANGO\venv\Lib\site-packages\django\core\handlers\base.py", line 197, in _get_response
    response = wrapped_callback(request, *callback_args, **callback_kwargs)
  File "C:\Users\Andrei\Desktop\DJANGO\ProiectDjango\aplicatie\views.py", line 787, in register_view
    logger.info(f"INFO: Cont nou creat pentru utilizatorul {user.username}.")
                                                            ^^^^
UnboundLocalError: cannot access local variable 'user' where it is not associated with a value
[ERROR] 2025-12-11 16:38:52,957 basehttp: "GET /register/ HTTP/1.1" 500 71290
[WARNING] 2025-12-11 17:09:07,750 log: Not Found: /favicon.ico
[WARNING] 2025-12-11 17:09:07,751 basehttp: "GET /favicon.ico HTTP/1.1" 404 7979
[ERROR] 2025-12-11 17:13:23,129 log: Internal Server Error: /login/
Traceback (most recent call last):
  File "C:\Users\Andrei\Desktop\DJANGO\venv\Lib\site-packages\django\core\handlers\exception.py", line 55, in inner
    response = get_response(request)
  File "C:\Users\Andrei\Desktop\DJANGO\venv\Lib\site-packages\django\core\handlers\base.py", line 197, in _get_response
    response = wrapped_callback(request, *callback_args, **callback_kwargs)
  File "C:\Users\Andrei\Desktop\DJANGO\ProiectDjango\aplicatie\views.py", line 655, in login_view
    logger.info(f"INFO: Utilizatorul {user.username} s-a autentificat cu succes.")
                                      ^^^^
UnboundLocalError: cannot access local variable 'user' where it is not associated with a value
[ERROR] 2025-12-11 17:13:23,133 basehttp: "GET /login/ HTTP/1.1" 500 71533
[WARNING] 2025-12-16 11:43:08,395 log: Not Found: /static/aplicatie/css/stil.css
[WARNING] 2025-12-16 11:43:08,396 basehttp: "GET /static/aplicatie/css/stil.css?v=1765878188 HTTP/1.1" 404 179
[WARNING] 2025-12-16 11:43:08,446 log: Not Found: /favicon.ico
[WARNING] 2025-12-16 11:43:08,447 basehttp: "GET /favicon.ico HTTP/1.1" 404 179
[WARNING] 2025-12-16 11:43:10,517 log: Not Found: /static/aplicatie/css/stil.css
[WARNING] 2025-12-16 11:43:10,519 basehttp: "GET /static/aplicatie/css/stil.css?v=1765878190 HTTP/1.1" 404 179
[ERROR] 2025-12-16 11:43:52,666 log: Internal Server Error: /interzis/
Traceback (most recent call last):
  File "C:\Users\Andrei\Desktop\DJANGO\venv\Lib\site-packages\django\core\handlers\exception.py", line 55, in inner
    response = get_response(request)
  File "C:\Users\Andrei\Desktop\DJANGO\venv\Lib\site-packages\django\core\handlers\base.py", line 197, in _get_response
    response = wrapped_callback(request, *callback_args, **callback_kwargs)
  File "C:\Users\Andrei\Desktop\DJANGO\ProiectDjango\aplicatie\views.py", line 966, in pagina_interzisa
    render(request, '403.html', context)
    ~~~~~~^^^^^^^^^^^^^^^^^^^^^^^^^^^^^^
  File "C:\Users\Andrei\Desktop\DJANGO\venv\Lib\site-packages\django\shortcuts.py", line 25, in render
    content = loader.render_to_string(template_name, context, request, using=using)
  File "C:\Users\Andrei\Desktop\DJANGO\venv\Lib\site-packages\django\template\loader.py", line 61, in render_to_string
    template = get_template(template_name, using=using)
  File "C:\Users\Andrei\Desktop\DJANGO\venv\Lib\site-packages\django\template\loader.py", line 19, in get_template
    raise TemplateDoesNotExist(template_name, chain=chain)
django.template.exceptions.TemplateDoesNotExist: 403.html
[ERROR] 2025-12-16 11:43:52,681 basehttp: "GET /interzis/ HTTP/1.1" 500 86290
[WARNING] 2025-12-16 11:45:26,771 log: Forbidden: /interzis/
[WARNING] 2025-12-16 11:45:26,773 basehttp: "GET /interzis/ HTTP/1.1" 403 410
[WARNING] 2025-12-16 11:45:32,276 log: Forbidden: /interzis/
[WARNING] 2025-12-16 11:45:32,277 basehttp: "GET /interzis/ HTTP/1.1" 403 410
[WARNING] 2025-12-16 11:45:33,255 log: Forbidden: /interzis/
[WARNING] 2025-12-16 11:45:33,256 basehttp: "GET /interzis/ HTTP/1.1" 403 410
[WARNING] 2025-12-16 11:45:33,531 log: Forbidden: /interzis/
[WARNING] 2025-12-16 11:45:33,534 basehttp: "GET /interzis/ HTTP/1.1" 403 410
[ERROR] 2025-12-16 12:15:18,882 log: Internal Server Error: /
Traceback (most recent call last):
  File "C:\Users\Andrei\Desktop\DJANGO\venv\Lib\site-packages\django\template\smartif.py", line 180, in translate_token
    op = OPERATORS[token]
         ~~~~~~~~~^^^^^^^
KeyError: 'user.groups.filter(name="Administratori_site").exists'

During handling of the above exception, another exception occurred:

Traceback (most recent call last):
  File "C:\Users\Andrei\Desktop\DJANGO\venv\Lib\site-packages\django\core\handlers\exception.py", line 55, in inner
    response = get_response(request)
  File "C:\Users\Andrei\Desktop\DJANGO\venv\Lib\site-packages\django\core\handlers\base.py", line 197, in _get_response
    response = wrapped_callback(request, *callback_args, **callback_kwargs)
  File "C:\Users\Andrei\Desktop\DJANGO\ProiectDjango\aplicatie\views.py", line 85, in index
    return render(request, 'aplicatie/index.html', {'ip_utilizator': ip})
  File "C:\Users\Andrei\Desktop\DJANGO\venv\Lib\site-packages\django\shortcuts.py", line 25, in render
    content = loader.render_to_string(template_name, context, request, using=using)
  File "C:\Users\Andrei\Desktop\DJANGO\venv\Lib\site-packages\django\template\loader.py", line 62, in render_to_string
    return template.render(context, request)
           ~~~~~~~~~~~~~~~^^^^^^^^^^^^^^^^^^
  File "C:\Users\Andrei\Desktop\DJANGO\venv\Lib\site-packages\django\template\backends\django.py", line 107, in render
    return self.template.render(context)
           ~~~~~~~~~~~~~~~~~~~~^^^^^^^^^
  File "C:\Users\Andrei\Desktop\DJANGO\venv\Lib\site-packages\django\template\base.py", line 171, in render
    return self._render(context)
           ~~~~~~~~~~~~^^^^^^^^^
  File "C:\Users\Andrei\Desktop\DJANGO\venv\Lib\site-packages\django\template\base.py", line 163, in _render
    return self.nodelist.render(context)
           ~~~~~~~~~~~~~~~~~~~~^^^^^^^^^
  File "C:\Users\Andrei\Desktop\DJANGO\venv\Lib\site-packages\django\template\base.py", line 1016, in render
    return SafeString("".join([node.render_annotated(context) for node in self]))
                               ~~~~~~~~~~~~~~~~~~~~~^^^^^^^^^
  File "C:\Users\Andrei\Desktop\DJANGO\venv\Lib\site-packages\django\template\base.py", line 977, in render_annotated
    return self.render(context)
           ~~~~~~~~~~~^^^^^^^^^
  File "C:\Users\Andrei\Desktop\DJANGO\venv\Lib\site-packages\django\template\loader_tags.py", line 134, in render
    compiled_parent = self.get_parent(context)
  File "C:\Users\Andrei\Desktop\DJANGO\venv\Lib\site-packages\django\template\loader_tags.py", line 131, in get_parent
    return self.find_template(parent, context)
           ~~~~~~~~~~~~~~~~~~^^^^^^^^^^^^^^^^^
  File "C:\Users\Andrei\Desktop\DJANGO\venv\Lib\site-packages\django\template\loader_tags.py", line 109, in find_template
    template, origin = context.template.engine.find_template(
                       ~~~~~~~~~~~~~~~~~~~~~~~~~~~~~~~~~~~~~^
        template_name,
        ^^^^^^^^^^^^^^
        skip=history,
        ^^^^^^^^^^^^^
    )
    ^
  File "C:\Users\Andrei\Desktop\DJANGO\venv\Lib\site-packages\django\template\engine.py", line 159, in find_template
    template = loader.get_template(name, skip=skip)
  File "C:\Users\Andrei\Desktop\DJANGO\venv\Lib\site-packages\django\template\loaders\cached.py", line 57, in get_template
    template = super().get_template(template_name, skip)
  File "C:\Users\Andrei\Desktop\DJANGO\venv\Lib\site-packages\django\template\loaders\base.py", line 28, in get_template
    return Template(
        contents,
    ...<2 lines>...
        self.engine,
    )
  File "C:\Users\Andrei\Desktop\DJANGO\venv\Lib\site-packages\django\template\base.py", line 154, in __init__
    self.nodelist = self.compile_nodelist()
                    ~~~~~~~~~~~~~~~~~~~~~^^
  File "C:\Users\Andrei\Desktop\DJANGO\venv\Lib\site-packages\django\template\base.py", line 196, in compile_nodelist
    nodelist = parser.parse()
  File "C:\Users\Andrei\Desktop\DJANGO\venv\Lib\site-packages\django\template\base.py", line 518, in parse
    raise self.error(token, e)
  File "C:\Users\Andrei\Desktop\DJANGO\venv\Lib\site-packages\django\template\base.py", line 516, in parse
    compiled_result = compile_func(self, token)
  File "C:\Users\Andrei\Desktop\DJANGO\venv\Lib\site-packages\django\template\defaulttags.py", line 962, in do_if
    nodelist = parser.parse(("elif", "else", "endif"))
  File "C:\Users\Andrei\Desktop\DJANGO\venv\Lib\site-packages\django\template\base.py", line 518, in parse
    raise self.error(token, e)
  File "C:\Users\Andrei\Desktop\DJANGO\venv\Lib\site-packages\django\template\base.py", line 516, in parse
    compiled_result = compile_func(self, token)
  File "C:\Users\Andrei\Desktop\DJANGO\venv\Lib\site-packages\django\template\defaulttags.py", line 961, in do_if
    condition = TemplateIfParser(parser, bits).parse()
                ~~~~~~~~~~~~~~~~^^^^^^^^^^^^^^
  File "C:\Users\Andrei\Desktop\DJANGO\venv\Lib\site-packages\django\template\defaulttags.py", line 894, in __init__
    super().__init__(*args, **kwargs)
    ~~~~~~~~~~~~~~~~^^^^^^^^^^^^^^^^^
  File "C:\Users\Andrei\Desktop\DJANGO\venv\Lib\site-packages\django\template\smartif.py", line 171, in __init__
    mapped_tokens.append(self.translate_token(token))
                         ~~~~~~~~~~~~~~~~~~~~^^^^^^^
  File "C:\Users\Andrei\Desktop\DJANGO\venv\Lib\site-packages\django\template\smartif.py", line 182, in translate_token
    return self.create_var(token)
           ~~~~~~~~~~~~~~~^^^^^^^
  File "C:\Users\Andrei\Desktop\DJANGO\venv\Lib\site-packages\django\template\defaulttags.py", line 897, in create_var
    return TemplateLiteral(self.template_parser.compile_filter(value), value)
                           ~~~~~~~~~~~~~~~~~~~~~~~~~~~~~~~~~~~^^^^^^^
  File "C:\Users\Andrei\Desktop\DJANGO\venv\Lib\site-packages\django\template\base.py", line 609, in compile_filter
    return FilterExpression(token, self)
  File "C:\Users\Andrei\Desktop\DJANGO\venv\Lib\site-packages\django\template\base.py", line 710, in __init__
    raise TemplateSyntaxError(
    ...<2 lines>...
    )
django.template.exceptions.TemplateSyntaxError: Could not parse the remainder: '(name="Administratori_site").exists' from 'user.groups.filter(name="Administratori_site").exists'
[ERROR] 2025-12-16 12:15:18,896 basehttp: "GET / HTTP/1.1" 500 250959
[WARNING] 2025-12-27 12:02:20,264 log: Not Found: /favicon.ico
[WARNING] 2025-12-27 12:02:20,266 basehttp: "GET /favicon.ico HTTP/1.1" 404 8762
[ERROR] 2025-12-27 12:08:54,238 log: Internal Server Error: /oferta/
Traceback (most recent call last):
  File "C:\Users\Andrei\Desktop\DJANGO\venv\Lib\site-packages\django\core\handlers\exception.py", line 55, in inner
    response = get_response(request)
  File "C:\Users\Andrei\Desktop\DJANGO\venv\Lib\site-packages\django\core\handlers\base.py", line 197, in _get_response
    response = wrapped_callback(request, *callback_args, **callback_kwargs)
  File "C:\Users\Andrei\Desktop\DJANGO\venv\Lib\site-packages\django\contrib\auth\decorators.py", line 59, in _view_wrapper
    return view_func(request, *args, **kwargs)
  File "C:\Users\Andrei\Desktop\DJANGO\ProiectDjango\aplicatie\views.py", line 1003, in oferta
    render(
    ~~~~~~^
        request,
        ^^^^^^^^
    ...<4 lines>...
        },
        ^^
    )
    ^
  File "C:\Users\Andrei\Desktop\DJANGO\venv\Lib\site-packages\django\shortcuts.py", line 25, in render
    content = loader.render_to_string(template_name, context, request, using=using)
  File "C:\Users\Andrei\Desktop\DJANGO\venv\Lib\site-packages\django\template\loader.py", line 61, in render_to_string
    template = get_template(template_name, using=using)
  File "C:\Users\Andrei\Desktop\DJANGO\venv\Lib\site-packages\django\template\loader.py", line 19, in get_template
    raise TemplateDoesNotExist(template_name, chain=chain)
django.template.exceptions.TemplateDoesNotExist: 403.html
[ERROR] 2025-12-27 12:08:54,254 basehttp: "GET /oferta/ HTTP/1.1" 500 91338
[ERROR] 2025-12-27 12:48:55,204 log: Internal Server Error: /logout/
Traceback (most recent call last):
  File "C:\Users\Andrei\Desktop\DJANGO\venv\Lib\site-packages\django\core\handlers\exception.py", line 55, in inner
    response = get_response(request)
  File "C:\Users\Andrei\Desktop\DJANGO\venv\Lib\site-packages\django\core\handlers\base.py", line 197, in _get_response
    response = wrapped_callback(request, *callback_args, **callback_kwargs)
  File "C:\Users\Andrei\Desktop\DJANGO\venv\Lib\site-packages\django\contrib\auth\decorators.py", line 59, in _view_wrapper
    return view_func(request, *args, **kwargs)
  File "C:\Users\Andrei\Desktop\DJANGO\ProiectDjango\aplicatie\views.py", line 1021, in logout_view
    perm = Permission.objects.get(codename="vizualizeaza_oferta")
  File "C:\Users\Andrei\Desktop\DJANGO\venv\Lib\site-packages\django\db\models\manager.py", line 87, in manager_method
    return getattr(self.get_queryset(), name)(*args, **kwargs)
           ~~~~~~~~~~~~~~~~~~~~~~~~~~~~~~~~~~^^^^^^^^^^^^^^^^^
  File "C:\Users\Andrei\Desktop\DJANGO\venv\Lib\site-packages\django\db\models\query.py", line 636, in get
    raise self.model.MultipleObjectsReturned(
    ...<5 lines>...
    )
django.contrib.auth.models.Permission.MultipleObjectsReturned: get() returned more than one Permission -- it returned 2!
[ERROR] 2025-12-27 12:48:55,209 basehttp: "GET /logout/ HTTP/1.1" 500 86230
[ERROR] 2025-12-27 12:49:04,711 log: Internal Server Error: /logout/
Traceback (most recent call last):
  File "C:\Users\Andrei\Desktop\DJANGO\venv\Lib\site-packages\django\core\handlers\exception.py", line 55, in inner
    response = get_response(request)
  File "C:\Users\Andrei\Desktop\DJANGO\venv\Lib\site-packages\django\core\handlers\base.py", line 197, in _get_response
    response = wrapped_callback(request, *callback_args, **callback_kwargs)
  File "C:\Users\Andrei\Desktop\DJANGO\venv\Lib\site-packages\django\contrib\auth\decorators.py", line 59, in _view_wrapper
    return view_func(request, *args, **kwargs)
  File "C:\Users\Andrei\Desktop\DJANGO\ProiectDjango\aplicatie\views.py", line 1021, in logout_view
    perm = Permission.objects.get(codename="vizualizeaza_oferta")
  File "C:\Users\Andrei\Desktop\DJANGO\venv\Lib\site-packages\django\db\models\manager.py", line 87, in manager_method
    return getattr(self.get_queryset(), name)(*args, **kwargs)
           ~~~~~~~~~~~~~~~~~~~~~~~~~~~~~~~~~~^^^^^^^^^^^^^^^^^
  File "C:\Users\Andrei\Desktop\DJANGO\venv\Lib\site-packages\django\db\models\query.py", line 636, in get
    raise self.model.MultipleObjectsReturned(
    ...<5 lines>...
    )
django.contrib.auth.models.Permission.MultipleObjectsReturned: get() returned more than one Permission -- it returned 2!
[ERROR] 2025-12-27 12:49:04,717 basehttp: "GET /logout/ HTTP/1.1" 500 86367
[ERROR] 2025-12-27 12:49:17,339 log: Internal Server Error: /logout/
Traceback (most recent call last):
  File "C:\Users\Andrei\Desktop\DJANGO\venv\Lib\site-packages\django\core\handlers\exception.py", line 55, in inner
    response = get_response(request)
  File "C:\Users\Andrei\Desktop\DJANGO\venv\Lib\site-packages\django\core\handlers\base.py", line 197, in _get_response
    response = wrapped_callback(request, *callback_args, **callback_kwargs)
  File "C:\Users\Andrei\Desktop\DJANGO\venv\Lib\site-packages\django\contrib\auth\decorators.py", line 59, in _view_wrapper
    return view_func(request, *args, **kwargs)
  File "C:\Users\Andrei\Desktop\DJANGO\ProiectDjango\aplicatie\views.py", line 1021, in logout_view
    perm = Permission.objects.get(codename="vizualizeaza_oferta")
  File "C:\Users\Andrei\Desktop\DJANGO\venv\Lib\site-packages\django\db\models\manager.py", line 87, in manager_method
    return getattr(self.get_queryset(), name)(*args, **kwargs)
           ~~~~~~~~~~~~~~~~~~~~~~~~~~~~~~~~~~^^^^^^^^^^^^^^^^^
  File "C:\Users\Andrei\Desktop\DJANGO\venv\Lib\site-packages\django\db\models\query.py", line 636, in get
    raise self.model.MultipleObjectsReturned(
    ...<5 lines>...
    )
django.contrib.auth.models.Permission.MultipleObjectsReturned: get() returned more than one Permission -- it returned 2!
[ERROR] 2025-12-27 12:49:17,343 basehttp: "GET /logout/ HTTP/1.1" 500 86230
[ERROR] 2025-12-27 12:52:26,568 log: Internal Server Error: /logout/
Traceback (most recent call last):
  File "C:\Users\Andrei\Desktop\DJANGO\venv\Lib\site-packages\django\core\handlers\exception.py", line 55, in inner
    response = get_response(request)
  File "C:\Users\Andrei\Desktop\DJANGO\venv\Lib\site-packages\django\core\handlers\base.py", line 197, in _get_response
    response = wrapped_callback(request, *callback_args, **callback_kwargs)
  File "C:\Users\Andrei\Desktop\DJANGO\venv\Lib\site-packages\django\contrib\auth\decorators.py", line 59, in _view_wrapper
    return view_func(request, *args, **kwargs)
  File "C:\Users\Andrei\Desktop\DJANGO\ProiectDjango\aplicatie\views.py", line 1021, in logout_view
    perm = Permission.objects.get(codename="vizualizeaza_oferta")
  File "C:\Users\Andrei\Desktop\DJANGO\venv\Lib\site-packages\django\db\models\manager.py", line 87, in manager_method
    return getattr(self.get_queryset(), name)(*args, **kwargs)
           ~~~~~~~~~~~~~~~~~~~~~~~~~~~~~~~~~~^^^^^^^^^^^^^^^^^
  File "C:\Users\Andrei\Desktop\DJANGO\venv\Lib\site-packages\django\db\models\query.py", line 636, in get
    raise self.model.MultipleObjectsReturned(
    ...<5 lines>...
    )
django.contrib.auth.models.Permission.MultipleObjectsReturned: get() returned more than one Permission -- it returned 2!
[ERROR] 2025-12-27 12:52:26,575 basehttp: "GET /logout/ HTTP/1.1" 500 86230
[ERROR] 2025-12-27 14:01:38,470 log: Internal Server Error: /sitemap.xml
Traceback (most recent call last):
  File "C:\Users\Andrei\Desktop\DJANGO\venv\Lib\site-packages\django\db\backends\utils.py", line 105, in _execute
    return self.cursor.execute(sql, params)
           ~~~~~~~~~~~~~~~~~~~^^^^^^^^^^^^^
  File "C:\Users\Andrei\Desktop\DJANGO\venv\Lib\site-packages\psycopg\cursor.py", line 97, in execute
    raise ex.with_traceback(None)
psycopg.errors.UndefinedTable: relation "django_site" does not exist
LINE 1: ..."django_site"."domain", "django_site"."name" FROM "django_si...
                                                             ^

The above exception was the direct cause of the following exception:

Traceback (most recent call last):
  File "C:\Users\Andrei\Desktop\DJANGO\venv\Lib\site-packages\django\core\handlers\exception.py", line 55, in inner
    response = get_response(request)
  File "C:\Users\Andrei\Desktop\DJANGO\venv\Lib\site-packages\django\core\handlers\base.py", line 197, in _get_response
    response = wrapped_callback(request, *callback_args, **callback_kwargs)
  File "C:\Users\Andrei\Desktop\DJANGO\venv\Lib\site-packages\django\contrib\sitemaps\views.py", line 23, in inner
    response = func(request, *args, **kwargs)
  File "C:\Users\Andrei\Desktop\DJANGO\venv\Lib\site-packages\django\contrib\sitemaps\views.py", line 100, in sitemap
    req_site = get_current_site(request)
  File "C:\Users\Andrei\Desktop\DJANGO\venv\Lib\site-packages\django\contrib\sites\shortcuts.py", line 16, in get_current_site
    return Site.objects.get_current(request)
           ~~~~~~~~~~~~~~~~~~~~~~~~^^^^^^^^^
  File "C:\Users\Andrei\Desktop\DJANGO\venv\Lib\site-packages\django\contrib\sites\models.py", line 59, in get_current
    return self._get_site_by_id(site_id)
           ~~~~~~~~~~~~~~~~~~~~^^^^^^^^^
  File "C:\Users\Andrei\Desktop\DJANGO\venv\Lib\site-packages\django\contrib\sites\models.py", line 30, in _get_site_by_id
    site = self.get(pk=site_id)
  File "C:\Users\Andrei\Desktop\DJANGO\venv\Lib\site-packages\django\db\models\manager.py", line 87, in manager_method
    return getattr(self.get_queryset(), name)(*args, **kwargs)
           ~~~~~~~~~~~~~~~~~~~~~~~~~~~~~~~~~~^^^^^^^^^^^^^^^^^
  File "C:\Users\Andrei\Desktop\DJANGO\venv\Lib\site-packages\django\db\models\query.py", line 629, in get
    num = len(clone)
  File "C:\Users\Andrei\Desktop\DJANGO\venv\Lib\site-packages\django\db\models\query.py", line 366, in __len__
    self._fetch_all()
    ~~~~~~~~~~~~~~~^^
  File "C:\Users\Andrei\Desktop\DJANGO\venv\Lib\site-packages\django\db\models\query.py", line 1949, in _fetch_all
    self._result_cache = list(self._iterable_class(self))
                         ~~~~^^^^^^^^^^^^^^^^^^^^^^^^^^^^
  File "C:\Users\Andrei\Desktop\DJANGO\venv\Lib\site-packages\django\db\models\query.py", line 91, in __iter__
    results = compiler.execute_sql(
        chunked_fetch=self.chunked_fetch, chunk_size=self.chunk_size
    )
  File "C:\Users\Andrei\Desktop\DJANGO\venv\Lib\site-packages\django\db\models\sql\compiler.py", line 1623, in execute_sql
    cursor.execute(sql, params)
    ~~~~~~~~~~~~~~^^^^^^^^^^^^^
  File "C:\Users\Andrei\Desktop\DJANGO\venv\Lib\site-packages\django\db\backends\utils.py", line 122, in execute
    return super().execute(sql, params)
           ~~~~~~~~~~~~~~~^^^^^^^^^^^^^
  File "C:\Users\Andrei\Desktop\DJANGO\venv\Lib\site-packages\django\db\backends\utils.py", line 79, in execute
    return self._execute_with_wrappers(
           ~~~~~~~~~~~~~~~~~~~~~~~~~~~^
        sql, params, many=False, executor=self._execute
        ^^^^^^^^^^^^^^^^^^^^^^^^^^^^^^^^^^^^^^^^^^^^^^^
    )
    ^
  File "C:\Users\Andrei\Desktop\DJANGO\venv\Lib\site-packages\django\db\backends\utils.py", line 92, in _execute_with_wrappers
    return executor(sql, params, many, context)
  File "C:\Users\Andrei\Desktop\DJANGO\venv\Lib\site-packages\django\db\backends\utils.py", line 100, in _execute
    with self.db.wrap_database_errors:
         ^^^^^^^^^^^^^^^^^^^^^^^^^^^^
  File "C:\Users\Andrei\Desktop\DJANGO\venv\Lib\site-packages\django\db\utils.py", line 91, in __exit__
    raise dj_exc_value.with_traceback(traceback) from exc_value
  File "C:\Users\Andrei\Desktop\DJANGO\venv\Lib\site-packages\django\db\backends\utils.py", line 105, in _execute
    return self.cursor.execute(sql, params)
           ~~~~~~~~~~~~~~~~~~~^^^^^^^^^^^^^
  File "C:\Users\Andrei\Desktop\DJANGO\venv\Lib\site-packages\psycopg\cursor.py", line 97, in execute
    raise ex.with_traceback(None)
django.db.utils.ProgrammingError: relation "django_site" does not exist
LINE 1: ..."django_site"."domain", "django_site"."name" FROM "django_si...
                                                             ^
[ERROR] 2025-12-27 14:01:38,482 basehttp: "GET /sitemap.xml HTTP/1.1" 500 160235
[WARNING] 2025-12-27 14:02:01,797 log: Not Found: /sitemaps.xml
[WARNING] 2025-12-27 14:02:01,799 basehttp: "GET /sitemaps.xml HTTP/1.1" 404 8919
[ERROR] 2025-12-27 14:02:51,133 log: Internal Server Error: /sitemap.xml
Traceback (most recent call last):
  File "C:\Users\Andrei\Desktop\DJANGO\venv\Lib\site-packages\django\db\backends\utils.py", line 105, in _execute
    return self.cursor.execute(sql, params)
           ~~~~~~~~~~~~~~~~~~~^^^^^^^^^^^^^
  File "C:\Users\Andrei\Desktop\DJANGO\venv\Lib\site-packages\psycopg\cursor.py", line 97, in execute
    raise ex.with_traceback(None)
psycopg.errors.UndefinedTable: relation "django_site" does not exist
LINE 1: ..."django_site"."domain", "django_site"."name" FROM "django_si...
                                                             ^

The above exception was the direct cause of the following exception:

Traceback (most recent call last):
  File "C:\Users\Andrei\Desktop\DJANGO\venv\Lib\site-packages\django\core\handlers\exception.py", line 55, in inner
    response = get_response(request)
  File "C:\Users\Andrei\Desktop\DJANGO\venv\Lib\site-packages\django\core\handlers\base.py", line 197, in _get_response
    response = wrapped_callback(request, *callback_args, **callback_kwargs)
  File "C:\Users\Andrei\Desktop\DJANGO\venv\Lib\site-packages\django\contrib\sitemaps\views.py", line 23, in inner
    response = func(request, *args, **kwargs)
  File "C:\Users\Andrei\Desktop\DJANGO\venv\Lib\site-packages\django\contrib\sitemaps\views.py", line 100, in sitemap
    req_site = get_current_site(request)
  File "C:\Users\Andrei\Desktop\DJANGO\venv\Lib\site-packages\django\contrib\sites\shortcuts.py", line 16, in get_current_site
    return Site.objects.get_current(request)
           ~~~~~~~~~~~~~~~~~~~~~~~~^^^^^^^^^
  File "C:\Users\Andrei\Desktop\DJANGO\venv\Lib\site-packages\django\contrib\sites\models.py", line 59, in get_current
    return self._get_site_by_id(site_id)
           ~~~~~~~~~~~~~~~~~~~~^^^^^^^^^
  File "C:\Users\Andrei\Desktop\DJANGO\venv\Lib\site-packages\django\contrib\sites\models.py", line 30, in _get_site_by_id
    site = self.get(pk=site_id)
  File "C:\Users\Andrei\Desktop\DJANGO\venv\Lib\site-packages\django\db\models\manager.py", line 87, in manager_method
    return getattr(self.get_queryset(), name)(*args, **kwargs)
           ~~~~~~~~~~~~~~~~~~~~~~~~~~~~~~~~~~^^^^^^^^^^^^^^^^^
  File "C:\Users\Andrei\Desktop\DJANGO\venv\Lib\site-packages\django\db\models\query.py", line 629, in get
    num = len(clone)
  File "C:\Users\Andrei\Desktop\DJANGO\venv\Lib\site-packages\django\db\models\query.py", line 366, in __len__
    self._fetch_all()
    ~~~~~~~~~~~~~~~^^
  File "C:\Users\Andrei\Desktop\DJANGO\venv\Lib\site-packages\django\db\models\query.py", line 1949, in _fetch_all
    self._result_cache = list(self._iterable_class(self))
                         ~~~~^^^^^^^^^^^^^^^^^^^^^^^^^^^^
  File "C:\Users\Andrei\Desktop\DJANGO\venv\Lib\site-packages\django\db\models\query.py", line 91, in __iter__
    results = compiler.execute_sql(
        chunked_fetch=self.chunked_fetch, chunk_size=self.chunk_size
    )
  File "C:\Users\Andrei\Desktop\DJANGO\venv\Lib\site-packages\django\db\models\sql\compiler.py", line 1623, in execute_sql
    cursor.execute(sql, params)
    ~~~~~~~~~~~~~~^^^^^^^^^^^^^
  File "C:\Users\Andrei\Desktop\DJANGO\venv\Lib\site-packages\django\db\backends\utils.py", line 122, in execute
    return super().execute(sql, params)
           ~~~~~~~~~~~~~~~^^^^^^^^^^^^^
  File "C:\Users\Andrei\Desktop\DJANGO\venv\Lib\site-packages\django\db\backends\utils.py", line 79, in execute
    return self._execute_with_wrappers(
           ~~~~~~~~~~~~~~~~~~~~~~~~~~~^
        sql, params, many=False, executor=self._execute
        ^^^^^^^^^^^^^^^^^^^^^^^^^^^^^^^^^^^^^^^^^^^^^^^
    )
    ^
  File "C:\Users\Andrei\Desktop\DJANGO\venv\Lib\site-packages\django\db\backends\utils.py", line 92, in _execute_with_wrappers
    return executor(sql, params, many, context)
  File "C:\Users\Andrei\Desktop\DJANGO\venv\Lib\site-packages\django\db\backends\utils.py", line 100, in _execute
    with self.db.wrap_database_errors:
         ^^^^^^^^^^^^^^^^^^^^^^^^^^^^
  File "C:\Users\Andrei\Desktop\DJANGO\venv\Lib\site-packages\django\db\utils.py", line 91, in __exit__
    raise dj_exc_value.with_traceback(traceback) from exc_value
  File "C:\Users\Andrei\Desktop\DJANGO\venv\Lib\site-packages\django\db\backends\utils.py", line 105, in _execute
    return self.cursor.execute(sql, params)
           ~~~~~~~~~~~~~~~~~~~^^^^^^^^^^^^^
  File "C:\Users\Andrei\Desktop\DJANGO\venv\Lib\site-packages\psycopg\cursor.py", line 97, in execute
    raise ex.with_traceback(None)
django.db.utils.ProgrammingError: relation "django_site" does not exist
LINE 1: ..."django_site"."domain", "django_site"."name" FROM "django_si...
                                                             ^
[ERROR] 2025-12-27 14:02:51,145 basehttp: "GET /sitemap.xml HTTP/1.1" 500 160235
[ERROR] 2025-12-27 14:06:40,168 log: Internal Server Error: /sitemap.xml
Traceback (most recent call last):
  File "C:\Users\Andrei\Desktop\DJANGO\venv\Lib\site-packages\django\core\handlers\exception.py", line 55, in inner
    response = get_response(request)
  File "C:\Users\Andrei\Desktop\DJANGO\venv\Lib\site-packages\django\core\handlers\base.py", line 197, in _get_response
    response = wrapped_callback(request, *callback_args, **callback_kwargs)
  File "C:\Users\Andrei\Desktop\DJANGO\venv\Lib\site-packages\django\contrib\sitemaps\views.py", line 23, in inner
    response = func(request, *args, **kwargs)
  File "C:\Users\Andrei\Desktop\DJANGO\venv\Lib\site-packages\django\contrib\sitemaps\views.py", line 117, in sitemap
    urls.extend(site.get_urls(page=page, site=req_site, protocol=req_protocol))
                ~~~~~~~~~~~~~^^^^^^^^^^^^^^^^^^^^^^^^^^^^^^^^^^^^^^^^^^^^^^^^^
  File "C:\Users\Andrei\Desktop\DJANGO\venv\Lib\site-packages\django\contrib\sitemaps\__init__.py", line 104, in get_urls
    return self._urls(page, protocol, domain)
           ~~~~~~~~~~^^^^^^^^^^^^^^^^^^^^^^^^
  File "C:\Users\Andrei\Desktop\DJANGO\venv\Lib\site-packages\django\contrib\sitemaps\__init__.py", line 124, in _urls
    loc = f"{protocol}://{domain}{self._location(item)}"
                                  ~~~~~~~~~~~~~~^^^^^^
  File "C:\Users\Andrei\Desktop\DJANGO\venv\Lib\site-packages\django\contrib\sitemaps\__init__.py", line 69, in _location
    return self._get("location", item)
           ~~~~~~~~~^^^^^^^^^^^^^^^^^^
  File "C:\Users\Andrei\Desktop\DJANGO\venv\Lib\site-packages\django\contrib\sitemaps\__init__.py", line 39, in _get
    return attr(item)
  File "C:\Users\Andrei\Desktop\DJANGO\ProiectDjango\aplicatie\sitemaps.py", line 23, in location
    return reverse(item)
  File "C:\Users\Andrei\Desktop\DJANGO\venv\Lib\site-packages\django\urls\base.py", line 98, in reverse
    resolved_url = resolver._reverse_with_prefix(view, prefix, *args, **kwargs)
  File "C:\Users\Andrei\Desktop\DJANGO\venv\Lib\site-packages\django\urls\resolvers.py", line 831, in _reverse_with_prefix
    raise NoReverseMatch(msg)
django.urls.exceptions.NoReverseMatch: Reverse for 'home' not found. 'home' is not a valid view function or pattern name.
[ERROR] 2025-12-27 14:06:40,174 basehttp: "GET /sitemap.xml HTTP/1.1" 500 116594
[ERROR] 2025-12-27 14:08:00,678 log: Internal Server Error: /sitemap.xml
Traceback (most recent call last):
  File "C:\Users\Andrei\Desktop\DJANGO\venv\Lib\site-packages\django\core\handlers\exception.py", line 55, in inner
    response = get_response(request)
  File "C:\Users\Andrei\Desktop\DJANGO\venv\Lib\site-packages\django\core\handlers\base.py", line 197, in _get_response
    response = wrapped_callback(request, *callback_args, **callback_kwargs)
  File "C:\Users\Andrei\Desktop\DJANGO\venv\Lib\site-packages\django\contrib\sitemaps\views.py", line 23, in inner
    response = func(request, *args, **kwargs)
  File "C:\Users\Andrei\Desktop\DJANGO\venv\Lib\site-packages\django\contrib\sitemaps\views.py", line 117, in sitemap
    urls.extend(site.get_urls(page=page, site=req_site, protocol=req_protocol))
                ~~~~~~~~~~~~~^^^^^^^^^^^^^^^^^^^^^^^^^^^^^^^^^^^^^^^^^^^^^^^^^
  File "C:\Users\Andrei\Desktop\DJANGO\venv\Lib\site-packages\django\contrib\sitemaps\__init__.py", line 104, in get_urls
    return self._urls(page, protocol, domain)
           ~~~~~~~~~~^^^^^^^^^^^^^^^^^^^^^^^^
  File "C:\Users\Andrei\Desktop\DJANGO\venv\Lib\site-packages\django\contrib\sitemaps\__init__.py", line 124, in _urls
    loc = f"{protocol}://{domain}{self._location(item)}"
                                  ~~~~~~~~~~~~~~^^^^^^
  File "C:\Users\Andrei\Desktop\DJANGO\venv\Lib\site-packages\django\contrib\sitemaps\__init__.py", line 69, in _location
    return self._get("location", item)
           ~~~~~~~~~^^^^^^^^^^^^^^^^^^
  File "C:\Users\Andrei\Desktop\DJANGO\venv\Lib\site-packages\django\contrib\sitemaps\__init__.py", line 39, in _get
    return attr(item)
  File "C:\Users\Andrei\Desktop\DJANGO\ProiectDjango\aplicatie\sitemaps.py", line 23, in location
    return reverse(item)
  File "C:\Users\Andrei\Desktop\DJANGO\venv\Lib\site-packages\django\urls\base.py", line 98, in reverse
    resolved_url = resolver._reverse_with_prefix(view, prefix, *args, **kwargs)
  File "C:\Users\Andrei\Desktop\DJANGO\venv\Lib\site-packages\django\urls\resolvers.py", line 831, in _reverse_with_prefix
    raise NoReverseMatch(msg)
django.urls.exceptions.NoReverseMatch: Reverse for 'home' not found. 'home' is not a valid view function or pattern name.
[ERROR] 2025-12-27 14:08:00,685 basehttp: "GET /sitemap.xml HTTP/1.1" 500 116592
[ERROR] 2025-12-28 14:41:43,083 log: Internal Server Error: /admin/aplicatie/produs/2/change/
Traceback (most recent call last):
  File "C:\Users\Andrei\Desktop\DJANGO\venv\Lib\site-packages\django\db\backends\base\base.py", line 303, in _commit
    return self.connection.commit()
           ~~~~~~~~~~~~~~~~~~~~~~^^
  File "C:\Users\Andrei\Desktop\DJANGO\venv\Lib\site-packages\psycopg\connection.py", line 274, in commit
    self.wait(self._commit_gen())
    ~~~~~~~~~^^^^^^^^^^^^^^^^^^^^
  File "C:\Users\Andrei\Desktop\DJANGO\venv\Lib\site-packages\psycopg\connection.py", line 453, in wait
    return waiting.wait(gen, self.pgconn.socket, interval=interval)
           ~~~~~~~~~~~~^^^^^^^^^^^^^^^^^^^^^^^^^^^^^^^^^^^^^^^^^^^^
  File "C:\Users\Andrei\Desktop\DJANGO\venv\Lib\site-packages\psycopg\waiting.py", line 254, in wait_select
    s = gen.send(ready)
  File "C:\Users\Andrei\Desktop\DJANGO\venv\Lib\site-packages\psycopg\_connection_base.py", line 581, in _commit_gen
    yield from self._exec_command(b"COMMIT")
  File "C:\Users\Andrei\Desktop\DJANGO\venv\Lib\site-packages\psycopg\_connection_base.py", line 479, in _exec_command
    raise e.error_from_result(result, encoding=self.pgconn._encoding)
psycopg.errors.ForeignKeyViolation: insert or update on table "django_admin_log" violates foreign key constraint "django_admin_log_user_id_c564eba6_fk_auth_user_id"
DETAIL:  Key (user_id)=(6) is not present in table "auth_user".

The above exception was the direct cause of the following exception:

Traceback (most recent call last):
  File "C:\Users\Andrei\Desktop\DJANGO\venv\Lib\site-packages\django\core\handlers\exception.py", line 55, in inner
    response = get_response(request)
  File "C:\Users\Andrei\Desktop\DJANGO\venv\Lib\site-packages\django\core\handlers\base.py", line 197, in _get_response
    response = wrapped_callback(request, *callback_args, **callback_kwargs)
  File "C:\Users\Andrei\Desktop\DJANGO\venv\Lib\site-packages\django\contrib\admin\options.py", line 719, in wrapper
    return self.admin_site.admin_view(view)(*args, **kwargs)
           ~~~~~~~~~~~~~~~~~~~~~~~~~~~~~~~~^^^^^^^^^^^^^^^^^
  File "C:\Users\Andrei\Desktop\DJANGO\venv\Lib\site-packages\django\utils\decorators.py", line 192, in _view_wrapper
    result = _process_exception(request, e)
  File "C:\Users\Andrei\Desktop\DJANGO\venv\Lib\site-packages\django\utils\decorators.py", line 190, in _view_wrapper
    response = view_func(request, *args, **kwargs)
  File "C:\Users\Andrei\Desktop\DJANGO\venv\Lib\site-packages\django\views\decorators\cache.py", line 80, in _view_wrapper
    response = view_func(request, *args, **kwargs)
  File "C:\Users\Andrei\Desktop\DJANGO\venv\Lib\site-packages\django\contrib\admin\sites.py", line 246, in inner
    return view(request, *args, **kwargs)
  File "C:\Users\Andrei\Desktop\DJANGO\venv\Lib\site-packages\django\contrib\admin\options.py", line 1987, in change_view
    return self.changeform_view(request, object_id, form_url, extra_context)
           ~~~~~~~~~~~~~~~~~~~~^^^^^^^^^^^^^^^^^^^^^^^^^^^^^^^^^^^^^^^^^^^^^
  File "C:\Users\Andrei\Desktop\DJANGO\venv\Lib\site-packages\django\utils\decorators.py", line 48, in _wrapper
    return bound_method(*args, **kwargs)
  File "C:\Users\Andrei\Desktop\DJANGO\venv\Lib\site-packages\django\utils\decorators.py", line 192, in _view_wrapper
    result = _process_exception(request, e)
  File "C:\Users\Andrei\Desktop\DJANGO\venv\Lib\site-packages\django\utils\decorators.py", line 190, in _view_wrapper
    response = view_func(request, *args, **kwargs)
  File "C:\Users\Andrei\Desktop\DJANGO\venv\Lib\site-packages\django\contrib\admin\options.py", line 1842, in changeform_view
    with transaction.atomic(using=router.db_for_write(self.model)):
         ~~~~~~~~~~~~~~~~~~^^^^^^^^^^^^^^^^^^^^^^^^^^^^^^^^^^^^^^^
  File "C:\Users\Andrei\Desktop\DJANGO\venv\Lib\site-packages\django\db\transaction.py", line 263, in __exit__
    connection.commit()
    ~~~~~~~~~~~~~~~~~^^
  File "C:\Users\Andrei\Desktop\DJANGO\venv\Lib\site-packages\django\utils\asyncio.py", line 26, in inner
    return func(*args, **kwargs)
  File "C:\Users\Andrei\Desktop\DJANGO\venv\Lib\site-packages\django\db\backends\base\base.py", line 327, in commit
    self._commit()
    ~~~~~~~~~~~~^^
  File "C:\Users\Andrei\Desktop\DJANGO\venv\Lib\site-packages\django\db\backends\base\base.py", line 302, in _commit
    with debug_transaction(self, "COMMIT"), self.wrap_database_errors:
                                            ^^^^^^^^^^^^^^^^^^^^^^^^^
  File "C:\Users\Andrei\Desktop\DJANGO\venv\Lib\site-packages\django\db\utils.py", line 91, in __exit__
    raise dj_exc_value.with_traceback(traceback) from exc_value
  File "C:\Users\Andrei\Desktop\DJANGO\venv\Lib\site-packages\django\db\backends\base\base.py", line 303, in _commit
    return self.connection.commit()
           ~~~~~~~~~~~~~~~~~~~~~~^^
  File "C:\Users\Andrei\Desktop\DJANGO\venv\Lib\site-packages\psycopg\connection.py", line 274, in commit
    self.wait(self._commit_gen())
    ~~~~~~~~~^^^^^^^^^^^^^^^^^^^^
  File "C:\Users\Andrei\Desktop\DJANGO\venv\Lib\site-packages\psycopg\connection.py", line 453, in wait
    return waiting.wait(gen, self.pgconn.socket, interval=interval)
           ~~~~~~~~~~~~^^^^^^^^^^^^^^^^^^^^^^^^^^^^^^^^^^^^^^^^^^^^
  File "C:\Users\Andrei\Desktop\DJANGO\venv\Lib\site-packages\psycopg\waiting.py", line 254, in wait_select
    s = gen.send(ready)
  File "C:\Users\Andrei\Desktop\DJANGO\venv\Lib\site-packages\psycopg\_connection_base.py", line 581, in _commit_gen
    yield from self._exec_command(b"COMMIT")
  File "C:\Users\Andrei\Desktop\DJANGO\venv\Lib\site-packages\psycopg\_connection_base.py", line 479, in _exec_command
    raise e.error_from_result(result, encoding=self.pgconn._encoding)
django.db.utils.IntegrityError: insert or update on table "django_admin_log" violates foreign key constraint "django_admin_log_user_id_c564eba6_fk_auth_user_id"
DETAIL:  Key (user_id)=(6) is not present in table "auth_user".
[ERROR] 2025-12-28 14:41:43,095 basehttp: "POST /admin/aplicatie/produs/2/change/ HTTP/1.1" 500 195657
[ERROR] 2025-12-28 14:46:32,738 log: Internal Server Error: /admin/aplicatie/produs/2/change/
Traceback (most recent call last):
  File "C:\Users\Andrei\Desktop\DJANGO\venv\Lib\site-packages\django\db\backends\base\base.py", line 303, in _commit
    return self.connection.commit()
           ~~~~~~~~~~~~~~~~~~~~~~^^
  File "C:\Users\Andrei\Desktop\DJANGO\venv\Lib\site-packages\psycopg\connection.py", line 274, in commit
    self.wait(self._commit_gen())
    ~~~~~~~~~^^^^^^^^^^^^^^^^^^^^
  File "C:\Users\Andrei\Desktop\DJANGO\venv\Lib\site-packages\psycopg\connection.py", line 453, in wait
    return waiting.wait(gen, self.pgconn.socket, interval=interval)
           ~~~~~~~~~~~~^^^^^^^^^^^^^^^^^^^^^^^^^^^^^^^^^^^^^^^^^^^^
  File "C:\Users\Andrei\Desktop\DJANGO\venv\Lib\site-packages\psycopg\waiting.py", line 254, in wait_select
    s = gen.send(ready)
  File "C:\Users\Andrei\Desktop\DJANGO\venv\Lib\site-packages\psycopg\_connection_base.py", line 581, in _commit_gen
    yield from self._exec_command(b"COMMIT")
  File "C:\Users\Andrei\Desktop\DJANGO\venv\Lib\site-packages\psycopg\_connection_base.py", line 479, in _exec_command
    raise e.error_from_result(result, encoding=self.pgconn._encoding)
psycopg.errors.ForeignKeyViolation: insert or update on table "django_admin_log" violates foreign key constraint "django_admin_log_user_id_c564eba6_fk_auth_user_id"
DETAIL:  Key (user_id)=(6) is not present in table "auth_user".

The above exception was the direct cause of the following exception:

Traceback (most recent call last):
  File "C:\Users\Andrei\Desktop\DJANGO\venv\Lib\site-packages\django\core\handlers\exception.py", line 55, in inner
    response = get_response(request)
  File "C:\Users\Andrei\Desktop\DJANGO\venv\Lib\site-packages\django\core\handlers\base.py", line 197, in _get_response
    response = wrapped_callback(request, *callback_args, **callback_kwargs)
  File "C:\Users\Andrei\Desktop\DJANGO\venv\Lib\site-packages\django\contrib\admin\options.py", line 719, in wrapper
    return self.admin_site.admin_view(view)(*args, **kwargs)
           ~~~~~~~~~~~~~~~~~~~~~~~~~~~~~~~~^^^^^^^^^^^^^^^^^
  File "C:\Users\Andrei\Desktop\DJANGO\venv\Lib\site-packages\django\utils\decorators.py", line 192, in _view_wrapper
    result = _process_exception(request, e)
  File "C:\Users\Andrei\Desktop\DJANGO\venv\Lib\site-packages\django\utils\decorators.py", line 190, in _view_wrapper
    response = view_func(request, *args, **kwargs)
  File "C:\Users\Andrei\Desktop\DJANGO\venv\Lib\site-packages\django\views\decorators\cache.py", line 80, in _view_wrapper
    response = view_func(request, *args, **kwargs)
  File "C:\Users\Andrei\Desktop\DJANGO\venv\Lib\site-packages\django\contrib\admin\sites.py", line 246, in inner
    return view(request, *args, **kwargs)
  File "C:\Users\Andrei\Desktop\DJANGO\venv\Lib\site-packages\django\contrib\admin\options.py", line 1987, in change_view
    return self.changeform_view(request, object_id, form_url, extra_context)
           ~~~~~~~~~~~~~~~~~~~~^^^^^^^^^^^^^^^^^^^^^^^^^^^^^^^^^^^^^^^^^^^^^
  File "C:\Users\Andrei\Desktop\DJANGO\venv\Lib\site-packages\django\utils\decorators.py", line 48, in _wrapper
    return bound_method(*args, **kwargs)
  File "C:\Users\Andrei\Desktop\DJANGO\venv\Lib\site-packages\django\utils\decorators.py", line 192, in _view_wrapper
    result = _process_exception(request, e)
  File "C:\Users\Andrei\Desktop\DJANGO\venv\Lib\site-packages\django\utils\decorators.py", line 190, in _view_wrapper
    response = view_func(request, *args, **kwargs)
  File "C:\Users\Andrei\Desktop\DJANGO\venv\Lib\site-packages\django\contrib\admin\options.py", line 1842, in changeform_view
    with transaction.atomic(using=router.db_for_write(self.model)):
         ~~~~~~~~~~~~~~~~~~^^^^^^^^^^^^^^^^^^^^^^^^^^^^^^^^^^^^^^^
  File "C:\Users\Andrei\Desktop\DJANGO\venv\Lib\site-packages\django\db\transaction.py", line 263, in __exit__
    connection.commit()
    ~~~~~~~~~~~~~~~~~^^
  File "C:\Users\Andrei\Desktop\DJANGO\venv\Lib\site-packages\django\utils\asyncio.py", line 26, in inner
    return func(*args, **kwargs)
  File "C:\Users\Andrei\Desktop\DJANGO\venv\Lib\site-packages\django\db\backends\base\base.py", line 327, in commit
    self._commit()
    ~~~~~~~~~~~~^^
  File "C:\Users\Andrei\Desktop\DJANGO\venv\Lib\site-packages\django\db\backends\base\base.py", line 302, in _commit
    with debug_transaction(self, "COMMIT"), self.wrap_database_errors:
                                            ^^^^^^^^^^^^^^^^^^^^^^^^^
  File "C:\Users\Andrei\Desktop\DJANGO\venv\Lib\site-packages\django\db\utils.py", line 91, in __exit__
    raise dj_exc_value.with_traceback(traceback) from exc_value
  File "C:\Users\Andrei\Desktop\DJANGO\venv\Lib\site-packages\django\db\backends\base\base.py", line 303, in _commit
    return self.connection.commit()
           ~~~~~~~~~~~~~~~~~~~~~~^^
  File "C:\Users\Andrei\Desktop\DJANGO\venv\Lib\site-packages\psycopg\connection.py", line 274, in commit
    self.wait(self._commit_gen())
    ~~~~~~~~~^^^^^^^^^^^^^^^^^^^^
  File "C:\Users\Andrei\Desktop\DJANGO\venv\Lib\site-packages\psycopg\connection.py", line 453, in wait
    return waiting.wait(gen, self.pgconn.socket, interval=interval)
           ~~~~~~~~~~~~^^^^^^^^^^^^^^^^^^^^^^^^^^^^^^^^^^^^^^^^^^^^
  File "C:\Users\Andrei\Desktop\DJANGO\venv\Lib\site-packages\psycopg\waiting.py", line 254, in wait_select
    s = gen.send(ready)
  File "C:\Users\Andrei\Desktop\DJANGO\venv\Lib\site-packages\psycopg\_connection_base.py", line 581, in _commit_gen
    yield from self._exec_command(b"COMMIT")
  File "C:\Users\Andrei\Desktop\DJANGO\venv\Lib\site-packages\psycopg\_connection_base.py", line 479, in _exec_command
    raise e.error_from_result(result, encoding=self.pgconn._encoding)
django.db.utils.IntegrityError: insert or update on table "django_admin_log" violates foreign key constraint "django_admin_log_user_id_c564eba6_fk_auth_user_id"
DETAIL:  Key (user_id)=(6) is not present in table "auth_user".
[ERROR] 2025-12-28 14:46:32,749 basehttp: "POST /admin/aplicatie/produs/2/change/ HTTP/1.1" 500 195663
[ERROR] 2025-12-28 14:50:04,476 log: Internal Server Error: /admin/aplicatie/produs/2/change/
Traceback (most recent call last):
  File "C:\Users\Andrei\Desktop\DJANGO\venv\Lib\site-packages\django\db\backends\base\base.py", line 303, in _commit
    return self.connection.commit()
           ~~~~~~~~~~~~~~~~~~~~~~^^
  File "C:\Users\Andrei\Desktop\DJANGO\venv\Lib\site-packages\psycopg\connection.py", line 274, in commit
    self.wait(self._commit_gen())
    ~~~~~~~~~^^^^^^^^^^^^^^^^^^^^
  File "C:\Users\Andrei\Desktop\DJANGO\venv\Lib\site-packages\psycopg\connection.py", line 453, in wait
    return waiting.wait(gen, self.pgconn.socket, interval=interval)
           ~~~~~~~~~~~~^^^^^^^^^^^^^^^^^^^^^^^^^^^^^^^^^^^^^^^^^^^^
  File "C:\Users\Andrei\Desktop\DJANGO\venv\Lib\site-packages\psycopg\waiting.py", line 254, in wait_select
    s = gen.send(ready)
  File "C:\Users\Andrei\Desktop\DJANGO\venv\Lib\site-packages\psycopg\_connection_base.py", line 581, in _commit_gen
    yield from self._exec_command(b"COMMIT")
  File "C:\Users\Andrei\Desktop\DJANGO\venv\Lib\site-packages\psycopg\_connection_base.py", line 479, in _exec_command
    raise e.error_from_result(result, encoding=self.pgconn._encoding)
psycopg.errors.ForeignKeyViolation: insert or update on table "django_admin_log" violates foreign key constraint "django_admin_log_user_id_c564eba6_fk_auth_user_id"
DETAIL:  Key (user_id)=(6) is not present in table "auth_user".

The above exception was the direct cause of the following exception:

Traceback (most recent call last):
  File "C:\Users\Andrei\Desktop\DJANGO\venv\Lib\site-packages\django\core\handlers\exception.py", line 55, in inner
    response = get_response(request)
  File "C:\Users\Andrei\Desktop\DJANGO\venv\Lib\site-packages\django\core\handlers\base.py", line 197, in _get_response
    response = wrapped_callback(request, *callback_args, **callback_kwargs)
  File "C:\Users\Andrei\Desktop\DJANGO\venv\Lib\site-packages\django\contrib\admin\options.py", line 719, in wrapper
    return self.admin_site.admin_view(view)(*args, **kwargs)
           ~~~~~~~~~~~~~~~~~~~~~~~~~~~~~~~~^^^^^^^^^^^^^^^^^
  File "C:\Users\Andrei\Desktop\DJANGO\venv\Lib\site-packages\django\utils\decorators.py", line 192, in _view_wrapper
    result = _process_exception(request, e)
  File "C:\Users\Andrei\Desktop\DJANGO\venv\Lib\site-packages\django\utils\decorators.py", line 190, in _view_wrapper
    response = view_func(request, *args, **kwargs)
  File "C:\Users\Andrei\Desktop\DJANGO\venv\Lib\site-packages\django\views\decorators\cache.py", line 80, in _view_wrapper
    response = view_func(request, *args, **kwargs)
  File "C:\Users\Andrei\Desktop\DJANGO\venv\Lib\site-packages\django\contrib\admin\sites.py", line 246, in inner
    return view(request, *args, **kwargs)
  File "C:\Users\Andrei\Desktop\DJANGO\venv\Lib\site-packages\django\contrib\admin\options.py", line 1987, in change_view
    return self.changeform_view(request, object_id, form_url, extra_context)
           ~~~~~~~~~~~~~~~~~~~~^^^^^^^^^^^^^^^^^^^^^^^^^^^^^^^^^^^^^^^^^^^^^
  File "C:\Users\Andrei\Desktop\DJANGO\venv\Lib\site-packages\django\utils\decorators.py", line 48, in _wrapper
    return bound_method(*args, **kwargs)
  File "C:\Users\Andrei\Desktop\DJANGO\venv\Lib\site-packages\django\utils\decorators.py", line 192, in _view_wrapper
    result = _process_exception(request, e)
  File "C:\Users\Andrei\Desktop\DJANGO\venv\Lib\site-packages\django\utils\decorators.py", line 190, in _view_wrapper
    response = view_func(request, *args, **kwargs)
  File "C:\Users\Andrei\Desktop\DJANGO\venv\Lib\site-packages\django\contrib\admin\options.py", line 1842, in changeform_view
    with transaction.atomic(using=router.db_for_write(self.model)):
         ~~~~~~~~~~~~~~~~~~^^^^^^^^^^^^^^^^^^^^^^^^^^^^^^^^^^^^^^^
  File "C:\Users\Andrei\Desktop\DJANGO\venv\Lib\site-packages\django\db\transaction.py", line 263, in __exit__
    connection.commit()
    ~~~~~~~~~~~~~~~~~^^
  File "C:\Users\Andrei\Desktop\DJANGO\venv\Lib\site-packages\django\utils\asyncio.py", line 26, in inner
    return func(*args, **kwargs)
  File "C:\Users\Andrei\Desktop\DJANGO\venv\Lib\site-packages\django\db\backends\base\base.py", line 327, in commit
    self._commit()
    ~~~~~~~~~~~~^^
  File "C:\Users\Andrei\Desktop\DJANGO\venv\Lib\site-packages\django\db\backends\base\base.py", line 302, in _commit
    with debug_transaction(self, "COMMIT"), self.wrap_database_errors:
                                            ^^^^^^^^^^^^^^^^^^^^^^^^^
  File "C:\Users\Andrei\Desktop\DJANGO\venv\Lib\site-packages\django\db\utils.py", line 91, in __exit__
    raise dj_exc_value.with_traceback(traceback) from exc_value
  File "C:\Users\Andrei\Desktop\DJANGO\venv\Lib\site-packages\django\db\backends\base\base.py", line 303, in _commit
    return self.connection.commit()
           ~~~~~~~~~~~~~~~~~~~~~~^^
  File "C:\Users\Andrei\Desktop\DJANGO\venv\Lib\site-packages\psycopg\connection.py", line 274, in commit
    self.wait(self._commit_gen())
    ~~~~~~~~~^^^^^^^^^^^^^^^^^^^^
  File "C:\Users\Andrei\Desktop\DJANGO\venv\Lib\site-packages\psycopg\connection.py", line 453, in wait
    return waiting.wait(gen, self.pgconn.socket, interval=interval)
           ~~~~~~~~~~~~^^^^^^^^^^^^^^^^^^^^^^^^^^^^^^^^^^^^^^^^^^^^
  File "C:\Users\Andrei\Desktop\DJANGO\venv\Lib\site-packages\psycopg\waiting.py", line 254, in wait_select
    s = gen.send(ready)
  File "C:\Users\Andrei\Desktop\DJANGO\venv\Lib\site-packages\psycopg\_connection_base.py", line 581, in _commit_gen
    yield from self._exec_command(b"COMMIT")
  File "C:\Users\Andrei\Desktop\DJANGO\venv\Lib\site-packages\psycopg\_connection_base.py", line 479, in _exec_command
    raise e.error_from_result(result, encoding=self.pgconn._encoding)
django.db.utils.IntegrityError: insert or update on table "django_admin_log" violates foreign key constraint "django_admin_log_user_id_c564eba6_fk_auth_user_id"
DETAIL:  Key (user_id)=(6) is not present in table "auth_user".
[ERROR] 2025-12-28 14:50:04,492 basehttp: "POST /admin/aplicatie/produs/2/change/ HTTP/1.1" 500 195657
[WARNING] 2025-12-28 14:52:00,353 log: Method Not Allowed (GET): /admin/logout/
[WARNING] 2025-12-28 14:52:00,354 basehttp: "GET /admin/logout/ HTTP/1.1" 405 0
[WARNING] 2025-12-28 14:52:02,585 log: Method Not Allowed (GET): /admin/logout/
[WARNING] 2025-12-28 14:52:02,587 basehttp: "GET /admin/logout/ HTTP/1.1" 405 0
[ERROR] 2025-12-28 14:56:15,033 log: Internal Server Error: /admin/aplicatie/produs/2/change/
Traceback (most recent call last):
  File "C:\Users\Andrei\Desktop\DJANGO\venv\Lib\site-packages\django\db\backends\base\base.py", line 303, in _commit
    return self.connection.commit()
           ~~~~~~~~~~~~~~~~~~~~~~^^
  File "C:\Users\Andrei\Desktop\DJANGO\venv\Lib\site-packages\psycopg\connection.py", line 274, in commit
    self.wait(self._commit_gen())
    ~~~~~~~~~^^^^^^^^^^^^^^^^^^^^
  File "C:\Users\Andrei\Desktop\DJANGO\venv\Lib\site-packages\psycopg\connection.py", line 453, in wait
    return waiting.wait(gen, self.pgconn.socket, interval=interval)
           ~~~~~~~~~~~~^^^^^^^^^^^^^^^^^^^^^^^^^^^^^^^^^^^^^^^^^^^^
  File "C:\Users\Andrei\Desktop\DJANGO\venv\Lib\site-packages\psycopg\waiting.py", line 254, in wait_select
    s = gen.send(ready)
  File "C:\Users\Andrei\Desktop\DJANGO\venv\Lib\site-packages\psycopg\_connection_base.py", line 581, in _commit_gen
    yield from self._exec_command(b"COMMIT")
  File "C:\Users\Andrei\Desktop\DJANGO\venv\Lib\site-packages\psycopg\_connection_base.py", line 479, in _exec_command
    raise e.error_from_result(result, encoding=self.pgconn._encoding)
psycopg.errors.ForeignKeyViolation: insert or update on table "django_admin_log" violates foreign key constraint "django_admin_log_user_id_c564eba6_fk_auth_user_id"
DETAIL:  Key (user_id)=(6) is not present in table "auth_user".

The above exception was the direct cause of the following exception:

Traceback (most recent call last):
  File "C:\Users\Andrei\Desktop\DJANGO\venv\Lib\site-packages\django\core\handlers\exception.py", line 55, in inner
    response = get_response(request)
  File "C:\Users\Andrei\Desktop\DJANGO\venv\Lib\site-packages\django\core\handlers\base.py", line 197, in _get_response
    response = wrapped_callback(request, *callback_args, **callback_kwargs)
  File "C:\Users\Andrei\Desktop\DJANGO\venv\Lib\site-packages\django\contrib\admin\options.py", line 719, in wrapper
    return self.admin_site.admin_view(view)(*args, **kwargs)
           ~~~~~~~~~~~~~~~~~~~~~~~~~~~~~~~~^^^^^^^^^^^^^^^^^
  File "C:\Users\Andrei\Desktop\DJANGO\venv\Lib\site-packages\django\utils\decorators.py", line 192, in _view_wrapper
    result = _process_exception(request, e)
  File "C:\Users\Andrei\Desktop\DJANGO\venv\Lib\site-packages\django\utils\decorators.py", line 190, in _view_wrapper
    response = view_func(request, *args, **kwargs)
  File "C:\Users\Andrei\Desktop\DJANGO\venv\Lib\site-packages\django\views\decorators\cache.py", line 80, in _view_wrapper
    response = view_func(request, *args, **kwargs)
  File "C:\Users\Andrei\Desktop\DJANGO\venv\Lib\site-packages\django\contrib\admin\sites.py", line 246, in inner
    return view(request, *args, **kwargs)
  File "C:\Users\Andrei\Desktop\DJANGO\venv\Lib\site-packages\django\contrib\admin\options.py", line 1987, in change_view
    return self.changeform_view(request, object_id, form_url, extra_context)
           ~~~~~~~~~~~~~~~~~~~~^^^^^^^^^^^^^^^^^^^^^^^^^^^^^^^^^^^^^^^^^^^^^
  File "C:\Users\Andrei\Desktop\DJANGO\venv\Lib\site-packages\django\utils\decorators.py", line 48, in _wrapper
    return bound_method(*args, **kwargs)
  File "C:\Users\Andrei\Desktop\DJANGO\venv\Lib\site-packages\django\utils\decorators.py", line 192, in _view_wrapper
    result = _process_exception(request, e)
  File "C:\Users\Andrei\Desktop\DJANGO\venv\Lib\site-packages\django\utils\decorators.py", line 190, in _view_wrapper
    response = view_func(request, *args, **kwargs)
  File "C:\Users\Andrei\Desktop\DJANGO\venv\Lib\site-packages\django\contrib\admin\options.py", line 1842, in changeform_view
    with transaction.atomic(using=router.db_for_write(self.model)):
         ~~~~~~~~~~~~~~~~~~^^^^^^^^^^^^^^^^^^^^^^^^^^^^^^^^^^^^^^^
  File "C:\Users\Andrei\Desktop\DJANGO\venv\Lib\site-packages\django\db\transaction.py", line 263, in __exit__
    connection.commit()
    ~~~~~~~~~~~~~~~~~^^
  File "C:\Users\Andrei\Desktop\DJANGO\venv\Lib\site-packages\django\utils\asyncio.py", line 26, in inner
    return func(*args, **kwargs)
  File "C:\Users\Andrei\Desktop\DJANGO\venv\Lib\site-packages\django\db\backends\base\base.py", line 327, in commit
    self._commit()
    ~~~~~~~~~~~~^^
  File "C:\Users\Andrei\Desktop\DJANGO\venv\Lib\site-packages\django\db\backends\base\base.py", line 302, in _commit
    with debug_transaction(self, "COMMIT"), self.wrap_database_errors:
                                            ^^^^^^^^^^^^^^^^^^^^^^^^^
  File "C:\Users\Andrei\Desktop\DJANGO\venv\Lib\site-packages\django\db\utils.py", line 91, in __exit__
    raise dj_exc_value.with_traceback(traceback) from exc_value
  File "C:\Users\Andrei\Desktop\DJANGO\venv\Lib\site-packages\django\db\backends\base\base.py", line 303, in _commit
    return self.connection.commit()
           ~~~~~~~~~~~~~~~~~~~~~~^^
  File "C:\Users\Andrei\Desktop\DJANGO\venv\Lib\site-packages\psycopg\connection.py", line 274, in commit
    self.wait(self._commit_gen())
    ~~~~~~~~~^^^^^^^^^^^^^^^^^^^^
  File "C:\Users\Andrei\Desktop\DJANGO\venv\Lib\site-packages\psycopg\connection.py", line 453, in wait
    return waiting.wait(gen, self.pgconn.socket, interval=interval)
           ~~~~~~~~~~~~^^^^^^^^^^^^^^^^^^^^^^^^^^^^^^^^^^^^^^^^^^^^
  File "C:\Users\Andrei\Desktop\DJANGO\venv\Lib\site-packages\psycopg\waiting.py", line 254, in wait_select
    s = gen.send(ready)
  File "C:\Users\Andrei\Desktop\DJANGO\venv\Lib\site-packages\psycopg\_connection_base.py", line 581, in _commit_gen
    yield from self._exec_command(b"COMMIT")
  File "C:\Users\Andrei\Desktop\DJANGO\venv\Lib\site-packages\psycopg\_connection_base.py", line 479, in _exec_command
    raise e.error_from_result(result, encoding=self.pgconn._encoding)
django.db.utils.IntegrityError: insert or update on table "django_admin_log" violates foreign key constraint "django_admin_log_user_id_c564eba6_fk_auth_user_id"
DETAIL:  Key (user_id)=(6) is not present in table "auth_user".
[ERROR] 2025-12-28 14:56:15,048 basehttp: "POST /admin/aplicatie/produs/2/change/ HTTP/1.1" 500 195657
[WARNING] 2025-12-28 14:56:59,801 log: Not Found: /favicon.ico
[WARNING] 2025-12-28 14:56:59,802 basehttp: "GET /favicon.ico HTTP/1.1" 404 8916
[ERROR] 2025-12-28 14:57:11,779 log: Internal Server Error: /admin/aplicatie/produs/2/change/
Traceback (most recent call last):
  File "C:\Users\Andrei\Desktop\DJANGO\venv\Lib\site-packages\django\db\backends\base\base.py", line 303, in _commit
    return self.connection.commit()
           ~~~~~~~~~~~~~~~~~~~~~~^^
  File "C:\Users\Andrei\Desktop\DJANGO\venv\Lib\site-packages\psycopg\connection.py", line 274, in commit
    self.wait(self._commit_gen())
    ~~~~~~~~~^^^^^^^^^^^^^^^^^^^^
  File "C:\Users\Andrei\Desktop\DJANGO\venv\Lib\site-packages\psycopg\connection.py", line 453, in wait
    return waiting.wait(gen, self.pgconn.socket, interval=interval)
           ~~~~~~~~~~~~^^^^^^^^^^^^^^^^^^^^^^^^^^^^^^^^^^^^^^^^^^^^
  File "C:\Users\Andrei\Desktop\DJANGO\venv\Lib\site-packages\psycopg\waiting.py", line 254, in wait_select
    s = gen.send(ready)
  File "C:\Users\Andrei\Desktop\DJANGO\venv\Lib\site-packages\psycopg\_connection_base.py", line 581, in _commit_gen
    yield from self._exec_command(b"COMMIT")
  File "C:\Users\Andrei\Desktop\DJANGO\venv\Lib\site-packages\psycopg\_connection_base.py", line 479, in _exec_command
    raise e.error_from_result(result, encoding=self.pgconn._encoding)
psycopg.errors.ForeignKeyViolation: insert or update on table "django_admin_log" violates foreign key constraint "django_admin_log_user_id_c564eba6_fk_auth_user_id"
DETAIL:  Key (user_id)=(6) is not present in table "auth_user".

The above exception was the direct cause of the following exception:

Traceback (most recent call last):
  File "C:\Users\Andrei\Desktop\DJANGO\venv\Lib\site-packages\django\core\handlers\exception.py", line 55, in inner
    response = get_response(request)
  File "C:\Users\Andrei\Desktop\DJANGO\venv\Lib\site-packages\django\core\handlers\base.py", line 197, in _get_response
    response = wrapped_callback(request, *callback_args, **callback_kwargs)
  File "C:\Users\Andrei\Desktop\DJANGO\venv\Lib\site-packages\django\contrib\admin\options.py", line 719, in wrapper
    return self.admin_site.admin_view(view)(*args, **kwargs)
           ~~~~~~~~~~~~~~~~~~~~~~~~~~~~~~~~^^^^^^^^^^^^^^^^^
  File "C:\Users\Andrei\Desktop\DJANGO\venv\Lib\site-packages\django\utils\decorators.py", line 192, in _view_wrapper
    result = _process_exception(request, e)
  File "C:\Users\Andrei\Desktop\DJANGO\venv\Lib\site-packages\django\utils\decorators.py", line 190, in _view_wrapper
    response = view_func(request, *args, **kwargs)
  File "C:\Users\Andrei\Desktop\DJANGO\venv\Lib\site-packages\django\views\decorators\cache.py", line 80, in _view_wrapper
    response = view_func(request, *args, **kwargs)
  File "C:\Users\Andrei\Desktop\DJANGO\venv\Lib\site-packages\django\contrib\admin\sites.py", line 246, in inner
    return view(request, *args, **kwargs)
  File "C:\Users\Andrei\Desktop\DJANGO\venv\Lib\site-packages\django\contrib\admin\options.py", line 1987, in change_view
    return self.changeform_view(request, object_id, form_url, extra_context)
           ~~~~~~~~~~~~~~~~~~~~^^^^^^^^^^^^^^^^^^^^^^^^^^^^^^^^^^^^^^^^^^^^^
  File "C:\Users\Andrei\Desktop\DJANGO\venv\Lib\site-packages\django\utils\decorators.py", line 48, in _wrapper
    return bound_method(*args, **kwargs)
  File "C:\Users\Andrei\Desktop\DJANGO\venv\Lib\site-packages\django\utils\decorators.py", line 192, in _view_wrapper
    result = _process_exception(request, e)
  File "C:\Users\Andrei\Desktop\DJANGO\venv\Lib\site-packages\django\utils\decorators.py", line 190, in _view_wrapper
    response = view_func(request, *args, **kwargs)
  File "C:\Users\Andrei\Desktop\DJANGO\venv\Lib\site-packages\django\contrib\admin\options.py", line 1842, in changeform_view
    with transaction.atomic(using=router.db_for_write(self.model)):
         ~~~~~~~~~~~~~~~~~~^^^^^^^^^^^^^^^^^^^^^^^^^^^^^^^^^^^^^^^
  File "C:\Users\Andrei\Desktop\DJANGO\venv\Lib\site-packages\django\db\transaction.py", line 263, in __exit__
    connection.commit()
    ~~~~~~~~~~~~~~~~~^^
  File "C:\Users\Andrei\Desktop\DJANGO\venv\Lib\site-packages\django\utils\asyncio.py", line 26, in inner
    return func(*args, **kwargs)
  File "C:\Users\Andrei\Desktop\DJANGO\venv\Lib\site-packages\django\db\backends\base\base.py", line 327, in commit
    self._commit()
    ~~~~~~~~~~~~^^
  File "C:\Users\Andrei\Desktop\DJANGO\venv\Lib\site-packages\django\db\backends\base\base.py", line 302, in _commit
    with debug_transaction(self, "COMMIT"), self.wrap_database_errors:
                                            ^^^^^^^^^^^^^^^^^^^^^^^^^
  File "C:\Users\Andrei\Desktop\DJANGO\venv\Lib\site-packages\django\db\utils.py", line 91, in __exit__
    raise dj_exc_value.with_traceback(traceback) from exc_value
  File "C:\Users\Andrei\Desktop\DJANGO\venv\Lib\site-packages\django\db\backends\base\base.py", line 303, in _commit
    return self.connection.commit()
           ~~~~~~~~~~~~~~~~~~~~~~^^
  File "C:\Users\Andrei\Desktop\DJANGO\venv\Lib\site-packages\psycopg\connection.py", line 274, in commit
    self.wait(self._commit_gen())
    ~~~~~~~~~^^^^^^^^^^^^^^^^^^^^
  File "C:\Users\Andrei\Desktop\DJANGO\venv\Lib\site-packages\psycopg\connection.py", line 453, in wait
    return waiting.wait(gen, self.pgconn.socket, interval=interval)
           ~~~~~~~~~~~~^^^^^^^^^^^^^^^^^^^^^^^^^^^^^^^^^^^^^^^^^^^^
  File "C:\Users\Andrei\Desktop\DJANGO\venv\Lib\site-packages\psycopg\waiting.py", line 254, in wait_select
    s = gen.send(ready)
  File "C:\Users\Andrei\Desktop\DJANGO\venv\Lib\site-packages\psycopg\_connection_base.py", line 581, in _commit_gen
    yield from self._exec_command(b"COMMIT")
  File "C:\Users\Andrei\Desktop\DJANGO\venv\Lib\site-packages\psycopg\_connection_base.py", line 479, in _exec_command
    raise e.error_from_result(result, encoding=self.pgconn._encoding)
django.db.utils.IntegrityError: insert or update on table "django_admin_log" violates foreign key constraint "django_admin_log_user_id_c564eba6_fk_auth_user_id"
DETAIL:  Key (user_id)=(6) is not present in table "auth_user".
[ERROR] 2025-12-28 14:57:11,791 basehttp: "POST /admin/aplicatie/produs/2/change/ HTTP/1.1" 500 195657
[WARNING] 2025-12-28 14:57:52,941 log: Not Found: /.well-known/appspecific/com.chrome.devtools.json
[WARNING] 2025-12-28 14:57:52,943 basehttp: "GET /.well-known/appspecific/com.chrome.devtools.json HTTP/1.1" 404 9027
[WARNING] 2025-12-28 14:59:14,993 log: Forbidden (CSRF cookie not set.): /admin/aplicatie/produs/2/change/
[WARNING] 2025-12-28 14:59:14,997 basehttp: "POST /admin/aplicatie/produs/2/change/ HTTP/1.1" 403 2855
[ERROR] 2025-12-28 14:59:28,767 log: Internal Server Error: /admin/aplicatie/produs/2/change/
Traceback (most recent call last):
  File "C:\Users\Andrei\Desktop\DJANGO\venv\Lib\site-packages\django\db\backends\base\base.py", line 303, in _commit
    return self.connection.commit()
           ~~~~~~~~~~~~~~~~~~~~~~^^
  File "C:\Users\Andrei\Desktop\DJANGO\venv\Lib\site-packages\psycopg\connection.py", line 274, in commit
    self.wait(self._commit_gen())
    ~~~~~~~~~^^^^^^^^^^^^^^^^^^^^
  File "C:\Users\Andrei\Desktop\DJANGO\venv\Lib\site-packages\psycopg\connection.py", line 453, in wait
    return waiting.wait(gen, self.pgconn.socket, interval=interval)
           ~~~~~~~~~~~~^^^^^^^^^^^^^^^^^^^^^^^^^^^^^^^^^^^^^^^^^^^^
  File "C:\Users\Andrei\Desktop\DJANGO\venv\Lib\site-packages\psycopg\waiting.py", line 254, in wait_select
    s = gen.send(ready)
  File "C:\Users\Andrei\Desktop\DJANGO\venv\Lib\site-packages\psycopg\_connection_base.py", line 581, in _commit_gen
    yield from self._exec_command(b"COMMIT")
  File "C:\Users\Andrei\Desktop\DJANGO\venv\Lib\site-packages\psycopg\_connection_base.py", line 479, in _exec_command
    raise e.error_from_result(result, encoding=self.pgconn._encoding)
psycopg.errors.ForeignKeyViolation: insert or update on table "django_admin_log" violates foreign key constraint "django_admin_log_user_id_c564eba6_fk_auth_user_id"
DETAIL:  Key (user_id)=(6) is not present in table "auth_user".

The above exception was the direct cause of the following exception:

Traceback (most recent call last):
  File "C:\Users\Andrei\Desktop\DJANGO\venv\Lib\site-packages\django\core\handlers\exception.py", line 55, in inner
    response = get_response(request)
  File "C:\Users\Andrei\Desktop\DJANGO\venv\Lib\site-packages\django\core\handlers\base.py", line 197, in _get_response
    response = wrapped_callback(request, *callback_args, **callback_kwargs)
  File "C:\Users\Andrei\Desktop\DJANGO\venv\Lib\site-packages\django\contrib\admin\options.py", line 719, in wrapper
    return self.admin_site.admin_view(view)(*args, **kwargs)
           ~~~~~~~~~~~~~~~~~~~~~~~~~~~~~~~~^^^^^^^^^^^^^^^^^
  File "C:\Users\Andrei\Desktop\DJANGO\venv\Lib\site-packages\django\utils\decorators.py", line 192, in _view_wrapper
    result = _process_exception(request, e)
  File "C:\Users\Andrei\Desktop\DJANGO\venv\Lib\site-packages\django\utils\decorators.py", line 190, in _view_wrapper
    response = view_func(request, *args, **kwargs)
  File "C:\Users\Andrei\Desktop\DJANGO\venv\Lib\site-packages\django\views\decorators\cache.py", line 80, in _view_wrapper
    response = view_func(request, *args, **kwargs)
  File "C:\Users\Andrei\Desktop\DJANGO\venv\Lib\site-packages\django\contrib\admin\sites.py", line 246, in inner
    return view(request, *args, **kwargs)
  File "C:\Users\Andrei\Desktop\DJANGO\venv\Lib\site-packages\django\contrib\admin\options.py", line 1987, in change_view
    return self.changeform_view(request, object_id, form_url, extra_context)
           ~~~~~~~~~~~~~~~~~~~~^^^^^^^^^^^^^^^^^^^^^^^^^^^^^^^^^^^^^^^^^^^^^
  File "C:\Users\Andrei\Desktop\DJANGO\venv\Lib\site-packages\django\utils\decorators.py", line 48, in _wrapper
    return bound_method(*args, **kwargs)
  File "C:\Users\Andrei\Desktop\DJANGO\venv\Lib\site-packages\django\utils\decorators.py", line 192, in _view_wrapper
    result = _process_exception(request, e)
  File "C:\Users\Andrei\Desktop\DJANGO\venv\Lib\site-packages\django\utils\decorators.py", line 190, in _view_wrapper
    response = view_func(request, *args, **kwargs)
  File "C:\Users\Andrei\Desktop\DJANGO\venv\Lib\site-packages\django\contrib\admin\options.py", line 1842, in changeform_view
    with transaction.atomic(using=router.db_for_write(self.model)):
         ~~~~~~~~~~~~~~~~~~^^^^^^^^^^^^^^^^^^^^^^^^^^^^^^^^^^^^^^^
  File "C:\Users\Andrei\Desktop\DJANGO\venv\Lib\site-packages\django\db\transaction.py", line 263, in __exit__
    connection.commit()
    ~~~~~~~~~~~~~~~~~^^
  File "C:\Users\Andrei\Desktop\DJANGO\venv\Lib\site-packages\django\utils\asyncio.py", line 26, in inner
    return func(*args, **kwargs)
  File "C:\Users\Andrei\Desktop\DJANGO\venv\Lib\site-packages\django\db\backends\base\base.py", line 327, in commit
    self._commit()
    ~~~~~~~~~~~~^^
  File "C:\Users\Andrei\Desktop\DJANGO\venv\Lib\site-packages\django\db\backends\base\base.py", line 302, in _commit
    with debug_transaction(self, "COMMIT"), self.wrap_database_errors:
                                            ^^^^^^^^^^^^^^^^^^^^^^^^^
  File "C:\Users\Andrei\Desktop\DJANGO\venv\Lib\site-packages\django\db\utils.py", line 91, in __exit__
    raise dj_exc_value.with_traceback(traceback) from exc_value
  File "C:\Users\Andrei\Desktop\DJANGO\venv\Lib\site-packages\django\db\backends\base\base.py", line 303, in _commit
    return self.connection.commit()
           ~~~~~~~~~~~~~~~~~~~~~~^^
  File "C:\Users\Andrei\Desktop\DJANGO\venv\Lib\site-packages\psycopg\connection.py", line 274, in commit
    self.wait(self._commit_gen())
    ~~~~~~~~~^^^^^^^^^^^^^^^^^^^^
  File "C:\Users\Andrei\Desktop\DJANGO\venv\Lib\site-packages\psycopg\connection.py", line 453, in wait
    return waiting.wait(gen, self.pgconn.socket, interval=interval)
           ~~~~~~~~~~~~^^^^^^^^^^^^^^^^^^^^^^^^^^^^^^^^^^^^^^^^^^^^
  File "C:\Users\Andrei\Desktop\DJANGO\venv\Lib\site-packages\psycopg\waiting.py", line 254, in wait_select
    s = gen.send(ready)
  File "C:\Users\Andrei\Desktop\DJANGO\venv\Lib\site-packages\psycopg\_connection_base.py", line 581, in _commit_gen
    yield from self._exec_command(b"COMMIT")
  File "C:\Users\Andrei\Desktop\DJANGO\venv\Lib\site-packages\psycopg\_connection_base.py", line 479, in _exec_command
    raise e.error_from_result(result, encoding=self.pgconn._encoding)
django.db.utils.IntegrityError: insert or update on table "django_admin_log" violates foreign key constraint "django_admin_log_user_id_c564eba6_fk_auth_user_id"
DETAIL:  Key (user_id)=(6) is not present in table "auth_user".
[ERROR] 2025-12-28 14:59:28,778 basehttp: "POST /admin/aplicatie/produs/2/change/ HTTP/1.1" 500 195657
[ERROR] 2025-12-28 15:01:53,981 log: Internal Server Error: /admin/aplicatie/produs/2/change/
Traceback (most recent call last):
  File "C:\Users\Andrei\Desktop\DJANGO\venv\Lib\site-packages\django\db\backends\base\base.py", line 303, in _commit
    return self.connection.commit()
           ~~~~~~~~~~~~~~~~~~~~~~^^
  File "C:\Users\Andrei\Desktop\DJANGO\venv\Lib\site-packages\psycopg\connection.py", line 274, in commit
    self.wait(self._commit_gen())
    ~~~~~~~~~^^^^^^^^^^^^^^^^^^^^
  File "C:\Users\Andrei\Desktop\DJANGO\venv\Lib\site-packages\psycopg\connection.py", line 453, in wait
    return waiting.wait(gen, self.pgconn.socket, interval=interval)
           ~~~~~~~~~~~~^^^^^^^^^^^^^^^^^^^^^^^^^^^^^^^^^^^^^^^^^^^^
  File "C:\Users\Andrei\Desktop\DJANGO\venv\Lib\site-packages\psycopg\waiting.py", line 254, in wait_select
    s = gen.send(ready)
  File "C:\Users\Andrei\Desktop\DJANGO\venv\Lib\site-packages\psycopg\_connection_base.py", line 581, in _commit_gen
    yield from self._exec_command(b"COMMIT")
  File "C:\Users\Andrei\Desktop\DJANGO\venv\Lib\site-packages\psycopg\_connection_base.py", line 479, in _exec_command
    raise e.error_from_result(result, encoding=self.pgconn._encoding)
psycopg.errors.ForeignKeyViolation: insert or update on table "django_admin_log" violates foreign key constraint "django_admin_log_user_id_c564eba6_fk_auth_user_id"
DETAIL:  Key (user_id)=(6) is not present in table "auth_user".

The above exception was the direct cause of the following exception:

Traceback (most recent call last):
  File "C:\Users\Andrei\Desktop\DJANGO\venv\Lib\site-packages\django\core\handlers\exception.py", line 55, in inner
    response = get_response(request)
  File "C:\Users\Andrei\Desktop\DJANGO\venv\Lib\site-packages\django\core\handlers\base.py", line 197, in _get_response
    response = wrapped_callback(request, *callback_args, **callback_kwargs)
  File "C:\Users\Andrei\Desktop\DJANGO\venv\Lib\site-packages\django\contrib\admin\options.py", line 719, in wrapper
    return self.admin_site.admin_view(view)(*args, **kwargs)
           ~~~~~~~~~~~~~~~~~~~~~~~~~~~~~~~~^^^^^^^^^^^^^^^^^
  File "C:\Users\Andrei\Desktop\DJANGO\venv\Lib\site-packages\django\utils\decorators.py", line 192, in _view_wrapper
    result = _process_exception(request, e)
  File "C:\Users\Andrei\Desktop\DJANGO\venv\Lib\site-packages\django\utils\decorators.py", line 190, in _view_wrapper
    response = view_func(request, *args, **kwargs)
  File "C:\Users\Andrei\Desktop\DJANGO\venv\Lib\site-packages\django\views\decorators\cache.py", line 80, in _view_wrapper
    response = view_func(request, *args, **kwargs)
  File "C:\Users\Andrei\Desktop\DJANGO\venv\Lib\site-packages\django\contrib\admin\sites.py", line 246, in inner
    return view(request, *args, **kwargs)
  File "C:\Users\Andrei\Desktop\DJANGO\venv\Lib\site-packages\django\contrib\admin\options.py", line 1987, in change_view
    return self.changeform_view(request, object_id, form_url, extra_context)
           ~~~~~~~~~~~~~~~~~~~~^^^^^^^^^^^^^^^^^^^^^^^^^^^^^^^^^^^^^^^^^^^^^
  File "C:\Users\Andrei\Desktop\DJANGO\venv\Lib\site-packages\django\utils\decorators.py", line 48, in _wrapper
    return bound_method(*args, **kwargs)
  File "C:\Users\Andrei\Desktop\DJANGO\venv\Lib\site-packages\django\utils\decorators.py", line 192, in _view_wrapper
    result = _process_exception(request, e)
  File "C:\Users\Andrei\Desktop\DJANGO\venv\Lib\site-packages\django\utils\decorators.py", line 190, in _view_wrapper
    response = view_func(request, *args, **kwargs)
  File "C:\Users\Andrei\Desktop\DJANGO\venv\Lib\site-packages\django\contrib\admin\options.py", line 1842, in changeform_view
    with transaction.atomic(using=router.db_for_write(self.model)):
         ~~~~~~~~~~~~~~~~~~^^^^^^^^^^^^^^^^^^^^^^^^^^^^^^^^^^^^^^^
  File "C:\Users\Andrei\Desktop\DJANGO\venv\Lib\site-packages\django\db\transaction.py", line 263, in __exit__
    connection.commit()
    ~~~~~~~~~~~~~~~~~^^
  File "C:\Users\Andrei\Desktop\DJANGO\venv\Lib\site-packages\django\utils\asyncio.py", line 26, in inner
    return func(*args, **kwargs)
  File "C:\Users\Andrei\Desktop\DJANGO\venv\Lib\site-packages\django\db\backends\base\base.py", line 327, in commit
    self._commit()
    ~~~~~~~~~~~~^^
  File "C:\Users\Andrei\Desktop\DJANGO\venv\Lib\site-packages\django\db\backends\base\base.py", line 302, in _commit
    with debug_transaction(self, "COMMIT"), self.wrap_database_errors:
                                            ^^^^^^^^^^^^^^^^^^^^^^^^^
  File "C:\Users\Andrei\Desktop\DJANGO\venv\Lib\site-packages\django\db\utils.py", line 91, in __exit__
    raise dj_exc_value.with_traceback(traceback) from exc_value
  File "C:\Users\Andrei\Desktop\DJANGO\venv\Lib\site-packages\django\db\backends\base\base.py", line 303, in _commit
    return self.connection.commit()
           ~~~~~~~~~~~~~~~~~~~~~~^^
  File "C:\Users\Andrei\Desktop\DJANGO\venv\Lib\site-packages\psycopg\connection.py", line 274, in commit
    self.wait(self._commit_gen())
    ~~~~~~~~~^^^^^^^^^^^^^^^^^^^^
  File "C:\Users\Andrei\Desktop\DJANGO\venv\Lib\site-packages\psycopg\connection.py", line 453, in wait
    return waiting.wait(gen, self.pgconn.socket, interval=interval)
           ~~~~~~~~~~~~^^^^^^^^^^^^^^^^^^^^^^^^^^^^^^^^^^^^^^^^^^^^
  File "C:\Users\Andrei\Desktop\DJANGO\venv\Lib\site-packages\psycopg\waiting.py", line 254, in wait_select
    s = gen.send(ready)
  File "C:\Users\Andrei\Desktop\DJANGO\venv\Lib\site-packages\psycopg\_connection_base.py", line 581, in _commit_gen
    yield from self._exec_command(b"COMMIT")
  File "C:\Users\Andrei\Desktop\DJANGO\venv\Lib\site-packages\psycopg\_connection_base.py", line 479, in _exec_command
    raise e.error_from_result(result, encoding=self.pgconn._encoding)
django.db.utils.IntegrityError: insert or update on table "django_admin_log" violates foreign key constraint "django_admin_log_user_id_c564eba6_fk_auth_user_id"
DETAIL:  Key (user_id)=(6) is not present in table "auth_user".
[ERROR] 2025-12-28 15:01:53,997 basehttp: "POST /admin/aplicatie/produs/2/change/ HTTP/1.1" 500 195663
[ERROR] 2025-12-28 15:13:31,228 log: Internal Server Error: /admin/aplicatie/produs/2/change/
Traceback (most recent call last):
  File "C:\Users\Andrei\Desktop\DJANGO\venv\Lib\site-packages\django\db\backends\base\base.py", line 303, in _commit
    return self.connection.commit()
           ~~~~~~~~~~~~~~~~~~~~~~^^
  File "C:\Users\Andrei\Desktop\DJANGO\venv\Lib\site-packages\psycopg\connection.py", line 274, in commit
    self.wait(self._commit_gen())
    ~~~~~~~~~^^^^^^^^^^^^^^^^^^^^
  File "C:\Users\Andrei\Desktop\DJANGO\venv\Lib\site-packages\psycopg\connection.py", line 453, in wait
    return waiting.wait(gen, self.pgconn.socket, interval=interval)
           ~~~~~~~~~~~~^^^^^^^^^^^^^^^^^^^^^^^^^^^^^^^^^^^^^^^^^^^^
  File "C:\Users\Andrei\Desktop\DJANGO\venv\Lib\site-packages\psycopg\waiting.py", line 254, in wait_select
    s = gen.send(ready)
  File "C:\Users\Andrei\Desktop\DJANGO\venv\Lib\site-packages\psycopg\_connection_base.py", line 581, in _commit_gen
    yield from self._exec_command(b"COMMIT")
  File "C:\Users\Andrei\Desktop\DJANGO\venv\Lib\site-packages\psycopg\_connection_base.py", line 479, in _exec_command
    raise e.error_from_result(result, encoding=self.pgconn._encoding)
psycopg.errors.ForeignKeyViolation: insert or update on table "django_admin_log" violates foreign key constraint "django_admin_log_user_id_c564eba6_fk_auth_user_id"
DETAIL:  Key (user_id)=(6) is not present in table "auth_user".

The above exception was the direct cause of the following exception:

Traceback (most recent call last):
  File "C:\Users\Andrei\Desktop\DJANGO\venv\Lib\site-packages\django\core\handlers\exception.py", line 55, in inner
    response = get_response(request)
  File "C:\Users\Andrei\Desktop\DJANGO\venv\Lib\site-packages\django\core\handlers\base.py", line 197, in _get_response
    response = wrapped_callback(request, *callback_args, **callback_kwargs)
  File "C:\Users\Andrei\Desktop\DJANGO\venv\Lib\site-packages\django\contrib\admin\options.py", line 719, in wrapper
    return self.admin_site.admin_view(view)(*args, **kwargs)
           ~~~~~~~~~~~~~~~~~~~~~~~~~~~~~~~~^^^^^^^^^^^^^^^^^
  File "C:\Users\Andrei\Desktop\DJANGO\venv\Lib\site-packages\django\utils\decorators.py", line 192, in _view_wrapper
    result = _process_exception(request, e)
  File "C:\Users\Andrei\Desktop\DJANGO\venv\Lib\site-packages\django\utils\decorators.py", line 190, in _view_wrapper
    response = view_func(request, *args, **kwargs)
  File "C:\Users\Andrei\Desktop\DJANGO\venv\Lib\site-packages\django\views\decorators\cache.py", line 80, in _view_wrapper
    response = view_func(request, *args, **kwargs)
  File "C:\Users\Andrei\Desktop\DJANGO\venv\Lib\site-packages\django\contrib\admin\sites.py", line 246, in inner
    return view(request, *args, **kwargs)
  File "C:\Users\Andrei\Desktop\DJANGO\venv\Lib\site-packages\django\contrib\admin\options.py", line 1987, in change_view
    return self.changeform_view(request, object_id, form_url, extra_context)
           ~~~~~~~~~~~~~~~~~~~~^^^^^^^^^^^^^^^^^^^^^^^^^^^^^^^^^^^^^^^^^^^^^
  File "C:\Users\Andrei\Desktop\DJANGO\venv\Lib\site-packages\django\utils\decorators.py", line 48, in _wrapper
    return bound_method(*args, **kwargs)
  File "C:\Users\Andrei\Desktop\DJANGO\venv\Lib\site-packages\django\utils\decorators.py", line 192, in _view_wrapper
    result = _process_exception(request, e)
  File "C:\Users\Andrei\Desktop\DJANGO\venv\Lib\site-packages\django\utils\decorators.py", line 190, in _view_wrapper
    response = view_func(request, *args, **kwargs)
  File "C:\Users\Andrei\Desktop\DJANGO\venv\Lib\site-packages\django\contrib\admin\options.py", line 1842, in changeform_view
    with transaction.atomic(using=router.db_for_write(self.model)):
         ~~~~~~~~~~~~~~~~~~^^^^^^^^^^^^^^^^^^^^^^^^^^^^^^^^^^^^^^^
  File "C:\Users\Andrei\Desktop\DJANGO\venv\Lib\site-packages\django\db\transaction.py", line 263, in __exit__
    connection.commit()
    ~~~~~~~~~~~~~~~~~^^
  File "C:\Users\Andrei\Desktop\DJANGO\venv\Lib\site-packages\django\utils\asyncio.py", line 26, in inner
    return func(*args, **kwargs)
  File "C:\Users\Andrei\Desktop\DJANGO\venv\Lib\site-packages\django\db\backends\base\base.py", line 327, in commit
    self._commit()
    ~~~~~~~~~~~~^^
  File "C:\Users\Andrei\Desktop\DJANGO\venv\Lib\site-packages\django\db\backends\base\base.py", line 302, in _commit
    with debug_transaction(self, "COMMIT"), self.wrap_database_errors:
                                            ^^^^^^^^^^^^^^^^^^^^^^^^^
  File "C:\Users\Andrei\Desktop\DJANGO\venv\Lib\site-packages\django\db\utils.py", line 91, in __exit__
    raise dj_exc_value.with_traceback(traceback) from exc_value
  File "C:\Users\Andrei\Desktop\DJANGO\venv\Lib\site-packages\django\db\backends\base\base.py", line 303, in _commit
    return self.connection.commit()
           ~~~~~~~~~~~~~~~~~~~~~~^^
  File "C:\Users\Andrei\Desktop\DJANGO\venv\Lib\site-packages\psycopg\connection.py", line 274, in commit
    self.wait(self._commit_gen())
    ~~~~~~~~~^^^^^^^^^^^^^^^^^^^^
  File "C:\Users\Andrei\Desktop\DJANGO\venv\Lib\site-packages\psycopg\connection.py", line 453, in wait
    return waiting.wait(gen, self.pgconn.socket, interval=interval)
           ~~~~~~~~~~~~^^^^^^^^^^^^^^^^^^^^^^^^^^^^^^^^^^^^^^^^^^^^
  File "C:\Users\Andrei\Desktop\DJANGO\venv\Lib\site-packages\psycopg\waiting.py", line 254, in wait_select
    s = gen.send(ready)
  File "C:\Users\Andrei\Desktop\DJANGO\venv\Lib\site-packages\psycopg\_connection_base.py", line 581, in _commit_gen
    yield from self._exec_command(b"COMMIT")
  File "C:\Users\Andrei\Desktop\DJANGO\venv\Lib\site-packages\psycopg\_connection_base.py", line 479, in _exec_command
    raise e.error_from_result(result, encoding=self.pgconn._encoding)
django.db.utils.IntegrityError: insert or update on table "django_admin_log" violates foreign key constraint "django_admin_log_user_id_c564eba6_fk_auth_user_id"
DETAIL:  Key (user_id)=(6) is not present in table "auth_user".
[ERROR] 2025-12-28 15:13:31,238 basehttp: "POST /admin/aplicatie/produs/2/change/ HTTP/1.1" 500 195657
[ERROR] 2025-12-28 15:14:09,182 log: Internal Server Error: /admin/aplicatie/produs/2/change/
Traceback (most recent call last):
  File "C:\Users\Andrei\Desktop\DJANGO\venv\Lib\site-packages\django\db\backends\base\base.py", line 303, in _commit
    return self.connection.commit()
           ~~~~~~~~~~~~~~~~~~~~~~^^
  File "C:\Users\Andrei\Desktop\DJANGO\venv\Lib\site-packages\psycopg\connection.py", line 274, in commit
    self.wait(self._commit_gen())
    ~~~~~~~~~^^^^^^^^^^^^^^^^^^^^
  File "C:\Users\Andrei\Desktop\DJANGO\venv\Lib\site-packages\psycopg\connection.py", line 453, in wait
    return waiting.wait(gen, self.pgconn.socket, interval=interval)
           ~~~~~~~~~~~~^^^^^^^^^^^^^^^^^^^^^^^^^^^^^^^^^^^^^^^^^^^^
  File "C:\Users\Andrei\Desktop\DJANGO\venv\Lib\site-packages\psycopg\waiting.py", line 254, in wait_select
    s = gen.send(ready)
  File "C:\Users\Andrei\Desktop\DJANGO\venv\Lib\site-packages\psycopg\_connection_base.py", line 581, in _commit_gen
    yield from self._exec_command(b"COMMIT")
  File "C:\Users\Andrei\Desktop\DJANGO\venv\Lib\site-packages\psycopg\_connection_base.py", line 479, in _exec_command
    raise e.error_from_result(result, encoding=self.pgconn._encoding)
psycopg.errors.ForeignKeyViolation: insert or update on table "django_admin_log" violates foreign key constraint "django_admin_log_user_id_c564eba6_fk_auth_user_id"
DETAIL:  Key (user_id)=(6) is not present in table "auth_user".

The above exception was the direct cause of the following exception:

Traceback (most recent call last):
  File "C:\Users\Andrei\Desktop\DJANGO\venv\Lib\site-packages\django\core\handlers\exception.py", line 55, in inner
    response = get_response(request)
  File "C:\Users\Andrei\Desktop\DJANGO\venv\Lib\site-packages\django\core\handlers\base.py", line 197, in _get_response
    response = wrapped_callback(request, *callback_args, **callback_kwargs)
  File "C:\Users\Andrei\Desktop\DJANGO\venv\Lib\site-packages\django\contrib\admin\options.py", line 719, in wrapper
    return self.admin_site.admin_view(view)(*args, **kwargs)
           ~~~~~~~~~~~~~~~~~~~~~~~~~~~~~~~~^^^^^^^^^^^^^^^^^
  File "C:\Users\Andrei\Desktop\DJANGO\venv\Lib\site-packages\django\utils\decorators.py", line 192, in _view_wrapper
    result = _process_exception(request, e)
  File "C:\Users\Andrei\Desktop\DJANGO\venv\Lib\site-packages\django\utils\decorators.py", line 190, in _view_wrapper
    response = view_func(request, *args, **kwargs)
  File "C:\Users\Andrei\Desktop\DJANGO\venv\Lib\site-packages\django\views\decorators\cache.py", line 80, in _view_wrapper
    response = view_func(request, *args, **kwargs)
  File "C:\Users\Andrei\Desktop\DJANGO\venv\Lib\site-packages\django\contrib\admin\sites.py", line 246, in inner
    return view(request, *args, **kwargs)
  File "C:\Users\Andrei\Desktop\DJANGO\venv\Lib\site-packages\django\contrib\admin\options.py", line 1987, in change_view
    return self.changeform_view(request, object_id, form_url, extra_context)
           ~~~~~~~~~~~~~~~~~~~~^^^^^^^^^^^^^^^^^^^^^^^^^^^^^^^^^^^^^^^^^^^^^
  File "C:\Users\Andrei\Desktop\DJANGO\venv\Lib\site-packages\django\utils\decorators.py", line 48, in _wrapper
    return bound_method(*args, **kwargs)
  File "C:\Users\Andrei\Desktop\DJANGO\venv\Lib\site-packages\django\utils\decorators.py", line 192, in _view_wrapper
    result = _process_exception(request, e)
  File "C:\Users\Andrei\Desktop\DJANGO\venv\Lib\site-packages\django\utils\decorators.py", line 190, in _view_wrapper
    response = view_func(request, *args, **kwargs)
  File "C:\Users\Andrei\Desktop\DJANGO\venv\Lib\site-packages\django\contrib\admin\options.py", line 1842, in changeform_view
    with transaction.atomic(using=router.db_for_write(self.model)):
         ~~~~~~~~~~~~~~~~~~^^^^^^^^^^^^^^^^^^^^^^^^^^^^^^^^^^^^^^^
  File "C:\Users\Andrei\Desktop\DJANGO\venv\Lib\site-packages\django\db\transaction.py", line 263, in __exit__
    connection.commit()
    ~~~~~~~~~~~~~~~~~^^
  File "C:\Users\Andrei\Desktop\DJANGO\venv\Lib\site-packages\django\utils\asyncio.py", line 26, in inner
    return func(*args, **kwargs)
  File "C:\Users\Andrei\Desktop\DJANGO\venv\Lib\site-packages\django\db\backends\base\base.py", line 327, in commit
    self._commit()
    ~~~~~~~~~~~~^^
  File "C:\Users\Andrei\Desktop\DJANGO\venv\Lib\site-packages\django\db\backends\base\base.py", line 302, in _commit
    with debug_transaction(self, "COMMIT"), self.wrap_database_errors:
                                            ^^^^^^^^^^^^^^^^^^^^^^^^^
  File "C:\Users\Andrei\Desktop\DJANGO\venv\Lib\site-packages\django\db\utils.py", line 91, in __exit__
    raise dj_exc_value.with_traceback(traceback) from exc_value
  File "C:\Users\Andrei\Desktop\DJANGO\venv\Lib\site-packages\django\db\backends\base\base.py", line 303, in _commit
    return self.connection.commit()
           ~~~~~~~~~~~~~~~~~~~~~~^^
  File "C:\Users\Andrei\Desktop\DJANGO\venv\Lib\site-packages\psycopg\connection.py", line 274, in commit
    self.wait(self._commit_gen())
    ~~~~~~~~~^^^^^^^^^^^^^^^^^^^^
  File "C:\Users\Andrei\Desktop\DJANGO\venv\Lib\site-packages\psycopg\connection.py", line 453, in wait
    return waiting.wait(gen, self.pgconn.socket, interval=interval)
           ~~~~~~~~~~~~^^^^^^^^^^^^^^^^^^^^^^^^^^^^^^^^^^^^^^^^^^^^
  File "C:\Users\Andrei\Desktop\DJANGO\venv\Lib\site-packages\psycopg\waiting.py", line 254, in wait_select
    s = gen.send(ready)
  File "C:\Users\Andrei\Desktop\DJANGO\venv\Lib\site-packages\psycopg\_connection_base.py", line 581, in _commit_gen
    yield from self._exec_command(b"COMMIT")
  File "C:\Users\Andrei\Desktop\DJANGO\venv\Lib\site-packages\psycopg\_connection_base.py", line 479, in _exec_command
    raise e.error_from_result(result, encoding=self.pgconn._encoding)
django.db.utils.IntegrityError: insert or update on table "django_admin_log" violates foreign key constraint "django_admin_log_user_id_c564eba6_fk_auth_user_id"
DETAIL:  Key (user_id)=(6) is not present in table "auth_user".
[ERROR] 2025-12-28 15:14:09,195 basehttp: "POST /admin/aplicatie/produs/2/change/ HTTP/1.1" 500 195657
[ERROR] 2025-12-28 15:21:29,479 log: Internal Server Error: /admin/aplicatie/produs/2/change/
Traceback (most recent call last):
  File "C:\Users\Andrei\Desktop\DJANGO\venv\Lib\site-packages\django\db\backends\base\base.py", line 303, in _commit
    return self.connection.commit()
           ~~~~~~~~~~~~~~~~~~~~~~^^
  File "C:\Users\Andrei\Desktop\DJANGO\venv\Lib\site-packages\psycopg\connection.py", line 274, in commit
    self.wait(self._commit_gen())
    ~~~~~~~~~^^^^^^^^^^^^^^^^^^^^
  File "C:\Users\Andrei\Desktop\DJANGO\venv\Lib\site-packages\psycopg\connection.py", line 453, in wait
    return waiting.wait(gen, self.pgconn.socket, interval=interval)
           ~~~~~~~~~~~~^^^^^^^^^^^^^^^^^^^^^^^^^^^^^^^^^^^^^^^^^^^^
  File "C:\Users\Andrei\Desktop\DJANGO\venv\Lib\site-packages\psycopg\waiting.py", line 254, in wait_select
    s = gen.send(ready)
  File "C:\Users\Andrei\Desktop\DJANGO\venv\Lib\site-packages\psycopg\_connection_base.py", line 581, in _commit_gen
    yield from self._exec_command(b"COMMIT")
  File "C:\Users\Andrei\Desktop\DJANGO\venv\Lib\site-packages\psycopg\_connection_base.py", line 479, in _exec_command
    raise e.error_from_result(result, encoding=self.pgconn._encoding)
psycopg.errors.ForeignKeyViolation: insert or update on table "django_admin_log" violates foreign key constraint "django_admin_log_user_id_c564eba6_fk_auth_user_id"
DETAIL:  Key (user_id)=(7) is not present in table "auth_user".

The above exception was the direct cause of the following exception:

Traceback (most recent call last):
  File "C:\Users\Andrei\Desktop\DJANGO\venv\Lib\site-packages\django\core\handlers\exception.py", line 55, in inner
    response = get_response(request)
  File "C:\Users\Andrei\Desktop\DJANGO\venv\Lib\site-packages\django\core\handlers\base.py", line 197, in _get_response
    response = wrapped_callback(request, *callback_args, **callback_kwargs)
  File "C:\Users\Andrei\Desktop\DJANGO\venv\Lib\site-packages\django\contrib\admin\options.py", line 719, in wrapper
    return self.admin_site.admin_view(view)(*args, **kwargs)
           ~~~~~~~~~~~~~~~~~~~~~~~~~~~~~~~~^^^^^^^^^^^^^^^^^
  File "C:\Users\Andrei\Desktop\DJANGO\venv\Lib\site-packages\django\utils\decorators.py", line 192, in _view_wrapper
    result = _process_exception(request, e)
  File "C:\Users\Andrei\Desktop\DJANGO\venv\Lib\site-packages\django\utils\decorators.py", line 190, in _view_wrapper
    response = view_func(request, *args, **kwargs)
  File "C:\Users\Andrei\Desktop\DJANGO\venv\Lib\site-packages\django\views\decorators\cache.py", line 80, in _view_wrapper
    response = view_func(request, *args, **kwargs)
  File "C:\Users\Andrei\Desktop\DJANGO\venv\Lib\site-packages\django\contrib\admin\sites.py", line 246, in inner
    return view(request, *args, **kwargs)
  File "C:\Users\Andrei\Desktop\DJANGO\venv\Lib\site-packages\django\contrib\admin\options.py", line 1987, in change_view
    return self.changeform_view(request, object_id, form_url, extra_context)
           ~~~~~~~~~~~~~~~~~~~~^^^^^^^^^^^^^^^^^^^^^^^^^^^^^^^^^^^^^^^^^^^^^
  File "C:\Users\Andrei\Desktop\DJANGO\venv\Lib\site-packages\django\utils\decorators.py", line 48, in _wrapper
    return bound_method(*args, **kwargs)
  File "C:\Users\Andrei\Desktop\DJANGO\venv\Lib\site-packages\django\utils\decorators.py", line 192, in _view_wrapper
    result = _process_exception(request, e)
  File "C:\Users\Andrei\Desktop\DJANGO\venv\Lib\site-packages\django\utils\decorators.py", line 190, in _view_wrapper
    response = view_func(request, *args, **kwargs)
  File "C:\Users\Andrei\Desktop\DJANGO\venv\Lib\site-packages\django\contrib\admin\options.py", line 1842, in changeform_view
    with transaction.atomic(using=router.db_for_write(self.model)):
         ~~~~~~~~~~~~~~~~~~^^^^^^^^^^^^^^^^^^^^^^^^^^^^^^^^^^^^^^^
  File "C:\Users\Andrei\Desktop\DJANGO\venv\Lib\site-packages\django\db\transaction.py", line 263, in __exit__
    connection.commit()
    ~~~~~~~~~~~~~~~~~^^
  File "C:\Users\Andrei\Desktop\DJANGO\venv\Lib\site-packages\django\utils\asyncio.py", line 26, in inner
    return func(*args, **kwargs)
  File "C:\Users\Andrei\Desktop\DJANGO\venv\Lib\site-packages\django\db\backends\base\base.py", line 327, in commit
    self._commit()
    ~~~~~~~~~~~~^^
  File "C:\Users\Andrei\Desktop\DJANGO\venv\Lib\site-packages\django\db\backends\base\base.py", line 302, in _commit
    with debug_transaction(self, "COMMIT"), self.wrap_database_errors:
                                            ^^^^^^^^^^^^^^^^^^^^^^^^^
  File "C:\Users\Andrei\Desktop\DJANGO\venv\Lib\site-packages\django\db\utils.py", line 91, in __exit__
    raise dj_exc_value.with_traceback(traceback) from exc_value
  File "C:\Users\Andrei\Desktop\DJANGO\venv\Lib\site-packages\django\db\backends\base\base.py", line 303, in _commit
    return self.connection.commit()
           ~~~~~~~~~~~~~~~~~~~~~~^^
  File "C:\Users\Andrei\Desktop\DJANGO\venv\Lib\site-packages\psycopg\connection.py", line 274, in commit
    self.wait(self._commit_gen())
    ~~~~~~~~~^^^^^^^^^^^^^^^^^^^^
  File "C:\Users\Andrei\Desktop\DJANGO\venv\Lib\site-packages\psycopg\connection.py", line 453, in wait
    return waiting.wait(gen, self.pgconn.socket, interval=interval)
           ~~~~~~~~~~~~^^^^^^^^^^^^^^^^^^^^^^^^^^^^^^^^^^^^^^^^^^^^
  File "C:\Users\Andrei\Desktop\DJANGO\venv\Lib\site-packages\psycopg\waiting.py", line 254, in wait_select
    s = gen.send(ready)
  File "C:\Users\Andrei\Desktop\DJANGO\venv\Lib\site-packages\psycopg\_connection_base.py", line 581, in _commit_gen
    yield from self._exec_command(b"COMMIT")
  File "C:\Users\Andrei\Desktop\DJANGO\venv\Lib\site-packages\psycopg\_connection_base.py", line 479, in _exec_command
    raise e.error_from_result(result, encoding=self.pgconn._encoding)
django.db.utils.IntegrityError: insert or update on table "django_admin_log" violates foreign key constraint "django_admin_log_user_id_c564eba6_fk_auth_user_id"
DETAIL:  Key (user_id)=(7) is not present in table "auth_user".
[ERROR] 2025-12-28 15:21:29,492 basehttp: "POST /admin/aplicatie/produs/2/change/ HTTP/1.1" 500 195658
[ERROR] 2025-12-28 16:01:59,463 log: Internal Server Error: /admin/aplicatie/produs/2/change/
Traceback (most recent call last):
  File "C:\Users\Andrei\Desktop\DJANGO\venv\Lib\site-packages\django\db\backends\base\base.py", line 303, in _commit
    return self.connection.commit()
           ~~~~~~~~~~~~~~~~~~~~~~^^
  File "C:\Users\Andrei\Desktop\DJANGO\venv\Lib\site-packages\psycopg\connection.py", line 274, in commit
    self.wait(self._commit_gen())
    ~~~~~~~~~^^^^^^^^^^^^^^^^^^^^
  File "C:\Users\Andrei\Desktop\DJANGO\venv\Lib\site-packages\psycopg\connection.py", line 453, in wait
    return waiting.wait(gen, self.pgconn.socket, interval=interval)
           ~~~~~~~~~~~~^^^^^^^^^^^^^^^^^^^^^^^^^^^^^^^^^^^^^^^^^^^^
  File "C:\Users\Andrei\Desktop\DJANGO\venv\Lib\site-packages\psycopg\waiting.py", line 254, in wait_select
    s = gen.send(ready)
  File "C:\Users\Andrei\Desktop\DJANGO\venv\Lib\site-packages\psycopg\_connection_base.py", line 581, in _commit_gen
    yield from self._exec_command(b"COMMIT")
  File "C:\Users\Andrei\Desktop\DJANGO\venv\Lib\site-packages\psycopg\_connection_base.py", line 479, in _exec_command
    raise e.error_from_result(result, encoding=self.pgconn._encoding)
psycopg.errors.ForeignKeyViolation: insert or update on table "django_admin_log" violates foreign key constraint "django_admin_log_user_id_c564eba6_fk_auth_user_id"
DETAIL:  Key (user_id)=(7) is not present in table "auth_user".

The above exception was the direct cause of the following exception:

Traceback (most recent call last):
  File "C:\Users\Andrei\Desktop\DJANGO\venv\Lib\site-packages\django\core\handlers\exception.py", line 55, in inner
    response = get_response(request)
  File "C:\Users\Andrei\Desktop\DJANGO\venv\Lib\site-packages\django\core\handlers\base.py", line 197, in _get_response
    response = wrapped_callback(request, *callback_args, **callback_kwargs)
  File "C:\Users\Andrei\Desktop\DJANGO\venv\Lib\site-packages\django\contrib\admin\options.py", line 719, in wrapper
    return self.admin_site.admin_view(view)(*args, **kwargs)
           ~~~~~~~~~~~~~~~~~~~~~~~~~~~~~~~~^^^^^^^^^^^^^^^^^
  File "C:\Users\Andrei\Desktop\DJANGO\venv\Lib\site-packages\django\utils\decorators.py", line 192, in _view_wrapper
    result = _process_exception(request, e)
  File "C:\Users\Andrei\Desktop\DJANGO\venv\Lib\site-packages\django\utils\decorators.py", line 190, in _view_wrapper
    response = view_func(request, *args, **kwargs)
  File "C:\Users\Andrei\Desktop\DJANGO\venv\Lib\site-packages\django\views\decorators\cache.py", line 80, in _view_wrapper
    response = view_func(request, *args, **kwargs)
  File "C:\Users\Andrei\Desktop\DJANGO\venv\Lib\site-packages\django\contrib\admin\sites.py", line 246, in inner
    return view(request, *args, **kwargs)
  File "C:\Users\Andrei\Desktop\DJANGO\venv\Lib\site-packages\django\contrib\admin\options.py", line 1987, in change_view
    return self.changeform_view(request, object_id, form_url, extra_context)
           ~~~~~~~~~~~~~~~~~~~~^^^^^^^^^^^^^^^^^^^^^^^^^^^^^^^^^^^^^^^^^^^^^
  File "C:\Users\Andrei\Desktop\DJANGO\venv\Lib\site-packages\django\utils\decorators.py", line 48, in _wrapper
    return bound_method(*args, **kwargs)
  File "C:\Users\Andrei\Desktop\DJANGO\venv\Lib\site-packages\django\utils\decorators.py", line 192, in _view_wrapper
    result = _process_exception(request, e)
  File "C:\Users\Andrei\Desktop\DJANGO\venv\Lib\site-packages\django\utils\decorators.py", line 190, in _view_wrapper
    response = view_func(request, *args, **kwargs)
  File "C:\Users\Andrei\Desktop\DJANGO\venv\Lib\site-packages\django\contrib\admin\options.py", line 1842, in changeform_view
    with transaction.atomic(using=router.db_for_write(self.model)):
         ~~~~~~~~~~~~~~~~~~^^^^^^^^^^^^^^^^^^^^^^^^^^^^^^^^^^^^^^^
  File "C:\Users\Andrei\Desktop\DJANGO\venv\Lib\site-packages\django\db\transaction.py", line 263, in __exit__
    connection.commit()
    ~~~~~~~~~~~~~~~~~^^
  File "C:\Users\Andrei\Desktop\DJANGO\venv\Lib\site-packages\django\utils\asyncio.py", line 26, in inner
    return func(*args, **kwargs)
  File "C:\Users\Andrei\Desktop\DJANGO\venv\Lib\site-packages\django\db\backends\base\base.py", line 327, in commit
    self._commit()
    ~~~~~~~~~~~~^^
  File "C:\Users\Andrei\Desktop\DJANGO\venv\Lib\site-packages\django\db\backends\base\base.py", line 302, in _commit
    with debug_transaction(self, "COMMIT"), self.wrap_database_errors:
                                            ^^^^^^^^^^^^^^^^^^^^^^^^^
  File "C:\Users\Andrei\Desktop\DJANGO\venv\Lib\site-packages\django\db\utils.py", line 91, in __exit__
    raise dj_exc_value.with_traceback(traceback) from exc_value
  File "C:\Users\Andrei\Desktop\DJANGO\venv\Lib\site-packages\django\db\backends\base\base.py", line 303, in _commit
    return self.connection.commit()
           ~~~~~~~~~~~~~~~~~~~~~~^^
  File "C:\Users\Andrei\Desktop\DJANGO\venv\Lib\site-packages\psycopg\connection.py", line 274, in commit
    self.wait(self._commit_gen())
    ~~~~~~~~~^^^^^^^^^^^^^^^^^^^^
  File "C:\Users\Andrei\Desktop\DJANGO\venv\Lib\site-packages\psycopg\connection.py", line 453, in wait
    return waiting.wait(gen, self.pgconn.socket, interval=interval)
           ~~~~~~~~~~~~^^^^^^^^^^^^^^^^^^^^^^^^^^^^^^^^^^^^^^^^^^^^
  File "C:\Users\Andrei\Desktop\DJANGO\venv\Lib\site-packages\psycopg\waiting.py", line 254, in wait_select
    s = gen.send(ready)
  File "C:\Users\Andrei\Desktop\DJANGO\venv\Lib\site-packages\psycopg\_connection_base.py", line 581, in _commit_gen
    yield from self._exec_command(b"COMMIT")
  File "C:\Users\Andrei\Desktop\DJANGO\venv\Lib\site-packages\psycopg\_connection_base.py", line 479, in _exec_command
    raise e.error_from_result(result, encoding=self.pgconn._encoding)
django.db.utils.IntegrityError: insert or update on table "django_admin_log" violates foreign key constraint "django_admin_log_user_id_c564eba6_fk_auth_user_id"
DETAIL:  Key (user_id)=(7) is not present in table "auth_user".
[ERROR] 2025-12-28 16:01:59,469 basehttp: "POST /admin/aplicatie/produs/2/change/ HTTP/1.1" 500 195659
[WARNING] 2025-12-29 13:39:56,279 basehttp: "GET /static/aplicatie/static/aplicatie/js/cos.js HTTP/1.1" 404 1922
[WARNING] 2025-12-29 13:41:03,545 log: Not Found: /.well-known/appspecific/com.chrome.devtools.json
[WARNING] 2025-12-29 13:41:03,546 basehttp: "GET /.well-known/appspecific/com.chrome.devtools.json HTTP/1.1" 404 9027
[WARNING] 2025-12-29 13:43:18,469 log: Not Found: /.well-known/appspecific/com.chrome.devtools.json
[WARNING] 2025-12-29 13:43:18,471 basehttp: "GET /.well-known/appspecific/com.chrome.devtools.json HTTP/1.1" 404 9027
[WARNING] 2025-12-29 15:27:58,557 log: Not Found: /.well-known/appspecific/com.chrome.devtools.json
[WARNING] 2025-12-29 15:27:58,560 basehttp: "GET /.well-known/appspecific/com.chrome.devtools.json HTTP/1.1" 404 9027
[WARNING] 2025-12-29 15:28:57,816 log: Not Found: /.well-known/appspecific/com.chrome.devtools.json
[WARNING] 2025-12-29 15:28:57,818 basehttp: "GET /.well-known/appspecific/com.chrome.devtools.json HTTP/1.1" 404 9027
[WARNING] 2025-12-29 15:55:07,052 log: Not Found: /.well-known/appspecific/com.chrome.devtools.json
[WARNING] 2025-12-29 15:55:07,053 basehttp: "GET /.well-known/appspecific/com.chrome.devtools.json HTTP/1.1" 404 9027
[WARNING] 2025-12-29 15:55:14,567 log: Not Found: /.well-known/appspecific/com.chrome.devtools.json
[WARNING] 2025-12-29 15:55:14,572 basehttp: "GET /.well-known/appspecific/com.chrome.devtools.json HTTP/1.1" 404 9027
[WARNING] 2025-12-29 15:58:25,372 log: Not Found: /.well-known/appspecific/com.chrome.devtools.json
[WARNING] 2025-12-29 15:58:25,374 basehttp: "GET /.well-known/appspecific/com.chrome.devtools.json HTTP/1.1" 404 9027
[WARNING] 2025-12-29 15:58:46,117 log: Not Found: /.well-known/appspecific/com.chrome.devtools.json
[WARNING] 2025-12-29 15:58:46,118 basehttp: "GET /.well-known/appspecific/com.chrome.devtools.json HTTP/1.1" 404 9027
[ERROR] 2025-12-29 16:01:11,150 log: Internal Server Error: /produse/
Traceback (most recent call last):
  File "C:\Users\Andrei\Desktop\DJANGO\venv\Lib\site-packages\django\core\handlers\exception.py", line 55, in inner
    response = get_response(request)
  File "C:\Users\Andrei\Desktop\DJANGO\venv\Lib\site-packages\django\core\handlers\base.py", line 197, in _get_response
    response = wrapped_callback(request, *callback_args, **callback_kwargs)
  File "C:\Users\Andrei\Desktop\DJANGO\ProiectDjango\aplicatie\views.py", line 470, in afis_produse
    return render(request, 'aplicatie/produse.html', {
        'form': form,
    ...<5 lines>...
        'querystring': querystring,
    })
  File "C:\Users\Andrei\Desktop\DJANGO\venv\Lib\site-packages\django\shortcuts.py", line 25, in render
    content = loader.render_to_string(template_name, context, request, using=using)
  File "C:\Users\Andrei\Desktop\DJANGO\venv\Lib\site-packages\django\template\loader.py", line 62, in render_to_string
    return template.render(context, request)
           ~~~~~~~~~~~~~~~^^^^^^^^^^^^^^^^^^
  File "C:\Users\Andrei\Desktop\DJANGO\venv\Lib\site-packages\django\template\backends\django.py", line 107, in render
    return self.template.render(context)
           ~~~~~~~~~~~~~~~~~~~~^^^^^^^^^
  File "C:\Users\Andrei\Desktop\DJANGO\venv\Lib\site-packages\django\template\base.py", line 171, in render
    return self._render(context)
           ~~~~~~~~~~~~^^^^^^^^^
  File "C:\Users\Andrei\Desktop\DJANGO\venv\Lib\site-packages\django\template\base.py", line 163, in _render
    return self.nodelist.render(context)
           ~~~~~~~~~~~~~~~~~~~~^^^^^^^^^
  File "C:\Users\Andrei\Desktop\DJANGO\venv\Lib\site-packages\django\template\base.py", line 1016, in render
    return SafeString("".join([node.render_annotated(context) for node in self]))
                               ~~~~~~~~~~~~~~~~~~~~~^^^^^^^^^
  File "C:\Users\Andrei\Desktop\DJANGO\venv\Lib\site-packages\django\template\base.py", line 977, in render_annotated
    return self.render(context)
           ~~~~~~~~~~~^^^^^^^^^
  File "C:\Users\Andrei\Desktop\DJANGO\venv\Lib\site-packages\django\template\loader_tags.py", line 159, in render
    return compiled_parent._render(context)
           ~~~~~~~~~~~~~~~~~~~~~~~^^^^^^^^^
  File "C:\Users\Andrei\Desktop\DJANGO\venv\Lib\site-packages\django\template\base.py", line 163, in _render
    return self.nodelist.render(context)
           ~~~~~~~~~~~~~~~~~~~~^^^^^^^^^
  File "C:\Users\Andrei\Desktop\DJANGO\venv\Lib\site-packages\django\template\base.py", line 1016, in render
    return SafeString("".join([node.render_annotated(context) for node in self]))
                               ~~~~~~~~~~~~~~~~~~~~~^^^^^^^^^
  File "C:\Users\Andrei\Desktop\DJANGO\venv\Lib\site-packages\django\template\base.py", line 977, in render_annotated
    return self.render(context)
           ~~~~~~~~~~~^^^^^^^^^
  File "C:\Users\Andrei\Desktop\DJANGO\venv\Lib\site-packages\django\template\loader_tags.py", line 65, in render
    result = block.nodelist.render(context)
  File "C:\Users\Andrei\Desktop\DJANGO\venv\Lib\site-packages\django\template\base.py", line 1016, in render
    return SafeString("".join([node.render_annotated(context) for node in self]))
                               ~~~~~~~~~~~~~~~~~~~~~^^^^^^^^^
  File "C:\Users\Andrei\Desktop\DJANGO\venv\Lib\site-packages\django\template\base.py", line 977, in render_annotated
    return self.render(context)
           ~~~~~~~~~~~^^^^^^^^^
  File "C:\Users\Andrei\Desktop\DJANGO\venv\Lib\site-packages\django\template\defaulttags.py", line 243, in render
    nodelist.append(node.render_annotated(context))
                    ~~~~~~~~~~~~~~~~~~~~~^^^^^^^^^
  File "C:\Users\Andrei\Desktop\DJANGO\venv\Lib\site-packages\django\template\base.py", line 977, in render_annotated
    return self.render(context)
           ~~~~~~~~~~~^^^^^^^^^
  File "C:\Users\Andrei\Desktop\DJANGO\venv\Lib\site-packages\django\template\defaulttags.py", line 480, in render
    url = reverse(view_name, args=args, kwargs=kwargs, current_app=current_app)
  File "C:\Users\Andrei\Desktop\DJANGO\venv\Lib\site-packages\django\urls\base.py", line 98, in reverse
    resolved_url = resolver._reverse_with_prefix(view, prefix, *args, **kwargs)
  File "C:\Users\Andrei\Desktop\DJANGO\venv\Lib\site-packages\django\urls\resolvers.py", line 831, in _reverse_with_prefix
    raise NoReverseMatch(msg)
django.urls.exceptions.NoReverseMatch: Reverse for 'produs_detail' with arguments '('',)' not found. 1 pattern(s) tried: ['produse/(?P<pk>[0-9]+)/\\Z']
[ERROR] 2025-12-29 16:01:11,169 basehttp: "GET /produse/ HTTP/1.1" 500 196116
[WARNING] 2025-12-29 16:01:11,229 log: Not Found: /.well-known/appspecific/com.chrome.devtools.json
[WARNING] 2025-12-29 16:01:11,231 basehttp: "GET /.well-known/appspecific/com.chrome.devtools.json HTTP/1.1" 404 9027
[ERROR] 2025-12-29 16:01:21,931 log: Internal Server Error: /produse/
Traceback (most recent call last):
  File "C:\Users\Andrei\Desktop\DJANGO\venv\Lib\site-packages\django\core\handlers\exception.py", line 55, in inner
    response = get_response(request)
  File "C:\Users\Andrei\Desktop\DJANGO\venv\Lib\site-packages\django\core\handlers\base.py", line 197, in _get_response
    response = wrapped_callback(request, *callback_args, **callback_kwargs)
  File "C:\Users\Andrei\Desktop\DJANGO\ProiectDjango\aplicatie\views.py", line 470, in afis_produse
    return render(request, 'aplicatie/produse.html', {
        'form': form,
    ...<5 lines>...
        'querystring': querystring,
    })
  File "C:\Users\Andrei\Desktop\DJANGO\venv\Lib\site-packages\django\shortcuts.py", line 25, in render
    content = loader.render_to_string(template_name, context, request, using=using)
  File "C:\Users\Andrei\Desktop\DJANGO\venv\Lib\site-packages\django\template\loader.py", line 62, in render_to_string
    return template.render(context, request)
           ~~~~~~~~~~~~~~~^^^^^^^^^^^^^^^^^^
  File "C:\Users\Andrei\Desktop\DJANGO\venv\Lib\site-packages\django\template\backends\django.py", line 107, in render
    return self.template.render(context)
           ~~~~~~~~~~~~~~~~~~~~^^^^^^^^^
  File "C:\Users\Andrei\Desktop\DJANGO\venv\Lib\site-packages\django\template\base.py", line 171, in render
    return self._render(context)
           ~~~~~~~~~~~~^^^^^^^^^
  File "C:\Users\Andrei\Desktop\DJANGO\venv\Lib\site-packages\django\template\base.py", line 163, in _render
    return self.nodelist.render(context)
           ~~~~~~~~~~~~~~~~~~~~^^^^^^^^^
  File "C:\Users\Andrei\Desktop\DJANGO\venv\Lib\site-packages\django\template\base.py", line 1016, in render
    return SafeString("".join([node.render_annotated(context) for node in self]))
                               ~~~~~~~~~~~~~~~~~~~~~^^^^^^^^^
  File "C:\Users\Andrei\Desktop\DJANGO\venv\Lib\site-packages\django\template\base.py", line 977, in render_annotated
    return self.render(context)
           ~~~~~~~~~~~^^^^^^^^^
  File "C:\Users\Andrei\Desktop\DJANGO\venv\Lib\site-packages\django\template\loader_tags.py", line 159, in render
    return compiled_parent._render(context)
           ~~~~~~~~~~~~~~~~~~~~~~~^^^^^^^^^
  File "C:\Users\Andrei\Desktop\DJANGO\venv\Lib\site-packages\django\template\base.py", line 163, in _render
    return self.nodelist.render(context)
           ~~~~~~~~~~~~~~~~~~~~^^^^^^^^^
  File "C:\Users\Andrei\Desktop\DJANGO\venv\Lib\site-packages\django\template\base.py", line 1016, in render
    return SafeString("".join([node.render_annotated(context) for node in self]))
                               ~~~~~~~~~~~~~~~~~~~~~^^^^^^^^^
  File "C:\Users\Andrei\Desktop\DJANGO\venv\Lib\site-packages\django\template\base.py", line 977, in render_annotated
    return self.render(context)
           ~~~~~~~~~~~^^^^^^^^^
  File "C:\Users\Andrei\Desktop\DJANGO\venv\Lib\site-packages\django\template\loader_tags.py", line 65, in render
    result = block.nodelist.render(context)
  File "C:\Users\Andrei\Desktop\DJANGO\venv\Lib\site-packages\django\template\base.py", line 1016, in render
    return SafeString("".join([node.render_annotated(context) for node in self]))
                               ~~~~~~~~~~~~~~~~~~~~~^^^^^^^^^
  File "C:\Users\Andrei\Desktop\DJANGO\venv\Lib\site-packages\django\template\base.py", line 977, in render_annotated
    return self.render(context)
           ~~~~~~~~~~~^^^^^^^^^
  File "C:\Users\Andrei\Desktop\DJANGO\venv\Lib\site-packages\django\template\defaulttags.py", line 243, in render
    nodelist.append(node.render_annotated(context))
                    ~~~~~~~~~~~~~~~~~~~~~^^^^^^^^^
  File "C:\Users\Andrei\Desktop\DJANGO\venv\Lib\site-packages\django\template\base.py", line 977, in render_annotated
    return self.render(context)
           ~~~~~~~~~~~^^^^^^^^^
  File "C:\Users\Andrei\Desktop\DJANGO\venv\Lib\site-packages\django\template\defaulttags.py", line 480, in render
    url = reverse(view_name, args=args, kwargs=kwargs, current_app=current_app)
  File "C:\Users\Andrei\Desktop\DJANGO\venv\Lib\site-packages\django\urls\base.py", line 98, in reverse
    resolved_url = resolver._reverse_with_prefix(view, prefix, *args, **kwargs)
  File "C:\Users\Andrei\Desktop\DJANGO\venv\Lib\site-packages\django\urls\resolvers.py", line 831, in _reverse_with_prefix
    raise NoReverseMatch(msg)
django.urls.exceptions.NoReverseMatch: Reverse for 'produs_detail' with arguments '('',)' not found. 1 pattern(s) tried: ['produse/(?P<pk>[0-9]+)/\\Z']
[ERROR] 2025-12-29 16:01:21,943 basehttp: "GET /produse/ HTTP/1.1" 500 195831
[WARNING] 2025-12-29 16:15:41,389 log: Not Found: /.well-known/appspecific/com.chrome.devtools.json
[WARNING] 2025-12-29 16:15:41,392 basehttp: "GET /.well-known/appspecific/com.chrome.devtools.json HTTP/1.1" 404 9027
[WARNING] 2025-12-29 16:16:17,914 log: Not Found: /.well-known/appspecific/com.chrome.devtools.json
[WARNING] 2025-12-29 16:16:17,917 basehttp: "GET /.well-known/appspecific/com.chrome.devtools.json HTTP/1.1" 404 9027
[WARNING] 2025-12-29 16:18:02,052 log: Not Found: /.well-known/appspecific/com.chrome.devtools.json
[WARNING] 2025-12-29 16:18:02,054 basehttp: "GET /.well-known/appspecific/com.chrome.devtools.json HTTP/1.1" 404 9027
[WARNING] 2025-12-29 16:18:13,507 log: Not Found: /.well-known/appspecific/com.chrome.devtools.json
[WARNING] 2025-12-29 16:18:13,512 basehttp: "GET /.well-known/appspecific/com.chrome.devtools.json HTTP/1.1" 404 9027
[WARNING] 2025-12-29 16:18:30,112 log: Not Found: /.well-known/appspecific/com.chrome.devtools.json
[WARNING] 2025-12-29 16:18:30,114 basehttp: "GET /.well-known/appspecific/com.chrome.devtools.json HTTP/1.1" 404 9027
[WARNING] 2025-12-29 16:19:42,601 log: Not Found: /.well-known/appspecific/com.chrome.devtools.json
[WARNING] 2025-12-29 16:19:42,605 basehttp: "GET /.well-known/appspecific/com.chrome.devtools.json HTTP/1.1" 404 9027
[WARNING] 2025-12-29 16:20:31,533 log: Not Found: /.well-known/appspecific/com.chrome.devtools.json
[WARNING] 2025-12-29 16:20:31,535 basehttp: "GET /.well-known/appspecific/com.chrome.devtools.json HTTP/1.1" 404 9027
[WARNING] 2025-12-29 16:20:47,007 log: Not Found: /.well-known/appspecific/com.chrome.devtools.json
[WARNING] 2025-12-29 16:20:47,009 basehttp: "GET /.well-known/appspecific/com.chrome.devtools.json HTTP/1.1" 404 9027
[WARNING] 2025-12-29 16:24:02,689 log: Not Found: /.well-known/appspecific/com.chrome.devtools.json
[WARNING] 2025-12-29 16:24:02,692 basehttp: "GET /.well-known/appspecific/com.chrome.devtools.json HTTP/1.1" 404 9027
[WARNING] 2025-12-29 16:24:46,534 log: Not Found: /.well-known/appspecific/com.chrome.devtools.json
[WARNING] 2025-12-29 16:24:46,537 basehttp: "GET /.well-known/appspecific/com.chrome.devtools.json HTTP/1.1" 404 9027
[WARNING] 2025-12-29 16:27:28,902 log: Not Found: /.well-known/appspecific/com.chrome.devtools.json
[WARNING] 2025-12-29 16:27:28,905 basehttp: "GET /.well-known/appspecific/com.chrome.devtools.json HTTP/1.1" 404 9027
[WARNING] 2025-12-29 16:28:09,330 log: Not Found: /.well-known/appspecific/com.chrome.devtools.json
[WARNING] 2025-12-29 16:28:09,333 basehttp: "GET /.well-known/appspecific/com.chrome.devtools.json HTTP/1.1" 404 9027
[WARNING] 2025-12-29 16:31:07,728 log: Not Found: /.well-known/appspecific/com.chrome.devtools.json
[WARNING] 2025-12-29 16:31:07,733 basehttp: "GET /.well-known/appspecific/com.chrome.devtools.json HTTP/1.1" 404 9027
[WARNING] 2025-12-29 16:33:48,375 log: Not Found: /.well-known/appspecific/com.chrome.devtools.json
[WARNING] 2025-12-29 16:33:48,377 basehttp: "GET /.well-known/appspecific/com.chrome.devtools.json HTTP/1.1" 404 9027
[WARNING] 2025-12-29 16:34:34,991 log: Not Found: /.well-known/appspecific/com.chrome.devtools.json
[WARNING] 2025-12-29 16:34:34,998 basehttp: "GET /.well-known/appspecific/com.chrome.devtools.json HTTP/1.1" 404 9027
[WARNING] 2025-12-29 16:48:21,894 log: Not Found: /.well-known/appspecific/com.chrome.devtools.json
[WARNING] 2025-12-29 16:48:21,895 basehttp: "GET /.well-known/appspecific/com.chrome.devtools.json HTTP/1.1" 404 9276
[WARNING] 2025-12-29 16:48:25,478 log: Not Found: /.well-known/appspecific/com.chrome.devtools.json
[WARNING] 2025-12-29 16:48:25,483 basehttp: "GET /.well-known/appspecific/com.chrome.devtools.json HTTP/1.1" 404 9276
[WARNING] 2025-12-29 16:48:28,134 log: Not Found: /.well-known/appspecific/com.chrome.devtools.json
[WARNING] 2025-12-29 16:48:28,136 basehttp: "GET /.well-known/appspecific/com.chrome.devtools.json HTTP/1.1" 404 9276
[WARNING] 2025-12-29 16:55:44,370 log: Not Found: /produs/2/
[WARNING] 2025-12-29 16:55:44,372 basehttp: "GET /produs/2/ HTTP/1.1" 404 9159
[WARNING] 2025-12-29 17:00:38,075 log: Not Found: /.well-known/appspecific/com.chrome.devtools.json
[WARNING] 2025-12-29 17:00:38,077 basehttp: "GET /.well-known/appspecific/com.chrome.devtools.json HTTP/1.1" 404 9276
[WARNING] 2025-12-29 17:00:43,033 log: Not Found: /.well-known/appspecific/com.chrome.devtools.json
[WARNING] 2025-12-29 17:00:43,035 basehttp: "GET /.well-known/appspecific/com.chrome.devtools.json HTTP/1.1" 404 9276
[WARNING] 2025-12-29 17:00:55,997 log: Not Found: /.well-known/appspecific/com.chrome.devtools.json
[WARNING] 2025-12-29 17:00:56,003 basehttp: "GET /.well-known/appspecific/com.chrome.devtools.json HTTP/1.1" 404 9276
[WARNING] 2025-12-29 17:01:00,544 log: Not Found: /.well-known/appspecific/com.chrome.devtools.json
[WARNING] 2025-12-29 17:01:00,546 basehttp: "GET /.well-known/appspecific/com.chrome.devtools.json HTTP/1.1" 404 9276
[WARNING] 2025-12-29 17:01:11,725 log: Not Found: /.well-known/appspecific/com.chrome.devtools.json
[WARNING] 2025-12-29 17:01:11,730 basehttp: "GET /.well-known/appspecific/com.chrome.devtools.json HTTP/1.1" 404 9276
[WARNING] 2025-12-29 17:02:20,363 log: Not Found: /.well-known/appspecific/com.chrome.devtools.json
[WARNING] 2025-12-29 17:02:20,364 basehttp: "GET /.well-known/appspecific/com.chrome.devtools.json HTTP/1.1" 404 9276
[WARNING] 2025-12-29 17:02:47,878 log: Not Found: /.well-known/appspecific/com.chrome.devtools.json
[WARNING] 2025-12-29 17:02:47,880 basehttp: "GET /.well-known/appspecific/com.chrome.devtools.json HTTP/1.1" 404 9276
[WARNING] 2025-12-29 17:02:56,619 log: Not Found: /.well-known/appspecific/com.chrome.devtools.json
[WARNING] 2025-12-29 17:02:56,622 basehttp: "GET /.well-known/appspecific/com.chrome.devtools.json HTTP/1.1" 404 9276
[WARNING] 2025-12-29 17:03:05,399 log: Not Found: /.well-known/appspecific/com.chrome.devtools.json
[WARNING] 2025-12-29 17:03:05,402 basehttp: "GET /.well-known/appspecific/com.chrome.devtools.json HTTP/1.1" 404 9276
[WARNING] 2025-12-29 17:04:45,888 log: Not Found: /.well-known/appspecific/com.chrome.devtools.json
[WARNING] 2025-12-29 17:04:45,890 basehttp: "GET /.well-known/appspecific/com.chrome.devtools.json HTTP/1.1" 404 9276
[WARNING] 2025-12-29 17:05:22,733 log: Not Found: /.well-known/appspecific/com.chrome.devtools.json
[WARNING] 2025-12-29 17:05:22,735 basehttp: "GET /.well-known/appspecific/com.chrome.devtools.json HTTP/1.1" 404 9276
[WARNING] 2025-12-29 17:05:25,678 log: Not Found: /.well-known/appspecific/com.chrome.devtools.json
[WARNING] 2025-12-29 17:05:25,682 basehttp: "GET /.well-known/appspecific/com.chrome.devtools.json HTTP/1.1" 404 9276
[WARNING] 2025-12-29 17:05:31,797 log: Not Found: /.well-known/appspecific/com.chrome.devtools.json
[WARNING] 2025-12-29 17:05:31,801 basehttp: "GET /.well-known/appspecific/com.chrome.devtools.json HTTP/1.1" 404 9276
[WARNING] 2025-12-29 17:07:33,065 log: Not Found: /.well-known/appspecific/com.chrome.devtools.json
[WARNING] 2025-12-29 17:07:33,072 basehttp: "GET /.well-known/appspecific/com.chrome.devtools.json HTTP/1.1" 404 9276
[WARNING] 2025-12-29 17:07:38,447 log: Not Found: /.well-known/appspecific/com.chrome.devtools.json
[WARNING] 2025-12-29 17:07:38,453 basehttp: "GET /.well-known/appspecific/com.chrome.devtools.json HTTP/1.1" 404 9276
[WARNING] 2025-12-29 17:07:40,977 log: Not Found: /.well-known/appspecific/com.chrome.devtools.json
[WARNING] 2025-12-29 17:07:40,979 basehttp: "GET /.well-known/appspecific/com.chrome.devtools.json HTTP/1.1" 404 9276
[WARNING] 2025-12-29 17:07:47,565 log: Not Found: /.well-known/appspecific/com.chrome.devtools.json
[WARNING] 2025-12-29 17:07:47,568 basehttp: "GET /.well-known/appspecific/com.chrome.devtools.json HTTP/1.1" 404 9276
[WARNING] 2025-12-29 17:09:30,249 log: Not Found: /.well-known/appspecific/com.chrome.devtools.json
[WARNING] 2025-12-29 17:09:30,254 basehttp: "GET /.well-known/appspecific/com.chrome.devtools.json HTTP/1.1" 404 9276
[WARNING] 2025-12-29 17:09:40,830 log: Not Found: /.well-known/appspecific/com.chrome.devtools.json
[WARNING] 2025-12-29 17:09:40,833 basehttp: "GET /.well-known/appspecific/com.chrome.devtools.json HTTP/1.1" 404 9276
[WARNING] 2025-12-29 17:14:17,426 log: Not Found: /.well-known/appspecific/com.chrome.devtools.json
[WARNING] 2025-12-29 17:14:17,429 basehttp: "GET /.well-known/appspecific/com.chrome.devtools.json HTTP/1.1" 404 9276
[WARNING] 2025-12-29 17:14:17,568 log: Not Found: /cos/{% static 'aplicatie/imagini/' %}{{ produs.nume|lower|cut:' ' }}.png
[WARNING] 2025-12-29 17:14:17,569 basehttp: "GET /cos/%7B%%20static%20'aplicatie/imagini/'%20%%7D%7B%7B%20produs.nume%7Clower%7Ccut:'%20'%20%7D%7D.png HTTP/1.1" 404 9440
[WARNING] 2025-12-29 17:14:18,994 log: Not Found: /.well-known/appspecific/com.chrome.devtools.json
[WARNING] 2025-12-29 17:14:18,996 basehttp: "GET /.well-known/appspecific/com.chrome.devtools.json HTTP/1.1" 404 9276
[WARNING] 2025-12-29 17:14:19,046 log: Not Found: /cos/{% static 'aplicatie/imagini/' %}{{ produs.nume|lower|cut:' ' }}.png
[WARNING] 2025-12-29 17:14:19,047 basehttp: "GET /cos/%7B%%20static%20'aplicatie/imagini/'%20%%7D%7B%7B%20produs.nume%7Clower%7Ccut:'%20'%20%7D%7D.png HTTP/1.1" 404 9440
[WARNING] 2025-12-29 17:21:13,143 log: Not Found: /.well-known/appspecific/com.chrome.devtools.json
[WARNING] 2025-12-29 17:21:13,146 basehttp: "GET /.well-known/appspecific/com.chrome.devtools.json HTTP/1.1" 404 9276
[WARNING] 2025-12-29 17:21:13,221 log: Not Found: /cos/undefined
[WARNING] 2025-12-29 17:21:13,223 basehttp: "GET /cos/undefined HTTP/1.1" 404 9171
[WARNING] 2025-12-29 17:21:17,833 log: Not Found: /.well-known/appspecific/com.chrome.devtools.json
[WARNING] 2025-12-29 17:21:17,835 basehttp: "GET /.well-known/appspecific/com.chrome.devtools.json HTTP/1.1" 404 9276
[WARNING] 2025-12-29 17:21:21,770 log: Not Found: /.well-known/appspecific/com.chrome.devtools.json
[WARNING] 2025-12-29 17:21:21,773 basehttp: "GET /.well-known/appspecific/com.chrome.devtools.json HTTP/1.1" 404 9276
[WARNING] 2025-12-29 17:21:21,831 log: Not Found: /cos/undefined
[WARNING] 2025-12-29 17:21:21,832 basehttp: "GET /cos/undefined HTTP/1.1" 404 9171
[WARNING] 2025-12-29 17:22:41,340 log: Not Found: /.well-known/appspecific/com.chrome.devtools.json
[WARNING] 2025-12-29 17:22:41,345 basehttp: "GET /.well-known/appspecific/com.chrome.devtools.json HTTP/1.1" 404 9276
[WARNING] 2025-12-29 17:22:47,141 log: Not Found: /.well-known/appspecific/com.chrome.devtools.json
[WARNING] 2025-12-29 17:22:47,144 basehttp: "GET /.well-known/appspecific/com.chrome.devtools.json HTTP/1.1" 404 9276
[ERROR] 2025-12-29 17:53:00,410 log: Internal Server Error: /cumpara/
Traceback (most recent call last):
  File "C:\Users\Andrei\Desktop\DJANGO\venv\Lib\site-packages\django\core\handlers\exception.py", line 55, in inner
    response = get_response(request)
  File "C:\Users\Andrei\Desktop\DJANGO\venv\Lib\site-packages\django\core\handlers\base.py", line 197, in _get_response
    response = wrapped_callback(request, *callback_args, **callback_kwargs)
  File "C:\Users\Andrei\Desktop\DJANGO\venv\Lib\site-packages\django\contrib\auth\decorators.py", line 59, in _view_wrapper
    return view_func(request, *args, **kwargs)
  File "C:\Users\Andrei\Desktop\DJANGO\ProiectDjango\aplicatie\views.py", line 1060, in cumpara_view
    produs = Produs.objects.get(id=produs_id)
  File "C:\Users\Andrei\Desktop\DJANGO\venv\Lib\site-packages\django\db\models\manager.py", line 87, in manager_method
    return getattr(self.get_queryset(), name)(*args, **kwargs)
           ~~~~~~~~~~~~~~~~~~~~~~~~~~~~~~~~~~^^^^^^^^^^^^^^^^^
  File "C:\Users\Andrei\Desktop\DJANGO\venv\Lib\site-packages\django\db\models\query.py", line 619, in get
    clone = self._chain() if self.query.combinator else self.filter(*args, **kwargs)
                                                        ~~~~~~~~~~~^^^^^^^^^^^^^^^^^
  File "C:\Users\Andrei\Desktop\DJANGO\venv\Lib\site-packages\django\db\models\query.py", line 1493, in filter
    return self._filter_or_exclude(False, args, kwargs)
           ~~~~~~~~~~~~~~~~~~~~~~~^^^^^^^^^^^^^^^^^^^^^
  File "C:\Users\Andrei\Desktop\DJANGO\venv\Lib\site-packages\django\db\models\query.py", line 1511, in _filter_or_exclude
    clone._filter_or_exclude_inplace(negate, args, kwargs)
    ~~~~~~~~~~~~~~~~~~~~~~~~~~~~~~~~^^^^^^^^^^^^^^^^^^^^^^
  File "C:\Users\Andrei\Desktop\DJANGO\venv\Lib\site-packages\django\db\models\query.py", line 1518, in _filter_or_exclude_inplace
    self._query.add_q(Q(*args, **kwargs))
    ~~~~~~~~~~~~~~~~~^^^^^^^^^^^^^^^^^^^^
  File "C:\Users\Andrei\Desktop\DJANGO\venv\Lib\site-packages\django\db\models\sql\query.py", line 1646, in add_q
    clause, _ = self._add_q(q_object, can_reuse)
                ~~~~~~~~~~~^^^^^^^^^^^^^^^^^^^^^
  File "C:\Users\Andrei\Desktop\DJANGO\venv\Lib\site-packages\django\db\models\sql\query.py", line 1678, in _add_q
    child_clause, needed_inner = self.build_filter(
                                 ~~~~~~~~~~~~~~~~~^
        child,
        ^^^^^^
    ...<7 lines>...
        update_join_types=update_join_types,
        ^^^^^^^^^^^^^^^^^^^^^^^^^^^^^^^^^^^^
    )
    ^
  File "C:\Users\Andrei\Desktop\DJANGO\venv\Lib\site-packages\django\db\models\sql\query.py", line 1526, in build_filter
    lookups, parts, reffed_expression = self.solve_lookup_type(arg, summarize)
                                        ~~~~~~~~~~~~~~~~~~~~~~^^^^^^^^^^^^^^^^
  File "C:\Users\Andrei\Desktop\DJANGO\venv\Lib\site-packages\django\db\models\sql\query.py", line 1333, in solve_lookup_type
    _, field, _, lookup_parts = self.names_to_path(lookup_splitted, self.get_meta())
                                ~~~~~~~~~~~~~~~~~~^^^^^^^^^^^^^^^^^^^^^^^^^^^^^^^^^^
  File "C:\Users\Andrei\Desktop\DJANGO\venv\Lib\site-packages\django\db\models\sql\query.py", line 1806, in names_to_path
    raise FieldError(
    ...<2 lines>...
    )
django.core.exceptions.FieldError: Cannot resolve keyword 'id' into field. Choices are: brand, brand_id, categorie, categorie_id, culori, data_adaugare, descriere, dimensiuni, furnizor, furnizor_id, id_produs, linii_comanda, nume, pret, reviewuri, stoc, stoc_disponibil, vizualizari
[ERROR] 2025-12-29 17:53:00,420 basehttp: "POST /cumpara/ HTTP/1.1" 500 130886
[ERROR] 2025-12-29 17:53:01,468 log: Internal Server Error: /cumpara/
Traceback (most recent call last):
  File "C:\Users\Andrei\Desktop\DJANGO\venv\Lib\site-packages\django\core\handlers\exception.py", line 55, in inner
    response = get_response(request)
  File "C:\Users\Andrei\Desktop\DJANGO\venv\Lib\site-packages\django\core\handlers\base.py", line 197, in _get_response
    response = wrapped_callback(request, *callback_args, **callback_kwargs)
  File "C:\Users\Andrei\Desktop\DJANGO\venv\Lib\site-packages\django\contrib\auth\decorators.py", line 59, in _view_wrapper
    return view_func(request, *args, **kwargs)
  File "C:\Users\Andrei\Desktop\DJANGO\ProiectDjango\aplicatie\views.py", line 1060, in cumpara_view
    produs = Produs.objects.get(id=produs_id)
  File "C:\Users\Andrei\Desktop\DJANGO\venv\Lib\site-packages\django\db\models\manager.py", line 87, in manager_method
    return getattr(self.get_queryset(), name)(*args, **kwargs)
           ~~~~~~~~~~~~~~~~~~~~~~~~~~~~~~~~~~^^^^^^^^^^^^^^^^^
  File "C:\Users\Andrei\Desktop\DJANGO\venv\Lib\site-packages\django\db\models\query.py", line 619, in get
    clone = self._chain() if self.query.combinator else self.filter(*args, **kwargs)
                                                        ~~~~~~~~~~~^^^^^^^^^^^^^^^^^
  File "C:\Users\Andrei\Desktop\DJANGO\venv\Lib\site-packages\django\db\models\query.py", line 1493, in filter
    return self._filter_or_exclude(False, args, kwargs)
           ~~~~~~~~~~~~~~~~~~~~~~~^^^^^^^^^^^^^^^^^^^^^
  File "C:\Users\Andrei\Desktop\DJANGO\venv\Lib\site-packages\django\db\models\query.py", line 1511, in _filter_or_exclude
    clone._filter_or_exclude_inplace(negate, args, kwargs)
    ~~~~~~~~~~~~~~~~~~~~~~~~~~~~~~~~^^^^^^^^^^^^^^^^^^^^^^
  File "C:\Users\Andrei\Desktop\DJANGO\venv\Lib\site-packages\django\db\models\query.py", line 1518, in _filter_or_exclude_inplace
    self._query.add_q(Q(*args, **kwargs))
    ~~~~~~~~~~~~~~~~~^^^^^^^^^^^^^^^^^^^^
  File "C:\Users\Andrei\Desktop\DJANGO\venv\Lib\site-packages\django\db\models\sql\query.py", line 1646, in add_q
    clause, _ = self._add_q(q_object, can_reuse)
                ~~~~~~~~~~~^^^^^^^^^^^^^^^^^^^^^
  File "C:\Users\Andrei\Desktop\DJANGO\venv\Lib\site-packages\django\db\models\sql\query.py", line 1678, in _add_q
    child_clause, needed_inner = self.build_filter(
                                 ~~~~~~~~~~~~~~~~~^
        child,
        ^^^^^^
    ...<7 lines>...
        update_join_types=update_join_types,
        ^^^^^^^^^^^^^^^^^^^^^^^^^^^^^^^^^^^^
    )
    ^
  File "C:\Users\Andrei\Desktop\DJANGO\venv\Lib\site-packages\django\db\models\sql\query.py", line 1526, in build_filter
    lookups, parts, reffed_expression = self.solve_lookup_type(arg, summarize)
                                        ~~~~~~~~~~~~~~~~~~~~~~^^^^^^^^^^^^^^^^
  File "C:\Users\Andrei\Desktop\DJANGO\venv\Lib\site-packages\django\db\models\sql\query.py", line 1333, in solve_lookup_type
    _, field, _, lookup_parts = self.names_to_path(lookup_splitted, self.get_meta())
                                ~~~~~~~~~~~~~~~~~~^^^^^^^^^^^^^^^^^^^^^^^^^^^^^^^^^^
  File "C:\Users\Andrei\Desktop\DJANGO\venv\Lib\site-packages\django\db\models\sql\query.py", line 1806, in names_to_path
    raise FieldError(
    ...<2 lines>...
    )
django.core.exceptions.FieldError: Cannot resolve keyword 'id' into field. Choices are: brand, brand_id, categorie, categorie_id, culori, data_adaugare, descriere, dimensiuni, furnizor, furnizor_id, id_produs, linii_comanda, nume, pret, reviewuri, stoc, stoc_disponibil, vizualizari
[ERROR] 2025-12-29 17:53:01,478 basehttp: "POST /cumpara/ HTTP/1.1" 500 130886
[ERROR] 2025-12-29 17:53:01,979 log: Internal Server Error: /cumpara/
Traceback (most recent call last):
  File "C:\Users\Andrei\Desktop\DJANGO\venv\Lib\site-packages\django\core\handlers\exception.py", line 55, in inner
    response = get_response(request)
  File "C:\Users\Andrei\Desktop\DJANGO\venv\Lib\site-packages\django\core\handlers\base.py", line 197, in _get_response
    response = wrapped_callback(request, *callback_args, **callback_kwargs)
  File "C:\Users\Andrei\Desktop\DJANGO\venv\Lib\site-packages\django\contrib\auth\decorators.py", line 59, in _view_wrapper
    return view_func(request, *args, **kwargs)
  File "C:\Users\Andrei\Desktop\DJANGO\ProiectDjango\aplicatie\views.py", line 1060, in cumpara_view
    produs = Produs.objects.get(id=produs_id)
  File "C:\Users\Andrei\Desktop\DJANGO\venv\Lib\site-packages\django\db\models\manager.py", line 87, in manager_method
    return getattr(self.get_queryset(), name)(*args, **kwargs)
           ~~~~~~~~~~~~~~~~~~~~~~~~~~~~~~~~~~^^^^^^^^^^^^^^^^^
  File "C:\Users\Andrei\Desktop\DJANGO\venv\Lib\site-packages\django\db\models\query.py", line 619, in get
    clone = self._chain() if self.query.combinator else self.filter(*args, **kwargs)
                                                        ~~~~~~~~~~~^^^^^^^^^^^^^^^^^
  File "C:\Users\Andrei\Desktop\DJANGO\venv\Lib\site-packages\django\db\models\query.py", line 1493, in filter
    return self._filter_or_exclude(False, args, kwargs)
           ~~~~~~~~~~~~~~~~~~~~~~~^^^^^^^^^^^^^^^^^^^^^
  File "C:\Users\Andrei\Desktop\DJANGO\venv\Lib\site-packages\django\db\models\query.py", line 1511, in _filter_or_exclude
    clone._filter_or_exclude_inplace(negate, args, kwargs)
    ~~~~~~~~~~~~~~~~~~~~~~~~~~~~~~~~^^^^^^^^^^^^^^^^^^^^^^
  File "C:\Users\Andrei\Desktop\DJANGO\venv\Lib\site-packages\django\db\models\query.py", line 1518, in _filter_or_exclude_inplace
    self._query.add_q(Q(*args, **kwargs))
    ~~~~~~~~~~~~~~~~~^^^^^^^^^^^^^^^^^^^^
  File "C:\Users\Andrei\Desktop\DJANGO\venv\Lib\site-packages\django\db\models\sql\query.py", line 1646, in add_q
    clause, _ = self._add_q(q_object, can_reuse)
                ~~~~~~~~~~~^^^^^^^^^^^^^^^^^^^^^
  File "C:\Users\Andrei\Desktop\DJANGO\venv\Lib\site-packages\django\db\models\sql\query.py", line 1678, in _add_q
    child_clause, needed_inner = self.build_filter(
                                 ~~~~~~~~~~~~~~~~~^
        child,
        ^^^^^^
    ...<7 lines>...
        update_join_types=update_join_types,
        ^^^^^^^^^^^^^^^^^^^^^^^^^^^^^^^^^^^^
    )
    ^
  File "C:\Users\Andrei\Desktop\DJANGO\venv\Lib\site-packages\django\db\models\sql\query.py", line 1526, in build_filter
    lookups, parts, reffed_expression = self.solve_lookup_type(arg, summarize)
                                        ~~~~~~~~~~~~~~~~~~~~~~^^^^^^^^^^^^^^^^
  File "C:\Users\Andrei\Desktop\DJANGO\venv\Lib\site-packages\django\db\models\sql\query.py", line 1333, in solve_lookup_type
    _, field, _, lookup_parts = self.names_to_path(lookup_splitted, self.get_meta())
                                ~~~~~~~~~~~~~~~~~~^^^^^^^^^^^^^^^^^^^^^^^^^^^^^^^^^^
  File "C:\Users\Andrei\Desktop\DJANGO\venv\Lib\site-packages\django\db\models\sql\query.py", line 1806, in names_to_path
    raise FieldError(
    ...<2 lines>...
    )
django.core.exceptions.FieldError: Cannot resolve keyword 'id' into field. Choices are: brand, brand_id, categorie, categorie_id, culori, data_adaugare, descriere, dimensiuni, furnizor, furnizor_id, id_produs, linii_comanda, nume, pret, reviewuri, stoc, stoc_disponibil, vizualizari
[ERROR] 2025-12-29 17:53:01,997 basehttp: "POST /cumpara/ HTTP/1.1" 500 130886
[ERROR] 2025-12-29 17:53:02,202 log: Internal Server Error: /cumpara/
Traceback (most recent call last):
  File "C:\Users\Andrei\Desktop\DJANGO\venv\Lib\site-packages\django\core\handlers\exception.py", line 55, in inner
    response = get_response(request)
  File "C:\Users\Andrei\Desktop\DJANGO\venv\Lib\site-packages\django\core\handlers\base.py", line 197, in _get_response
    response = wrapped_callback(request, *callback_args, **callback_kwargs)
  File "C:\Users\Andrei\Desktop\DJANGO\venv\Lib\site-packages\django\contrib\auth\decorators.py", line 59, in _view_wrapper
    return view_func(request, *args, **kwargs)
  File "C:\Users\Andrei\Desktop\DJANGO\ProiectDjango\aplicatie\views.py", line 1060, in cumpara_view
    produs = Produs.objects.get(id=produs_id)
  File "C:\Users\Andrei\Desktop\DJANGO\venv\Lib\site-packages\django\db\models\manager.py", line 87, in manager_method
    return getattr(self.get_queryset(), name)(*args, **kwargs)
           ~~~~~~~~~~~~~~~~~~~~~~~~~~~~~~~~~~^^^^^^^^^^^^^^^^^
  File "C:\Users\Andrei\Desktop\DJANGO\venv\Lib\site-packages\django\db\models\query.py", line 619, in get
    clone = self._chain() if self.query.combinator else self.filter(*args, **kwargs)
                                                        ~~~~~~~~~~~^^^^^^^^^^^^^^^^^
  File "C:\Users\Andrei\Desktop\DJANGO\venv\Lib\site-packages\django\db\models\query.py", line 1493, in filter
    return self._filter_or_exclude(False, args, kwargs)
           ~~~~~~~~~~~~~~~~~~~~~~~^^^^^^^^^^^^^^^^^^^^^
  File "C:\Users\Andrei\Desktop\DJANGO\venv\Lib\site-packages\django\db\models\query.py", line 1511, in _filter_or_exclude
    clone._filter_or_exclude_inplace(negate, args, kwargs)
    ~~~~~~~~~~~~~~~~~~~~~~~~~~~~~~~~^^^^^^^^^^^^^^^^^^^^^^
  File "C:\Users\Andrei\Desktop\DJANGO\venv\Lib\site-packages\django\db\models\query.py", line 1518, in _filter_or_exclude_inplace
    self._query.add_q(Q(*args, **kwargs))
    ~~~~~~~~~~~~~~~~~^^^^^^^^^^^^^^^^^^^^
  File "C:\Users\Andrei\Desktop\DJANGO\venv\Lib\site-packages\django\db\models\sql\query.py", line 1646, in add_q
    clause, _ = self._add_q(q_object, can_reuse)
                ~~~~~~~~~~~^^^^^^^^^^^^^^^^^^^^^
  File "C:\Users\Andrei\Desktop\DJANGO\venv\Lib\site-packages\django\db\models\sql\query.py", line 1678, in _add_q
    child_clause, needed_inner = self.build_filter(
                                 ~~~~~~~~~~~~~~~~~^
        child,
        ^^^^^^
    ...<7 lines>...
        update_join_types=update_join_types,
        ^^^^^^^^^^^^^^^^^^^^^^^^^^^^^^^^^^^^
    )
    ^
  File "C:\Users\Andrei\Desktop\DJANGO\venv\Lib\site-packages\django\db\models\sql\query.py", line 1526, in build_filter
    lookups, parts, reffed_expression = self.solve_lookup_type(arg, summarize)
                                        ~~~~~~~~~~~~~~~~~~~~~~^^^^^^^^^^^^^^^^
  File "C:\Users\Andrei\Desktop\DJANGO\venv\Lib\site-packages\django\db\models\sql\query.py", line 1333, in solve_lookup_type
    _, field, _, lookup_parts = self.names_to_path(lookup_splitted, self.get_meta())
                                ~~~~~~~~~~~~~~~~~~^^^^^^^^^^^^^^^^^^^^^^^^^^^^^^^^^^
  File "C:\Users\Andrei\Desktop\DJANGO\venv\Lib\site-packages\django\db\models\sql\query.py", line 1806, in names_to_path
    raise FieldError(
    ...<2 lines>...
    )
django.core.exceptions.FieldError: Cannot resolve keyword 'id' into field. Choices are: brand, brand_id, categorie, categorie_id, culori, data_adaugare, descriere, dimensiuni, furnizor, furnizor_id, id_produs, linii_comanda, nume, pret, reviewuri, stoc, stoc_disponibil, vizualizari
[ERROR] 2025-12-29 17:53:02,212 basehttp: "POST /cumpara/ HTTP/1.1" 500 130886
[WARNING] 2025-12-29 17:53:50,868 log: Not Found: /.well-known/appspecific/com.chrome.devtools.json
[WARNING] 2025-12-29 17:53:50,872 basehttp: "GET /.well-known/appspecific/com.chrome.devtools.json HTTP/1.1" 404 9533
[ERROR] 2025-12-29 17:54:05,447 log: Internal Server Error: /cumpara/
Traceback (most recent call last):
  File "C:\Users\Andrei\Desktop\DJANGO\venv\Lib\site-packages\django\core\handlers\exception.py", line 55, in inner
    response = get_response(request)
  File "C:\Users\Andrei\Desktop\DJANGO\venv\Lib\site-packages\django\core\handlers\base.py", line 197, in _get_response
    response = wrapped_callback(request, *callback_args, **callback_kwargs)
  File "C:\Users\Andrei\Desktop\DJANGO\venv\Lib\site-packages\django\contrib\auth\decorators.py", line 59, in _view_wrapper
    return view_func(request, *args, **kwargs)
  File "C:\Users\Andrei\Desktop\DJANGO\ProiectDjango\aplicatie\views.py", line 1060, in cumpara_view
    produs = Produs.objects.get(id=produs_id)
  File "C:\Users\Andrei\Desktop\DJANGO\venv\Lib\site-packages\django\db\models\manager.py", line 87, in manager_method
    return getattr(self.get_queryset(), name)(*args, **kwargs)
           ~~~~~~~~~~~~~~~~~~~~~~~~~~~~~~~~~~^^^^^^^^^^^^^^^^^
  File "C:\Users\Andrei\Desktop\DJANGO\venv\Lib\site-packages\django\db\models\query.py", line 619, in get
    clone = self._chain() if self.query.combinator else self.filter(*args, **kwargs)
                                                        ~~~~~~~~~~~^^^^^^^^^^^^^^^^^
  File "C:\Users\Andrei\Desktop\DJANGO\venv\Lib\site-packages\django\db\models\query.py", line 1493, in filter
    return self._filter_or_exclude(False, args, kwargs)
           ~~~~~~~~~~~~~~~~~~~~~~~^^^^^^^^^^^^^^^^^^^^^
  File "C:\Users\Andrei\Desktop\DJANGO\venv\Lib\site-packages\django\db\models\query.py", line 1511, in _filter_or_exclude
    clone._filter_or_exclude_inplace(negate, args, kwargs)
    ~~~~~~~~~~~~~~~~~~~~~~~~~~~~~~~~^^^^^^^^^^^^^^^^^^^^^^
  File "C:\Users\Andrei\Desktop\DJANGO\venv\Lib\site-packages\django\db\models\query.py", line 1518, in _filter_or_exclude_inplace
    self._query.add_q(Q(*args, **kwargs))
    ~~~~~~~~~~~~~~~~~^^^^^^^^^^^^^^^^^^^^
  File "C:\Users\Andrei\Desktop\DJANGO\venv\Lib\site-packages\django\db\models\sql\query.py", line 1646, in add_q
    clause, _ = self._add_q(q_object, can_reuse)
                ~~~~~~~~~~~^^^^^^^^^^^^^^^^^^^^^
  File "C:\Users\Andrei\Desktop\DJANGO\venv\Lib\site-packages\django\db\models\sql\query.py", line 1678, in _add_q
    child_clause, needed_inner = self.build_filter(
                                 ~~~~~~~~~~~~~~~~~^
        child,
        ^^^^^^
    ...<7 lines>...
        update_join_types=update_join_types,
        ^^^^^^^^^^^^^^^^^^^^^^^^^^^^^^^^^^^^
    )
    ^
  File "C:\Users\Andrei\Desktop\DJANGO\venv\Lib\site-packages\django\db\models\sql\query.py", line 1526, in build_filter
    lookups, parts, reffed_expression = self.solve_lookup_type(arg, summarize)
                                        ~~~~~~~~~~~~~~~~~~~~~~^^^^^^^^^^^^^^^^
  File "C:\Users\Andrei\Desktop\DJANGO\venv\Lib\site-packages\django\db\models\sql\query.py", line 1333, in solve_lookup_type
    _, field, _, lookup_parts = self.names_to_path(lookup_splitted, self.get_meta())
                                ~~~~~~~~~~~~~~~~~~^^^^^^^^^^^^^^^^^^^^^^^^^^^^^^^^^^
  File "C:\Users\Andrei\Desktop\DJANGO\venv\Lib\site-packages\django\db\models\sql\query.py", line 1806, in names_to_path
    raise FieldError(
    ...<2 lines>...
    )
django.core.exceptions.FieldError: Cannot resolve keyword 'id' into field. Choices are: brand, brand_id, categorie, categorie_id, culori, data_adaugare, descriere, dimensiuni, furnizor, furnizor_id, id_produs, linii_comanda, nume, pret, reviewuri, stoc, stoc_disponibil, vizualizari
[ERROR] 2025-12-29 17:54:05,458 basehttp: "POST /cumpara/ HTTP/1.1" 500 131171
[ERROR] 2025-12-29 17:55:17,840 log: Internal Server Error: /cumpara/
Traceback (most recent call last):
  File "C:\Users\Andrei\Desktop\DJANGO\venv\Lib\site-packages\django\core\handlers\exception.py", line 55, in inner
    response = get_response(request)
  File "C:\Users\Andrei\Desktop\DJANGO\venv\Lib\site-packages\django\core\handlers\base.py", line 197, in _get_response
    response = wrapped_callback(request, *callback_args, **callback_kwargs)
  File "C:\Users\Andrei\Desktop\DJANGO\venv\Lib\site-packages\django\contrib\auth\decorators.py", line 59, in _view_wrapper
    return view_func(request, *args, **kwargs)
  File "C:\Users\Andrei\Desktop\DJANGO\ProiectDjango\aplicatie\views.py", line 1060, in cumpara_view
    produs = Produs.objects.get(id=produs_id)
  File "C:\Users\Andrei\Desktop\DJANGO\venv\Lib\site-packages\django\db\models\manager.py", line 87, in manager_method
    return getattr(self.get_queryset(), name)(*args, **kwargs)
           ~~~~~~~~~~~~~~~~~~~~~~~~~~~~~~~~~~^^^^^^^^^^^^^^^^^
  File "C:\Users\Andrei\Desktop\DJANGO\venv\Lib\site-packages\django\db\models\query.py", line 619, in get
    clone = self._chain() if self.query.combinator else self.filter(*args, **kwargs)
                                                        ~~~~~~~~~~~^^^^^^^^^^^^^^^^^
  File "C:\Users\Andrei\Desktop\DJANGO\venv\Lib\site-packages\django\db\models\query.py", line 1493, in filter
    return self._filter_or_exclude(False, args, kwargs)
           ~~~~~~~~~~~~~~~~~~~~~~~^^^^^^^^^^^^^^^^^^^^^
  File "C:\Users\Andrei\Desktop\DJANGO\venv\Lib\site-packages\django\db\models\query.py", line 1511, in _filter_or_exclude
    clone._filter_or_exclude_inplace(negate, args, kwargs)
    ~~~~~~~~~~~~~~~~~~~~~~~~~~~~~~~~^^^^^^^^^^^^^^^^^^^^^^
  File "C:\Users\Andrei\Desktop\DJANGO\venv\Lib\site-packages\django\db\models\query.py", line 1518, in _filter_or_exclude_inplace
    self._query.add_q(Q(*args, **kwargs))
    ~~~~~~~~~~~~~~~~~^^^^^^^^^^^^^^^^^^^^
  File "C:\Users\Andrei\Desktop\DJANGO\venv\Lib\site-packages\django\db\models\sql\query.py", line 1646, in add_q
    clause, _ = self._add_q(q_object, can_reuse)
                ~~~~~~~~~~~^^^^^^^^^^^^^^^^^^^^^
  File "C:\Users\Andrei\Desktop\DJANGO\venv\Lib\site-packages\django\db\models\sql\query.py", line 1678, in _add_q
    child_clause, needed_inner = self.build_filter(
                                 ~~~~~~~~~~~~~~~~~^
        child,
        ^^^^^^
    ...<7 lines>...
        update_join_types=update_join_types,
        ^^^^^^^^^^^^^^^^^^^^^^^^^^^^^^^^^^^^
    )
    ^
  File "C:\Users\Andrei\Desktop\DJANGO\venv\Lib\site-packages\django\db\models\sql\query.py", line 1526, in build_filter
    lookups, parts, reffed_expression = self.solve_lookup_type(arg, summarize)
                                        ~~~~~~~~~~~~~~~~~~~~~~^^^^^^^^^^^^^^^^
  File "C:\Users\Andrei\Desktop\DJANGO\venv\Lib\site-packages\django\db\models\sql\query.py", line 1333, in solve_lookup_type
    _, field, _, lookup_parts = self.names_to_path(lookup_splitted, self.get_meta())
                                ~~~~~~~~~~~~~~~~~~^^^^^^^^^^^^^^^^^^^^^^^^^^^^^^^^^^
  File "C:\Users\Andrei\Desktop\DJANGO\venv\Lib\site-packages\django\db\models\sql\query.py", line 1806, in names_to_path
    raise FieldError(
    ...<2 lines>...
    )
django.core.exceptions.FieldError: Cannot resolve keyword 'id' into field. Choices are: brand, brand_id, categorie, categorie_id, culori, data_adaugare, descriere, dimensiuni, furnizor, furnizor_id, id_produs, linii_comanda, nume, pret, reviewuri, stoc, stoc_disponibil, vizualizari
[ERROR] 2025-12-29 17:55:17,850 basehttp: "POST /cumpara/ HTTP/1.1" 500 131171
[WARNING] 2025-12-29 18:00:22,181 log: Not Found: /.well-known/appspecific/com.chrome.devtools.json
[WARNING] 2025-12-29 18:00:22,183 basehttp: "GET /.well-known/appspecific/com.chrome.devtools.json HTTP/1.1" 404 9533
[WARNING] 2025-12-29 18:00:23,670 log: Not Found: /.well-known/appspecific/com.chrome.devtools.json
[WARNING] 2025-12-29 18:00:23,673 basehttp: "GET /.well-known/appspecific/com.chrome.devtools.json HTTP/1.1" 404 9533
[WARNING] 2025-12-29 18:00:30,660 log: Not Found: /.well-known/appspecific/com.chrome.devtools.json
[WARNING] 2025-12-29 18:00:30,662 basehttp: "GET /.well-known/appspecific/com.chrome.devtools.json HTTP/1.1" 404 9533
[ERROR] 2025-12-29 18:00:34,245 log: Internal Server Error: /cumpara/
Traceback (most recent call last):
  File "C:\Users\Andrei\Desktop\DJANGO\venv\Lib\site-packages\django\core\handlers\exception.py", line 55, in inner
    response = get_response(request)
  File "C:\Users\Andrei\Desktop\DJANGO\venv\Lib\site-packages\django\core\handlers\base.py", line 197, in _get_response
    response = wrapped_callback(request, *callback_args, **callback_kwargs)
  File "C:\Users\Andrei\Desktop\DJANGO\venv\Lib\site-packages\django\contrib\auth\decorators.py", line 59, in _view_wrapper
    return view_func(request, *args, **kwargs)
  File "C:\Users\Andrei\Desktop\DJANGO\ProiectDjango\aplicatie\views.py", line 1075, in cumpara_view
    pdf_path = genereaza_factura(request.user, comanda, total, total_produse)
  File "C:\Users\Andrei\Desktop\DJANGO\ProiectDjango\aplicatie\utils.py", line 27, in genereaza_factura
    for item in comanda.items.all():
                ^^^^^^^^^^^^^
AttributeError: 'Comanda' object has no attribute 'items'
[ERROR] 2025-12-29 18:00:34,251 basehttp: "POST /cumpara/ HTTP/1.1" 500 84592
[WARNING] 2025-12-29 18:04:13,353 log: Not Found: /.well-known/appspecific/com.chrome.devtools.json
[WARNING] 2025-12-29 18:04:13,354 basehttp: "GET /.well-known/appspecific/com.chrome.devtools.json HTTP/1.1" 404 9533
[WARNING] 2025-12-29 18:04:15,585 log: Not Found: /.well-known/appspecific/com.chrome.devtools.json
[WARNING] 2025-12-29 18:04:15,588 basehttp: "GET /.well-known/appspecific/com.chrome.devtools.json HTTP/1.1" 404 9533
[WARNING] 2025-12-29 18:05:54,392 log: Not Found: /.well-known/appspecific/com.chrome.devtools.json
[WARNING] 2025-12-29 18:05:54,393 basehttp: "GET /.well-known/appspecific/com.chrome.devtools.json HTTP/1.1" 404 9533
[WARNING] 2025-12-29 18:05:55,468 log: Not Found: /.well-known/appspecific/com.chrome.devtools.json
[WARNING] 2025-12-29 18:05:55,469 basehttp: "GET /.well-known/appspecific/com.chrome.devtools.json HTTP/1.1" 404 9533
[ERROR] 2025-12-29 18:05:58,695 log: Internal Server Error: /cumpara/
Traceback (most recent call last):
  File "C:\Users\Andrei\Desktop\DJANGO\venv\Lib\site-packages\django\core\handlers\exception.py", line 55, in inner
    response = get_response(request)
  File "C:\Users\Andrei\Desktop\DJANGO\venv\Lib\site-packages\django\core\handlers\base.py", line 197, in _get_response
    response = wrapped_callback(request, *callback_args, **callback_kwargs)
  File "C:\Users\Andrei\Desktop\DJANGO\venv\Lib\site-packages\django\contrib\auth\decorators.py", line 59, in _view_wrapper
    return view_func(request, *args, **kwargs)
  File "C:\Users\Andrei\Desktop\DJANGO\ProiectDjango\aplicatie\views.py", line 1075, in cumpara_view
    pdf_path = genereaza_factura(request.user, comanda, total, total_produse)
  File "C:\Users\Andrei\Desktop\DJANGO\ProiectDjango\aplicatie\utils.py", line 27, in genereaza_factura
    for item in comanda.items.all():
                ^^^^^^^^^^^^^
AttributeError: 'Comanda' object has no attribute 'items'
[ERROR] 2025-12-29 18:05:58,700 basehttp: "POST /cumpara/ HTTP/1.1" 500 84592
[WARNING] 2025-12-29 18:06:04,518 log: Not Found: /.well-known/appspecific/com.chrome.devtools.json
[WARNING] 2025-12-29 18:06:04,522 basehttp: "GET /.well-known/appspecific/com.chrome.devtools.json HTTP/1.1" 404 9533
[WARNING] 2025-12-29 18:06:06,345 log: Not Found: /.well-known/appspecific/com.chrome.devtools.json
[WARNING] 2025-12-29 18:06:06,349 basehttp: "GET /.well-known/appspecific/com.chrome.devtools.json HTTP/1.1" 404 9533
[WARNING] 2025-12-29 18:06:10,179 log: Not Found: /.well-known/appspecific/com.chrome.devtools.json
[WARNING] 2025-12-29 18:06:10,185 basehttp: "GET /.well-known/appspecific/com.chrome.devtools.json HTTP/1.1" 404 9533
[WARNING] 2025-12-29 18:06:13,755 log: Not Found: /.well-known/appspecific/com.chrome.devtools.json
[WARNING] 2025-12-29 18:06:13,758 basehttp: "GET /.well-known/appspecific/com.chrome.devtools.json HTTP/1.1" 404 9533
[WARNING] 2025-12-29 18:08:21,362 log: Not Found: /.well-known/appspecific/com.chrome.devtools.json
[WARNING] 2025-12-29 18:08:21,365 basehttp: "GET /.well-known/appspecific/com.chrome.devtools.json HTTP/1.1" 404 9533
[WARNING] 2025-12-29 18:08:31,622 log: Not Found: /.well-known/appspecific/com.chrome.devtools.json
[WARNING] 2025-12-29 18:08:31,624 basehttp: "GET /.well-known/appspecific/com.chrome.devtools.json HTTP/1.1" 404 9533
[ERROR] 2025-12-29 18:10:18,906 log: Internal Server Error: /cumpara/
Traceback (most recent call last):
  File "C:\Users\Andrei\Desktop\DJANGO\venv\Lib\site-packages\django\core\handlers\exception.py", line 55, in inner
    response = get_response(request)
  File "C:\Users\Andrei\Desktop\DJANGO\venv\Lib\site-packages\django\core\handlers\base.py", line 197, in _get_response
    response = wrapped_callback(request, *callback_args, **callback_kwargs)
  File "C:\Users\Andrei\Desktop\DJANGO\venv\Lib\site-packages\django\contrib\auth\decorators.py", line 59, in _view_wrapper
    return view_func(request, *args, **kwargs)
  File "C:\Users\Andrei\Desktop\DJANGO\ProiectDjango\aplicatie\views.py", line 1075, in cumpara_view
    pdf_path = genereaza_factura(request.user, comanda, total, total_produse)
  File "C:\Users\Andrei\Desktop\DJANGO\ProiectDjango\aplicatie\utils.py", line 27, in genereaza_factura
    for item in comanda.items.all():
                ^^^^^^^^^^^^^
AttributeError: 'Comanda' object has no attribute 'items'
[ERROR] 2025-12-29 18:10:18,911 basehttp: "POST /cumpara/ HTTP/1.1" 500 84322
[ERROR] 2025-12-29 18:10:37,724 log: Internal Server Error: /cumpara/
Traceback (most recent call last):
  File "C:\Users\Andrei\Desktop\DJANGO\venv\Lib\site-packages\django\core\handlers\exception.py", line 55, in inner
    response = get_response(request)
  File "C:\Users\Andrei\Desktop\DJANGO\venv\Lib\site-packages\django\core\handlers\base.py", line 197, in _get_response
    response = wrapped_callback(request, *callback_args, **callback_kwargs)
  File "C:\Users\Andrei\Desktop\DJANGO\venv\Lib\site-packages\django\contrib\auth\decorators.py", line 59, in _view_wrapper
    return view_func(request, *args, **kwargs)
  File "C:\Users\Andrei\Desktop\DJANGO\ProiectDjango\aplicatie\views.py", line 1075, in cumpara_view
    pdf_path = genereaza_factura(request.user, comanda, total, total_produse)
  File "C:\Users\Andrei\Desktop\DJANGO\ProiectDjango\aplicatie\utils.py", line 27, in genereaza_factura
    for item in comanda.items.all():
                ^^^^^^^^^^^^^
AttributeError: 'Comanda' object has no attribute 'items'
[ERROR] 2025-12-29 18:10:37,728 basehttp: "POST /cumpara/ HTTP/1.1" 500 84324
[ERROR] 2025-12-29 18:14:13,078 log: Internal Server Error: /cumpara/
[ERROR] 2025-12-29 18:14:13,080 basehttp: "POST /cumpara/ HTTP/1.1" 500 75
[ERROR] 2025-12-29 18:18:49,752 log: Internal Server Error: /cumpara/
[ERROR] 2025-12-29 18:18:49,754 basehttp: "POST /cumpara/ HTTP/1.1" 500 75
[ERROR] 2025-12-29 18:21:24,104 log: Internal Server Error: /cumpara/
[ERROR] 2025-12-29 18:21:24,106 basehttp: "POST /cumpara/ HTTP/1.1" 500 75
[WARNING] 2026-01-05 14:10:40,555 log: Not Found: /favicon.ico
[WARNING] 2026-01-05 14:10:40,556 basehttp: "GET /favicon.ico HTTP/1.1" 404 9422
[WARNING] 2026-01-05 14:11:08,659 log: Not Found: /produs/2/
[WARNING] 2026-01-05 14:11:08,661 basehttp: "GET /produs/2/ HTTP/1.1" 404 9416
[WARNING] 2026-01-05 14:15:07,731 log: Not Found: /produs/2/
[WARNING] 2026-01-05 14:15:07,733 basehttp: "GET /produs/2/ HTTP/1.1" 404 9416
[WARNING] 2026-01-05 14:15:21,052 log: Not Found: /produs/2/
[WARNING] 2026-01-05 14:15:21,054 basehttp: "GET /produs/2/ HTTP/1.1" 404 9416
[WARNING] 2026-01-05 14:16:24,963 log: Not Found: /produs/2/
[WARNING] 2026-01-05 14:16:24,964 basehttp: "GET /produs/2/ HTTP/1.1" 404 9416
[WARNING] 2026-01-05 14:16:36,921 log: Not Found: /produs/2/
[WARNING] 2026-01-05 14:16:36,922 basehttp: "GET /produs/2/ HTTP/1.1" 404 9416
[WARNING] 2026-01-05 14:16:45,328 log: Not Found: /produs/2/
[WARNING] 2026-01-05 14:16:45,330 basehttp: "GET /produs/2/ HTTP/1.1" 404 9416
[WARNING] 2026-01-05 14:17:29,581 log: Not Found: /produs/2/
[WARNING] 2026-01-05 14:17:29,582 basehttp: "GET /produs/2/ HTTP/1.1" 404 9416
[WARNING] 2026-01-05 14:18:01,179 log: Not Found: /produs/4/
[WARNING] 2026-01-05 14:18:01,181 basehttp: "GET /produs/4/ HTTP/1.1" 404 9416
[WARNING] 2026-01-05 14:18:14,997 log: Not Found: /.well-known/appspecific/com.chrome.devtools.json
[WARNING] 2026-01-05 14:18:14,998 basehttp: "GET /.well-known/appspecific/com.chrome.devtools.json HTTP/1.1" 404 9533
[WARNING] 2026-01-05 14:18:29,306 log: Not Found: /.well-known/appspecific/com.chrome.devtools.json
[WARNING] 2026-01-05 14:18:29,308 basehttp: "GET /.well-known/appspecific/com.chrome.devtools.json HTTP/1.1" 404 9533
[WARNING] 2026-01-06 14:49:26,400 log: Not Found: /favicon.ico
[WARNING] 2026-01-06 14:49:26,401 basehttp: "GET /favicon.ico HTTP/1.1" 404 9422
[WARNING] 2026-01-07 17:47:50,091 log: Not Found: /favicon.ico
[WARNING] 2026-01-07 17:47:50,093 basehttp: "GET /favicon.ico HTTP/1.1" 404 9422
